<?xml version="1.0" encoding="UTF-8"?>
<testsuite name="TestBoardSetup" tests="1" time="104.637236" failures="0" errors="0" skipped="0" assertions="0" timestamp="2016-03-04T16:11:58-03:00">
  <testcase name="test_board_setup_tc1050" time="104.636653" assertions="0">
  </testcase>
  <system-out>

main

displayed
.//*[@id='bodyCell']/div[3]/div[1]/div/div[2]/table/tbody/tr[2]/th/a
click
displayed
.//*[@id='topButtonRow']/input[1]
click
checked
((.//*[@class='detailList'])[1])/tbody/tr[6]/td[1]//*[@type='checkbox'][@checked='checked']
checked
((.//*[@class='detailList'])[1])/tbody/tr[7]/td[1]//*[@type='checkbox'][@checked='checked']
checked
((.//*[@class='detailList'])[1])/tbody/tr[8]/td[1]//*[@type='checkbox'][@checked='checked']
checked
((.//*[@class='detailList'])[1])/tbody/tr[9]/td[1]//*[@type='checkbox'][@checked='checked']
checked
((.//*[@class='detailList'])[1])/tbody/tr[8]/td[2]//*[@type='checkbox'][@checked='checked']
click

main

displayed
.//*[@id='js-menu-register']/a
click
displayed
.//*[@id='j_id0:j_id1:atsForm:email']
set_text
set_text
set_text
set_text_exist
error in set_text_exist
click
displayed
.//*[@id='atsApplicationSubmittedMain'][text()[contains(.,'You have successfully registered')]]
  </system-out>
</testsuite>
