<?xml version="1.0" encoding="UTF-8"?>
<testsuite name="TestQuestionSets" tests="1" time="97.121039" failures="0" errors="0" skipped="0" assertions="1" timestamp="2016-03-04T14:22:06-03:00">
  <testcase name="test_QuestionSetHandlerAlways" time="97.120679" assertions="1">
  </testcase>
</testsuite>
