<?xml version="1.0" encoding="UTF-8"?>
<testsuite name="TestActionsOnListView" tests="1" time="36.138696" failures="0" errors="0" skipped="0" assertions="1" timestamp="2016-03-02T16:47:05-03:00">
  <testcase name="test_CreateNewContact" time="36.138234" assertions="1">
  </testcase>
  <system-out>

main

displayed
click
displayed
set_text
click
displayed
set_text
click
displayed
  </system-out>
  <system-err>
/Users/admin/.rvm/gems/ruby-2.2.1/gems/selenium-webdriver-2.52.0/lib/selenium/webdriver/common/platform.rb:158: warning: Insecure world writable dir /usr/bin in PATH, mode 040777
  </system-err>
</testsuite>
