<?xml version="1.0" encoding="UTF-8"?>
<testsuite name="TestJobBoard" tests="4" time="423.114408" failures="0" errors="0" skipped="0" assertions="0" timestamp="2016-03-14T19:14:40-03:00">
  <testcase name="test_job_board_tc64" time="98.540711" assertions="0">
  </testcase>
  <testcase name="test_job_board_tc65" time="122.779729" assertions="0">
  </testcase>
  <testcase name="test_job_board_tc66" time="136.324677" assertions="0">
  </testcase>
  <testcase name="test_job_board_tc868" time="65.467755" assertions="0">
  </testcase>
  <system-out>

main

displayed
click
displayed
click
displayed
set_text
set_text
set_text
click
displayed

main

displayed
set_text
click
displayed

main

displayed
click
displayed
click
displayed
checked
Error
set_text
set_text
set_text
click
displayed

main

not displayed
displayed
set_text
click
displayed

main

displayed
click
displayed
click
displayed
checked
set_text
set_text
set_text
click
displayed

main

displayed
set_text
click
  </system-out>
</testsuite>
