<?xml version="1.0" encoding="UTF-8"?>
<testsuite name="TestQuestionSets" tests="1" time="105.455146" failures="0" errors="0" skipped="0" assertions="6" timestamp="2016-03-04T17:00:02-03:00">
  <testcase name="test_VerifyQuestionSetJobBoard" time="105.454808" assertions="6">
  </testcase>
</testsuite>
