<?xml version="1.0" encoding="UTF-8"?>
<testsuite name="TestBoardSetup" tests="1" time="85.992766" failures="0" errors="0" skipped="0" assertions="0" timestamp="2016-03-04T16:07:26-03:00">
  <testcase name="test_board_setup_tc1049" time="85.992255" assertions="0">
  </testcase>
  <system-out>

main

displayed
.//*[@id='topButtonRow']/input[1]
click
unchecked
((.//*[@class='detailList'])[1])/tbody/tr[6]/td[1]//*[@type='checkbox'][not (@checked='checked')]
checked
((.//*[@class='detailList'])[1])/tbody/tr[7]/td[1]//*[@type='checkbox'][@checked='checked']
checked
((.//*[@class='detailList'])[1])/tbody/tr[8]/td[1]//*[@type='checkbox'][@checked='checked']
checked
((.//*[@class='detailList'])[1])/tbody/tr[9]/td[1]//*[@type='checkbox'][@checked='checked']
checked
((.//*[@class='detailList'])[1])/tbody/tr[8]/td[2]//*[@type='checkbox'][@checked='checked']
click

main

displayed
.//*[@id='js-menu-register']/a
click
displayed
.//*[@id='j_id0:j_id1:atsForm:email']
set_text
set_text
set_text
click
displayed
.//*[@value='Continue']
click
  </system-out>
</testsuite>
