<?xml version="1.0" encoding="UTF-8"?>
<testsuite name="TestQuestionSets" tests="1" time="93.570351" failures="0" errors="0" skipped="0" assertions="6" timestamp="2016-03-04T14:09:28-03:00">
  <testcase name="test_VerifyQuestionSetJobBoard" time="93.570017" assertions="6">
  </testcase>
</testsuite>
