<?xml version="1.0" encoding="UTF-8"?>
<testsuite name="TestQuestionSets" tests="1" time="18.092766" failures="0" errors="0" skipped="0" assertions="1" timestamp="2016-03-04T16:02:54-03:00">
  <testcase name="test_NewQuestionSetsErrors" time="18.092428" assertions="1">
  </testcase>
</testsuite>
