<?xml version="1.0" encoding="UTF-8"?>
<testsuite name="TestActionsOnListView" tests="1" time="103.269787" failures="0" errors="0" skipped="0" assertions="1" timestamp="2016-03-02T16:48:21-03:00">
  <testcase name="test_CreateNewContact" time="103.268864" assertions="1">
  </testcase>
  <system-out>

main

displayed
click
displayed
set_text
click
displayed
set_text
click
displayed
  </system-out>
</testsuite>
