<?xml version="1.0" encoding="UTF-8"?>
<testsuite name="TestLogin" tests="1" time="21.724416" failures="0" errors="0" skipped="0" assertions="2" timestamp="2016-02-01T16:18:34-03:00">
  <testcase name="test_login_logout_ok" time="21.723451" assertions="2">
  </testcase>
</testsuite>
