<?xml version="1.0" encoding="UTF-8"?>
<testsuite name="TestBoardSetup" tests="1" time="124.924149" failures="0" errors="0" skipped="0" assertions="0" timestamp="2016-03-04T11:36:53-03:00">
  <testcase name="test_board_setup_tc1040" time="124.923269" assertions="0">
  </testcase>
</testsuite>
