<?xml version="1.0" encoding="UTF-8"?>
<testsuite name="TestBoardSetup" tests="1" time="43.882087" failures="0" errors="0" skipped="0" assertions="0" timestamp="2016-02-17T19:21:56-03:00">
  <testcase name="test_board_setup_tc1040" time="43.881138" assertions="0">
  </testcase>
</testsuite>
