<?xml version="1.0" encoding="UTF-8"?>
<testsuite name="TestBoardSetup" tests="1" time="104.630006" failures="0" errors="0" skipped="0" assertions="0" timestamp="2016-03-04T16:42:18-03:00">
  <testcase name="test_board_setup_tc1056" time="104.629439" assertions="0">
  </testcase>
  <system-out>

main

displayed
.//*[@id='bodyCell']/div[3]/div[1]/div/div[2]/table/tbody/tr[2]/th/a
click
displayed
.//*[@id='topButtonRow']/input[1]
click
set_text
click
displayed
.//*[@id='topButtonRow']/input[1]
  </system-out>
</testsuite>
