<?xml version="1.0" encoding="UTF-8"?>
<testsuite name="TestQuestionSets" tests="1" time="96.547744" failures="0" errors="0" skipped="0" assertions="1" timestamp="2016-03-04T14:55:37-03:00">
  <testcase name="test_QuestionSetHandlerOmit" time="96.547444" assertions="1">
  </testcase>
</testsuite>
