<?xml version="1.0" encoding="UTF-8"?>
<testsuite name="TestBoardSetup" tests="1" time="41.11232" failures="0" errors="0" skipped="0" assertions="0" timestamp="2016-03-04T16:33:20-03:00">
  <testcase name="test_board_setup_tc1052" time="41.111853" assertions="0">
  </testcase>
  <system-out>

main

displayed
.//*[@id='js-menu-register']/a
click
displayed
.//*[@id='j_id0:j_id1:atsForm:email']
set_text
set_text
set_text
set_text_exist
error in set_text_exist
click
displayed
.//*[@id='atsApplicationSubmittedMain'][text()[contains(.,'You have successfully registered')]]
  </system-out>
</testsuite>
