<?xml version="1.0" encoding="UTF-8"?>
<testsuite name="TestBoardSetup" tests="1" time="54.89231" failures="0" errors="0" skipped="0" assertions="1" timestamp="2016-03-04T16:34:31-03:00">
  <testcase name="test_board_setup_tc1053" time="54.891666" assertions="1">
  </testcase>
  <system-out>

main

displayed
.//*[@id='bodyCell']/div[3]/div[1]/div/div[2]/table/tbody/tr[3]/th/a
click
displayed
.//*[@id='topButtonRow']/input[1]
click
set_text
set_text
set_text
click
  </system-out>
</testsuite>
