<?xml version="1.0" encoding="UTF-8"?>
<testsuite name="TestQuestionSets" tests="1" time="101.169414" failures="0" errors="0" skipped="0" assertions="1" timestamp="2016-03-04T14:27:08-03:00">
  <testcase name="test_QuestionSetHandlerAlways" time="101.169116" assertions="1">
  </testcase>
</testsuite>
