<?xml version="1.0" encoding="UTF-8"?>
<testsuite name="TestQuestionSets" tests="1" time="41.687648" failures="0" errors="0" skipped="0" assertions="1" timestamp="2016-03-04T15:01:39-03:00">
  <testcase name="test_QuestionSetBuilder" time="41.687152" assertions="1">
  </testcase>
</testsuite>
