<?xml version="1.0" encoding="UTF-8"?>
<testsuite name="TestQuestionSets" tests="1" time="94.16944" failures="0" errors="0" skipped="0" assertions="6" timestamp="2016-03-04T15:54:30-03:00">
  <testcase name="test_VerifyQuestionSetJobBoard" time="94.169063" assertions="6">
  </testcase>
</testsuite>
