<?xml version="1.0" encoding="UTF-8"?>
<testsuite name="TestBoardSetup" tests="1" time="126.949752" failures="0" errors="1" skipped="0" assertions="0" timestamp="2016-03-04T16:55:25-03:00">
  <testcase name="test_board_setup_tc1057" time="126.949372" assertions="0">
    <error type="Selenium::WebDriver::Error::TimeOutError" message="timed out after 30 seconds (Unable to locate element: {&quot;method&quot;:&quot;xpath&quot;,&quot;selector&quot;:&quot;.//*[@id='j_id0:j_id1:atsForm:atsSearchResultsTable:j_id82:3:j_id86']&quot;})">
timed out after 30 seconds (Unable to locate element: {"method":"xpath","selector":".//*[@id='j_id0:j_id1:atsForm:atsSearchResultsTable:j_id82:3:j_id86']"}) (Selenium::WebDriver::Error::TimeOutError)
/Library/Ruby/Gems/2.0.0/gems/selenium-webdriver-2.52.0/lib/selenium/webdriver/common/wait.rb:76:in `until'
/Users/admin/Desktop/automations_jobscience/jobscience/lib/New_Automation/tests/common.rb:87:in `displayed'
/Users/admin/Desktop/automations_jobscience/jobscience/lib/New_Automation/tests/common.rb:270:in `block in main'
/Users/admin/Desktop/automations_jobscience/jobscience/lib/New_Automation/tests/common.rb:263:in `each'
/Users/admin/Desktop/automations_jobscience/jobscience/lib/New_Automation/tests/common.rb:263:in `main'
/Users/admin/Desktop/automations_jobscience/jobscience/lib/New_Automation/tests/test_board_setup.rb:645:in `test_board_setup_tc1057'
/Library/Ruby/Gems/2.0.0/gems/test-unit-2.5.5/lib/test/unit/testcase.rb:691:in `run_test'
/Library/Ruby/Gems/2.0.0/gems/test-unit-2.5.5/lib/test/unit/testcase.rb:431:in `run'
/Library/Ruby/Gems/2.0.0/gems/test-unit-2.5.5/lib/test/unit/testsuite.rb:121:in `run_test'
/Library/Ruby/Gems/2.0.0/gems/test-unit-2.5.5/lib/test/unit/testsuite.rb:53:in `run'
/Library/Ruby/Gems/2.0.0/gems/test-unit-2.5.5/lib/test/unit/testsuite.rb:121:in `run_test'
/Library/Ruby/Gems/2.0.0/gems/test-unit-2.5.5/lib/test/unit/testsuite.rb:53:in `run'
/Library/Ruby/Gems/2.0.0/gems/test-unit-2.5.5/lib/test/unit/testsuite.rb:121:in `run_test'
/Library/Ruby/Gems/2.0.0/gems/test-unit-2.5.5/lib/test/unit/testsuite.rb:53:in `run'
/Library/Ruby/Gems/2.0.0/gems/test-unit-2.5.5/lib/test/unit/ui/testrunnermediator.rb:65:in `run_suite'
/Library/Ruby/Gems/2.0.0/gems/test-unit-2.5.5/lib/test/unit/ui/testrunnermediator.rb:44:in `block in run'
/Library/Ruby/Gems/2.0.0/gems/test-unit-2.5.5/lib/test/unit/ui/testrunnermediator.rb:100:in `with_listener'
/Library/Ruby/Gems/2.0.0/gems/test-unit-2.5.5/lib/test/unit/ui/testrunnermediator.rb:40:in `run'
/Library/Ruby/Gems/2.0.0/gems/test-unit-2.5.5/lib/test/unit/ui/testrunner.rb:40:in `start_mediator'
/Library/Ruby/Gems/2.0.0/gems/test-unit-2.5.5/lib/test/unit/ui/testrunner.rb:25:in `start'
/Library/Ruby/Gems/2.0.0/gems/test-unit-2.5.5/lib/test/unit/ui/testrunnerutilities.rb:24:in `run'
/Library/Ruby/Gems/2.0.0/gems/test-unit-2.5.5/lib/test/unit/autorunner.rb:409:in `block in run'
/Library/Ruby/Gems/2.0.0/gems/test-unit-2.5.5/lib/test/unit/autorunner.rb:465:in `change_work_directory'
/Library/Ruby/Gems/2.0.0/gems/test-unit-2.5.5/lib/test/unit/autorunner.rb:408:in `run'
/Library/Ruby/Gems/2.0.0/gems/test-unit-2.5.5/lib/test/unit/autorunner.rb:59:in `run'
/Library/Ruby/Gems/2.0.0/gems/test-unit-2.5.5/lib/test/unit.rb:502:in `block (2 levels) in &lt;top (required)&gt;'    </error>
  </testcase>
  <system-out>

main

displayed
.//*[@id='bodyCell']/div[3]/div[1]/div/div[2]/table/tbody/tr[2]/th/a
click
displayed
.//*[@id='topButtonRow']/input[1]
click
set_text
click
displayed
.//*[@id='topButtonRow']/input[1]

main

displayed
.//*[@id='j_id0:j_id1:atsForm:atsSearchResultsTable:0:j_id82:0:j_id83']/a
click
displayed
.//*[@id='j_id0:j_id1:atsForm:atsSearchResultsTable:j_id82:3:j_id86']
  </system-out>
</testsuite>
