<?xml version="1.0" encoding="UTF-8"?>
<testsuite name="TestQuestionSets" tests="1" time="41.705146" failures="0" errors="0" skipped="0" assertions="1" timestamp="2016-03-04T15:04:41-03:00">
  <testcase name="test_QuestionSetBuilder" time="41.704813" assertions="1">
  </testcase>
</testsuite>
