<?xml version="1.0" encoding="UTF-8"?>
<testsuite name="TestQuestionSets" tests="1" time="65.297405" failures="0" errors="1" skipped="0" assertions="0" timestamp="2016-03-04T15:38:40-03:00">
  <testcase name="test_VerifyQuestionSetJobBoard" time="65.297183" assertions="0">
    <error type="Selenium::WebDriver::Error::NoSuchElementError" message="Unable to locate element: {&quot;method&quot;:&quot;xpath&quot;,&quot;selector&quot;:&quot;.//*[@id='CS_Edit:CS_Form:thePageBlock:thePageBlockSection:ts2__JCARD_ENABLE_FOR_CONTACT__c']&quot;}">
Unable to locate element: {"method":"xpath","selector":".//*[@id='CS_Edit:CS_Form:thePageBlock:thePageBlockSection:ts2__JCARD_ENABLE_FOR_CONTACT__c']"} (Selenium::WebDriver::Error::NoSuchElementError)
[remote server] file:///var/folders/ml/2cj5zyh53ys2qn9_nwv386q00000gn/T/webdriver-profile20160304-1883-2b9xtz/extensions/fxdriver@googlecode.com/components/driver-component.js:10719:in `FirefoxDriver.prototype.findElementInternal_'
[remote server] file:///var/folders/ml/2cj5zyh53ys2qn9_nwv386q00000gn/T/webdriver-profile20160304-1883-2b9xtz/extensions/fxdriver@googlecode.com/components/driver-component.js:10728:in `FirefoxDriver.prototype.findElement'
[remote server] file:///var/folders/ml/2cj5zyh53ys2qn9_nwv386q00000gn/T/webdriver-profile20160304-1883-2b9xtz/extensions/fxdriver@googlecode.com/components/command-processor.js:12595:in `DelayedCommand.prototype.executeInternal_/h'
[remote server] file:///var/folders/ml/2cj5zyh53ys2qn9_nwv386q00000gn/T/webdriver-profile20160304-1883-2b9xtz/extensions/fxdriver@googlecode.com/components/command-processor.js:12600:in `DelayedCommand.prototype.executeInternal_'
[remote server] file:///var/folders/ml/2cj5zyh53ys2qn9_nwv386q00000gn/T/webdriver-profile20160304-1883-2b9xtz/extensions/fxdriver@googlecode.com/components/command-processor.js:12542:in `DelayedCommand.prototype.execute/&lt;'
/Users/admin/.rbenv/versions/2.2.3/lib/ruby/gems/2.2.0/gems/selenium-webdriver-2.50.0/lib/selenium/webdriver/remote/response.rb:70:in `assert_ok'
/Users/admin/.rbenv/versions/2.2.3/lib/ruby/gems/2.2.0/gems/selenium-webdriver-2.50.0/lib/selenium/webdriver/remote/response.rb:34:in `initialize'
/Users/admin/.rbenv/versions/2.2.3/lib/ruby/gems/2.2.0/gems/selenium-webdriver-2.50.0/lib/selenium/webdriver/remote/http/common.rb:78:in `new'
/Users/admin/.rbenv/versions/2.2.3/lib/ruby/gems/2.2.0/gems/selenium-webdriver-2.50.0/lib/selenium/webdriver/remote/http/common.rb:78:in `create_response'
/Users/admin/.rbenv/versions/2.2.3/lib/ruby/gems/2.2.0/gems/selenium-webdriver-2.50.0/lib/selenium/webdriver/remote/http/default.rb:90:in `request'
/Users/admin/.rbenv/versions/2.2.3/lib/ruby/gems/2.2.0/gems/selenium-webdriver-2.50.0/lib/selenium/webdriver/remote/http/common.rb:59:in `call'
/Users/admin/.rbenv/versions/2.2.3/lib/ruby/gems/2.2.0/gems/selenium-webdriver-2.50.0/lib/selenium/webdriver/remote/bridge.rb:645:in `raw_execute'
/Users/admin/.rbenv/versions/2.2.3/lib/ruby/gems/2.2.0/gems/selenium-webdriver-2.50.0/lib/selenium/webdriver/remote/bridge.rb:623:in `execute'
/Users/admin/.rbenv/versions/2.2.3/lib/ruby/gems/2.2.0/gems/selenium-webdriver-2.50.0/lib/selenium/webdriver/remote/bridge.rb:592:in `find_element_by'
/Users/admin/.rbenv/versions/2.2.3/lib/ruby/gems/2.2.0/gems/selenium-webdriver-2.50.0/lib/selenium/webdriver/common/search_context.rb:61:in `find_element'
/Users/admin/Desktop/Autommation/jobscience/lib/New_Automation/tests/custom_settings.rb:390:in `Checkbox'
/Users/admin/Desktop/Autommation/jobscience/lib/New_Automation/tests/custom_settings.rb:208:in `ResumeRequired'
/Users/admin/Desktop/Autommation/jobscience/lib/New_Automation/tests/test_question_sets.rb:1218:in `test_VerifyQuestionSetJobBoard'
/Users/admin/.rbenv/versions/2.2.3/lib/ruby/gems/2.2.0/gems/test-unit-2.5.5/lib/test/unit/testcase.rb:691:in `run_test'
/Users/admin/.rbenv/versions/2.2.3/lib/ruby/gems/2.2.0/gems/test-unit-2.5.5/lib/test/unit/testcase.rb:431:in `run'
/Users/admin/.rbenv/versions/2.2.3/lib/ruby/gems/2.2.0/gems/test-unit-2.5.5/lib/test/unit/testsuite.rb:121:in `run_test'
/Users/admin/.rbenv/versions/2.2.3/lib/ruby/gems/2.2.0/gems/test-unit-2.5.5/lib/test/unit/testsuite.rb:53:in `run'
/Users/admin/.rbenv/versions/2.2.3/lib/ruby/gems/2.2.0/gems/test-unit-2.5.5/lib/test/unit/testsuite.rb:121:in `run_test'
/Users/admin/.rbenv/versions/2.2.3/lib/ruby/gems/2.2.0/gems/test-unit-2.5.5/lib/test/unit/testsuite.rb:53:in `run'
/Users/admin/.rbenv/versions/2.2.3/lib/ruby/gems/2.2.0/gems/test-unit-2.5.5/lib/test/unit/testsuite.rb:121:in `run_test'
/Users/admin/.rbenv/versions/2.2.3/lib/ruby/gems/2.2.0/gems/test-unit-2.5.5/lib/test/unit/testsuite.rb:53:in `run'
/Users/admin/.rbenv/versions/2.2.3/lib/ruby/gems/2.2.0/gems/test-unit-2.5.5/lib/test/unit/ui/testrunnermediator.rb:65:in `run_suite'
/Users/admin/.rbenv/versions/2.2.3/lib/ruby/gems/2.2.0/gems/test-unit-2.5.5/lib/test/unit/ui/testrunnermediator.rb:44:in `block in run'
/Users/admin/.rbenv/versions/2.2.3/lib/ruby/gems/2.2.0/gems/test-unit-2.5.5/lib/test/unit/ui/testrunnermediator.rb:100:in `with_listener'
/Users/admin/.rbenv/versions/2.2.3/lib/ruby/gems/2.2.0/gems/test-unit-2.5.5/lib/test/unit/ui/testrunnermediator.rb:40:in `run'
/Users/admin/.rbenv/versions/2.2.3/lib/ruby/gems/2.2.0/gems/test-unit-2.5.5/lib/test/unit/ui/testrunner.rb:40:in `start_mediator'
/Users/admin/.rbenv/versions/2.2.3/lib/ruby/gems/2.2.0/gems/test-unit-2.5.5/lib/test/unit/ui/testrunner.rb:25:in `start'
/Users/admin/.rbenv/versions/2.2.3/lib/ruby/gems/2.2.0/gems/test-unit-2.5.5/lib/test/unit/ui/testrunnerutilities.rb:24:in `run'
/Users/admin/.rbenv/versions/2.2.3/lib/ruby/gems/2.2.0/gems/test-unit-2.5.5/lib/test/unit/autorunner.rb:409:in `block in run'
/Users/admin/.rbenv/versions/2.2.3/lib/ruby/gems/2.2.0/gems/test-unit-2.5.5/lib/test/unit/autorunner.rb:465:in `change_work_directory'
/Users/admin/.rbenv/versions/2.2.3/lib/ruby/gems/2.2.0/gems/test-unit-2.5.5/lib/test/unit/autorunner.rb:408:in `run'
/Users/admin/.rbenv/versions/2.2.3/lib/ruby/gems/2.2.0/gems/test-unit-2.5.5/lib/test/unit/autorunner.rb:59:in `run'
/Users/admin/.rbenv/versions/2.2.3/lib/ruby/gems/2.2.0/gems/test-unit-2.5.5/lib/test/unit.rb:502:in `block (2 levels) in &lt;top (required)&gt;'    </error>
  </testcase>
</testsuite>
