<?xml version="1.0" encoding="UTF-8"?>
<testsuite name="TestLogin" tests="1" time="18.333331" failures="0" errors="1" skipped="0" assertions="0" timestamp="2016-02-01T16:16:52-03:00">
  <testcase name="test_login_logout_ok" time="18.332739" assertions="0">
    <error type="NameError" message="uninitialized constant Common::USER1_EMAIL">
uninitialized constant Common::USER1_EMAIL (NameError)
/Users/admin/Desktop/js2/lib/New_Automation/test_login.rb:19:in `test_login_logout_ok'
/Users/admin/.rvm/gems/ruby-2.2.1/gems/test-unit-2.5.5/lib/test/unit/testcase.rb:691:in `run_test'
/Users/admin/.rvm/gems/ruby-2.2.1/gems/test-unit-2.5.5/lib/test/unit/testcase.rb:431:in `run'
/Users/admin/.rvm/gems/ruby-2.2.1/gems/test-unit-2.5.5/lib/test/unit/testsuite.rb:121:in `run_test'
/Users/admin/.rvm/gems/ruby-2.2.1/gems/test-unit-2.5.5/lib/test/unit/testsuite.rb:53:in `run'
/Users/admin/.rvm/gems/ruby-2.2.1/gems/test-unit-2.5.5/lib/test/unit/testsuite.rb:121:in `run_test'
/Users/admin/.rvm/gems/ruby-2.2.1/gems/test-unit-2.5.5/lib/test/unit/testsuite.rb:53:in `run'
/Users/admin/.rvm/gems/ruby-2.2.1/gems/test-unit-2.5.5/lib/test/unit/testsuite.rb:121:in `run_test'
/Users/admin/.rvm/gems/ruby-2.2.1/gems/test-unit-2.5.5/lib/test/unit/testsuite.rb:53:in `run'
/Users/admin/.rvm/gems/ruby-2.2.1/gems/test-unit-2.5.5/lib/test/unit/ui/testrunnermediator.rb:65:in `run_suite'
/Users/admin/.rvm/gems/ruby-2.2.1/gems/test-unit-2.5.5/lib/test/unit/ui/testrunnermediator.rb:44:in `block in run'
/Users/admin/.rvm/gems/ruby-2.2.1/gems/test-unit-2.5.5/lib/test/unit/ui/testrunnermediator.rb:100:in `with_listener'
/Users/admin/.rvm/gems/ruby-2.2.1/gems/test-unit-2.5.5/lib/test/unit/ui/testrunnermediator.rb:40:in `run'
/Users/admin/.rvm/gems/ruby-2.2.1/gems/test-unit-2.5.5/lib/test/unit/ui/testrunner.rb:40:in `start_mediator'
/Users/admin/.rvm/gems/ruby-2.2.1/gems/test-unit-2.5.5/lib/test/unit/ui/testrunner.rb:25:in `start'
/Users/admin/.rvm/gems/ruby-2.2.1/gems/test-unit-2.5.5/lib/test/unit/ui/testrunnerutilities.rb:24:in `run'
/Users/admin/.rvm/gems/ruby-2.2.1/gems/test-unit-2.5.5/lib/test/unit/autorunner.rb:409:in `block in run'
/Users/admin/.rvm/gems/ruby-2.2.1/gems/test-unit-2.5.5/lib/test/unit/autorunner.rb:465:in `change_work_directory'
/Users/admin/.rvm/gems/ruby-2.2.1/gems/test-unit-2.5.5/lib/test/unit/autorunner.rb:408:in `run'
/Users/admin/.rvm/gems/ruby-2.2.1/gems/test-unit-2.5.5/lib/test/unit/autorunner.rb:59:in `run'
/Users/admin/.rvm/gems/ruby-2.2.1/gems/test-unit-2.5.5/lib/test/unit.rb:502:in `block (2 levels) in &lt;top (required)&gt;'    </error>
  </testcase>
</testsuite>
