<?xml version="1.0" encoding="UTF-8"?>
<testsuite name="TestBoardSetup" tests="1" time="67.939398" failures="0" errors="0" skipped="0" assertions="0" timestamp="2016-03-04T15:58:29-03:00">
  <testcase name="test_board_setup_tc1048" time="67.938691" assertions="0">
  </testcase>
  <system-out>

main

displayed
.//*[@id='topButtonRow']/input[1]
click
unchecked
((.//*[@class='detailList'])[1])/tbody/tr[6]/td[1]//*[@type='checkbox'][not (@checked='checked')]
unchecked
((.//*[@class='detailList'])[1])/tbody/tr[7]/td[1]//*[@type='checkbox'][not (@checked='checked')]
unchecked
((.//*[@class='detailList'])[1])/tbody/tr[8]/td[1]//*[@type='checkbox'][not (@checked='checked')]
unchecked
((.//*[@class='detailList'])[1])/tbody/tr[9]/td[1]//*[@type='checkbox'][not (@checked='checked')]
unchecked
((.//*[@class='detailList'])[1])/tbody/tr[8]/td[2]//*[@type='checkbox'][not (@checked='checked')]
click

main

displayed
.//*[@id='js-menu-register']/a
click
displayed
.//*[@id='j_id0:j_id1:atsForm:email']
set_text
set_text
set_text
click
displayed
.//*[@id='j_id0:j_id1:atsForm:j_id53:0']
displayed
.//*[@id='j_id0:j_id1:atsForm:j_id53:1']
displayed
.//*[@id='j_id0:j_id1:atsForm:j_id53:2']
  </system-out>
</testsuite>
