<?xml version="1.0" encoding="UTF-8"?>
<testsuite name="TestBoardSetup" tests="1" time="39.429749" failures="0" errors="0" skipped="0" assertions="0" timestamp="2016-03-04T16:06:35-03:00">
  <testcase name="test_board_setup_tc1049" time="39.429262" assertions="0">
  </testcase>
  <system-out>

main

displayed
.//*[@id='js-menu-register']/a
click
displayed
.//*[@id='j_id0:j_id1:atsForm:email']
set_text
set_text
set_text
click
displayed
.//*[@value='Continue']
click
  </system-out>
</testsuite>
