<?xml version="1.0" encoding="UTF-8"?>
<testsuite name="TestQuestionSets" tests="1" time="117.963315" failures="0" errors="0" skipped="0" assertions="6" timestamp="2016-03-04T15:52:06-03:00">
  <testcase name="test_VerifyQuestionSetJobBoard" time="117.962987" assertions="6">
  </testcase>
</testsuite>
