<?xml version="1.0" encoding="UTF-8"?>
<testsuite name="TestBoardSetup" tests="1" time="86.709814" failures="0" errors="0" skipped="0" assertions="0" timestamp="2016-03-04T15:56:21-03:00">
  <testcase name="test_board_setup_tc1047" time="86.709024" assertions="0">
  </testcase>
  <system-out>

main

displayed
.//*[@id='CS_list:CS_Form:theDetailPageBlock:thePageBlockButtons:edit']
click
displayed
.//*[@id='CS_Edit:CS_Form:thePageBlock:thePageBlockSection:ts2__Resume_Days_Valid__c']
set_text
click
displayed
.//*[@id='CS_list:CS_Form:theDetailPageBlock:thePageBlockButtons:edit']

main

displayed
.//*[@id='topButtonRow']/input[1]
click
unchecked
.//*[@id='j_id0:frm:PageBlock:j_id32:j_id44'][not (@checked='checked')]
click

main

displayed
.//*[@id='js-menu-register']/a
click
displayed
.//*[@id='j_id0:j_id1:atsForm:email']
set_text
set_text
set_text
click
displayed
.//*[@id='j_id0:j_id1:atsForm:j_id53:0']
click
displayed
.//*[@id='atsApplicationSubmittedMain'][text()[contains(.,'You have successfully registered')]]
  </system-out>
</testsuite>
