<?xml version="1.0" encoding="UTF-8"?>
<testsuite name="TestQuestionSets" tests="1" time="32.005508" failures="0" errors="1" skipped="0" assertions="0" timestamp="2016-03-04T14:21:32-03:00">
  <testcase name="test_QuestionSetHandlerAlways" time="32.005084" assertions="0">
    <error type="NameError" message="uninitialized constant TestQuestionSets::QuestionDetailPage">
uninitialized constant TestQuestionSets::QuestionDetailPage (NameError)
/Users/admin/Desktop/Autommation/jobscience/lib/New_Automation/tests/test_question_sets.rb:166:in `test_QuestionSetHandlerAlways'
/Users/admin/.rbenv/versions/2.2.3/lib/ruby/gems/2.2.0/gems/test-unit-2.5.5/lib/test/unit/testcase.rb:691:in `run_test'
/Users/admin/.rbenv/versions/2.2.3/lib/ruby/gems/2.2.0/gems/test-unit-2.5.5/lib/test/unit/testcase.rb:431:in `run'
/Users/admin/.rbenv/versions/2.2.3/lib/ruby/gems/2.2.0/gems/test-unit-2.5.5/lib/test/unit/testsuite.rb:121:in `run_test'
/Users/admin/.rbenv/versions/2.2.3/lib/ruby/gems/2.2.0/gems/test-unit-2.5.5/lib/test/unit/testsuite.rb:53:in `run'
/Users/admin/.rbenv/versions/2.2.3/lib/ruby/gems/2.2.0/gems/test-unit-2.5.5/lib/test/unit/testsuite.rb:121:in `run_test'
/Users/admin/.rbenv/versions/2.2.3/lib/ruby/gems/2.2.0/gems/test-unit-2.5.5/lib/test/unit/testsuite.rb:53:in `run'
/Users/admin/.rbenv/versions/2.2.3/lib/ruby/gems/2.2.0/gems/test-unit-2.5.5/lib/test/unit/testsuite.rb:121:in `run_test'
/Users/admin/.rbenv/versions/2.2.3/lib/ruby/gems/2.2.0/gems/test-unit-2.5.5/lib/test/unit/testsuite.rb:53:in `run'
/Users/admin/.rbenv/versions/2.2.3/lib/ruby/gems/2.2.0/gems/test-unit-2.5.5/lib/test/unit/ui/testrunnermediator.rb:65:in `run_suite'
/Users/admin/.rbenv/versions/2.2.3/lib/ruby/gems/2.2.0/gems/test-unit-2.5.5/lib/test/unit/ui/testrunnermediator.rb:44:in `block in run'
/Users/admin/.rbenv/versions/2.2.3/lib/ruby/gems/2.2.0/gems/test-unit-2.5.5/lib/test/unit/ui/testrunnermediator.rb:100:in `with_listener'
/Users/admin/.rbenv/versions/2.2.3/lib/ruby/gems/2.2.0/gems/test-unit-2.5.5/lib/test/unit/ui/testrunnermediator.rb:40:in `run'
/Users/admin/.rbenv/versions/2.2.3/lib/ruby/gems/2.2.0/gems/test-unit-2.5.5/lib/test/unit/ui/testrunner.rb:40:in `start_mediator'
/Users/admin/.rbenv/versions/2.2.3/lib/ruby/gems/2.2.0/gems/test-unit-2.5.5/lib/test/unit/ui/testrunner.rb:25:in `start'
/Users/admin/.rbenv/versions/2.2.3/lib/ruby/gems/2.2.0/gems/test-unit-2.5.5/lib/test/unit/ui/testrunnerutilities.rb:24:in `run'
/Users/admin/.rbenv/versions/2.2.3/lib/ruby/gems/2.2.0/gems/test-unit-2.5.5/lib/test/unit/autorunner.rb:409:in `block in run'
/Users/admin/.rbenv/versions/2.2.3/lib/ruby/gems/2.2.0/gems/test-unit-2.5.5/lib/test/unit/autorunner.rb:465:in `change_work_directory'
/Users/admin/.rbenv/versions/2.2.3/lib/ruby/gems/2.2.0/gems/test-unit-2.5.5/lib/test/unit/autorunner.rb:408:in `run'
/Users/admin/.rbenv/versions/2.2.3/lib/ruby/gems/2.2.0/gems/test-unit-2.5.5/lib/test/unit/autorunner.rb:59:in `run'
/Users/admin/.rbenv/versions/2.2.3/lib/ruby/gems/2.2.0/gems/test-unit-2.5.5/lib/test/unit.rb:502:in `block (2 levels) in &lt;top (required)&gt;'    </error>
  </testcase>
</testsuite>
