<?xml version="1.0" encoding="UTF-8"?>
<testsuite name="TestBoardSetup" tests="1" time="150.482603" failures="0" errors="0" skipped="0" assertions="1" timestamp="2016-03-04T16:58:54-03:00">
  <testcase name="test_RSSFeddCustomizableFields" time="150.482043" assertions="1">
  </testcase>
  <system-out>

main

displayed
.//*[@id='bodyCell']/div[3]/div[1]/div/div[2]/table/tbody/tr[2]/th/a
click
displayed
.//*[@id='topButtonRow']/input[4]
click
displayed
.//*[@id='j_id0:frm:j_id33:j_id34']/input[1]
click
displayed
.//*[@id='j_id0:frm:j_id33:j_id34']/input[1]
click
displayed
.//*[@id='j_id0:frm:j_id33:j_id34']/input[1]
click
displayed
.//*[@id='j_id0:frm:j_id33:j_id151']/div[2]/table/tbody/tr[3]/td/a
click
firefox
  </system-out>
</testsuite>
