<?xml version="1.0" encoding="UTF-8"?>
<testsuite name="TestBoardSetup" tests="1" time="143.000078" failures="0" errors="0" skipped="0" assertions="0" timestamp="2016-03-04T15:41:33-03:00">
  <testcase name="test_board_setup_tc1047" time="142.999001" assertions="0">
  </testcase>
  <system-out>

main

click
displayed
.//*[@id='topButtonRow']/input[1]
click
checked
.//*[@id='j_id0:frm:PageBlock:j_id32:j_id41'][@checked='checked']
unchecked
((.//*[@class='detailList'])[1])/tbody/tr[6]/td[1]//*[@type='checkbox'][not (@checked='checked')]
unchecked
((.//*[@class='detailList'])[1])/tbody/tr[7]/td[1]//*[@type='checkbox'][not (@checked='checked')]
unchecked
((.//*[@class='detailList'])[1])/tbody/tr[8]/td[1]//*[@type='checkbox'][not (@checked='checked')]
unchecked
((.//*[@class='detailList'])[1])/tbody/tr[9]/td[1]//*[@type='checkbox'][not (@checked='checked')]
unchecked
((.//*[@class='detailList'])[1])/tbody/tr[8]/td[2]//*[@type='checkbox'][not (@checked='checked')]
unchecked
.//*[@id='j_id0:frm:PageBlock:j_id32:j_id44'][not (@checked='checked')]
click

main

displayed
.//*[@id='thePage:theForm:thePageBlock:loginPageBlockSection:enableLogin']
set_text
click
displayed
.//*[@value='Edit']

main

displayed
.//*[@id='js-menu-register']/a
click
displayed
.//*[@id='j_id0:j_id1:atsForm:email']
set_text
set_text
set_text
set_text
set_text
set_text_exist
error in set_text_exist
click
displayed
.//*[@value='Continue']
click
displayed
.//*[@id='atsApplicationSubmittedMain'][text()[contains(.,'You have successfully registered')]]
  </system-out>
</testsuite>
