<?xml version="1.0" encoding="UTF-8"?>
<testsuite name="TestJobTemplates" tests="1" time="32.730549" failures="0" errors="0" skipped="0" assertions="1" timestamp="2016-03-08T18:13:53-03:00">
  <testcase name="test_newJobTemplateMapping" time="32.730011" assertions="1">
  </testcase>
  <system-out>

main

displayed
.//*[@title='New']
click
displayed
.//*[@class='requiredInput']/input
set_text
click
  </system-out>
</testsuite>
