<?xml version="1.0" encoding="UTF-8"?>
<testsuite name="TestBoardSetup" tests="1" time="109.286876" failures="0" errors="1" skipped="0" assertions="0" timestamp="2016-03-04T15:15:32-03:00">
  <testcase name="test_board_setup_tc1046" time="109.286628" assertions="0">
    <error type="Selenium::WebDriver::Error::TimeOutError" message="timed out after 30 seconds (Unable to locate element: {&quot;method&quot;:&quot;xpath&quot;,&quot;selector&quot;:&quot;(.//*[@type='radio'])[1]&quot;})">
timed out after 30 seconds (Unable to locate element: {"method":"xpath","selector":"(.//*[@type='radio'])[1]"}) (Selenium::WebDriver::Error::TimeOutError)
/Library/Ruby/Gems/2.0.0/gems/selenium-webdriver-2.52.0/lib/selenium/webdriver/common/wait.rb:76:in `until'
/Users/admin/Desktop/automations_jobscience/jobscience/lib/New_Automation/tests/common.rb:87:in `displayed'
/Users/admin/Desktop/automations_jobscience/jobscience/lib/New_Automation/tests/common.rb:270:in `block in main'
/Users/admin/Desktop/automations_jobscience/jobscience/lib/New_Automation/tests/common.rb:263:in `each'
/Users/admin/Desktop/automations_jobscience/jobscience/lib/New_Automation/tests/common.rb:263:in `main'
/Users/admin/Desktop/automations_jobscience/jobscience/lib/New_Automation/tests/common.rb:636:in `CreateUserJobBoard'
/Users/admin/Desktop/automations_jobscience/jobscience/lib/New_Automation/tests/test_board_setup.rb:245:in `test_board_setup_tc1046'
/Library/Ruby/Gems/2.0.0/gems/test-unit-2.5.5/lib/test/unit/testcase.rb:691:in `run_test'
/Library/Ruby/Gems/2.0.0/gems/test-unit-2.5.5/lib/test/unit/testcase.rb:431:in `run'
/Library/Ruby/Gems/2.0.0/gems/test-unit-2.5.5/lib/test/unit/testsuite.rb:121:in `run_test'
/Library/Ruby/Gems/2.0.0/gems/test-unit-2.5.5/lib/test/unit/testsuite.rb:53:in `run'
/Library/Ruby/Gems/2.0.0/gems/test-unit-2.5.5/lib/test/unit/testsuite.rb:121:in `run_test'
/Library/Ruby/Gems/2.0.0/gems/test-unit-2.5.5/lib/test/unit/testsuite.rb:53:in `run'
/Library/Ruby/Gems/2.0.0/gems/test-unit-2.5.5/lib/test/unit/testsuite.rb:121:in `run_test'
/Library/Ruby/Gems/2.0.0/gems/test-unit-2.5.5/lib/test/unit/testsuite.rb:53:in `run'
/Library/Ruby/Gems/2.0.0/gems/test-unit-2.5.5/lib/test/unit/ui/testrunnermediator.rb:65:in `run_suite'
/Library/Ruby/Gems/2.0.0/gems/test-unit-2.5.5/lib/test/unit/ui/testrunnermediator.rb:44:in `block in run'
/Library/Ruby/Gems/2.0.0/gems/test-unit-2.5.5/lib/test/unit/ui/testrunnermediator.rb:100:in `with_listener'
/Library/Ruby/Gems/2.0.0/gems/test-unit-2.5.5/lib/test/unit/ui/testrunnermediator.rb:40:in `run'
/Library/Ruby/Gems/2.0.0/gems/test-unit-2.5.5/lib/test/unit/ui/testrunner.rb:40:in `start_mediator'
/Library/Ruby/Gems/2.0.0/gems/test-unit-2.5.5/lib/test/unit/ui/testrunner.rb:25:in `start'
/Library/Ruby/Gems/2.0.0/gems/test-unit-2.5.5/lib/test/unit/ui/testrunnerutilities.rb:24:in `run'
/Library/Ruby/Gems/2.0.0/gems/test-unit-2.5.5/lib/test/unit/autorunner.rb:409:in `block in run'
/Library/Ruby/Gems/2.0.0/gems/test-unit-2.5.5/lib/test/unit/autorunner.rb:465:in `change_work_directory'
/Library/Ruby/Gems/2.0.0/gems/test-unit-2.5.5/lib/test/unit/autorunner.rb:408:in `run'
/Library/Ruby/Gems/2.0.0/gems/test-unit-2.5.5/lib/test/unit/autorunner.rb:59:in `run'
/Library/Ruby/Gems/2.0.0/gems/test-unit-2.5.5/lib/test/unit.rb:502:in `block (2 levels) in &lt;top (required)&gt;'    </error>
  </testcase>
  <system-out>

main

displayed
.//*[@id='CS_list:CS_Form:theDetailPageBlock:thePageBlockButtons:edit']
click
displayed
.//*[@id='CS_Edit:CS_Form:thePageBlock:thePageBlockSection:ts2__Resume_Days_Valid__c']
set_text
click

main

displayed
.//*[@id='topButtonRow']/input[1]
click
checked
.//*[@id='j_id0:frm:PageBlock:j_id32:j_id44'][@checked='checked']
click

main

displayed
.//*[@id='js-menu-register']/a
click
displayed
.//*[@value='Continue']
set_text
set_text
set_text
set_text
set_text
set_text_exist
error in set_text_exist
click
displayed
(.//*[@type='radio'])[1]
  </system-out>
</testsuite>
