<?xml version="1.0" encoding="UTF-8"?>
<testsuite name="TestActionsOnListView" tests="1" time="42.365462" failures="0" errors="0" skipped="0" assertions="1" timestamp="2016-03-03T11:54:38-03:00">
  <testcase name="test_CreateNewContact" time="42.365058" assertions="1">
  </testcase>
  <system-out>

main

displayed
click
displayed
set_text
click
displayed
set_text
click
displayed
  </system-out>
</testsuite>
