<?xml version="1.0" encoding="UTF-8"?>
<testsuite name="EeoQuestion" tests="1" time="59.28099" failures="0" errors="0" skipped="0" assertions="1" timestamp="2016-03-14T11:15:49-03:00">
  <testcase name="test_eeoCommitDefault" time="59.280499" assertions="1">
  </testcase>
  <system-out>

main

displayed
click
displayed
click_and_load
displayed
click_and_load
displayed
click

main

displayed
click
displayed
click

main

displayed
checked
click

main

displayed
click
displayed
set_text
set_text
click
displayed
click
displayed
click

main

displayed
click
displayed
click
  </system-out>
</testsuite>
