<?xml version="1.0" encoding="UTF-8"?>
<testsuite name="EeoQuestion" tests="1" time="27.573417" failures="0" errors="0" skipped="0" assertions="1" timestamp="2016-03-15T12:00:27-03:00">
  <testcase name="test_eeoQuestionHiddenQuestion" time="27.572663" assertions="1">
  </testcase>
  <system-out>

main

displayed
click_and_load
displayed
click_and_load
displayed
unchecked
unchecked
unchecked
unchecked
unchecked
click_and_load
  </system-out>
</testsuite>
