<?xml version="1.0" encoding="UTF-8"?>
<testsuite name="TestBoardSetup" tests="5" time="499.797776" failures="0" errors="0" skipped="0" assertions="0" timestamp="2016-03-04T17:43:33-03:00">
  <testcase name="test_board_setup_tc1040" time="123.683265" assertions="0">
  </testcase>
  <testcase name="test_board_setup_tc1041" time="120.694601" assertions="0">
  </testcase>
  <testcase name="test_board_setup_tc1042" time="73.284723" assertions="0">
  </testcase>
  <testcase name="test_board_setup_tc1043" time="71.150503" assertions="0">
  </testcase>
  <testcase name="test_board_setup_tc1044" time="110.982846" assertions="0">
  </testcase>
  <system-out>

main

displayed
.//*[@id='topButtonRow']/input[1]
click
checked
.//*[@id='j_id0:frm:PageBlock:j_id32:j_id39'][@checked='checked']
Error
click

main

displayed
.//*[@id='topButtonRow']/input[1]
click
unchecked
.//*[@id='j_id0:frm:PageBlock:j_id32:j_id39'][not (@checked='checked')]
click

main

displayed
.//*[@id='topButtonRow']/input[1]
click
unchecked
.//*[@id='j_id0:frm:PageBlock:j_id32:j_id41'][not (@checked='checked')]
click

main

(.//*[@id='j_id0:j_id1:atsForm:atsSearchResultsTable:tb']/child::tr/child::td/child::a)[1]
.//*[@id='j_id0:j_id4:j_id128'][text()[contains(.,'You have already applied')]]

displayed
.//*[@class='atsJobDetailsAlreadyLogin']//a
click
displayed
(.//*[@class='atsInput'])[1]
  </system-out>
</testsuite>
