<?xml version="1.0" encoding="UTF-8"?>
<testsuite name="EeoQuestion" tests="1" time="52.835571" failures="0" errors="0" skipped="0" assertions="1" timestamp="2016-03-15T17:13:47-03:00">
  <testcase name="test_eeoQuestionHandlerAlways" time="52.834726" assertions="1">
  </testcase>
  <system-out>

main

displayed
click
displayed
click_and_load
displayed
click_and_load
displayed
click

main

displayed
click_and_load

main

displayed
click_and_load
displayed
set_text
set_text
click_and_load
displayed
click
displayed
click_and_load
displayed
click_and_load

main

displayed
click_and_load
displayed
click_and_load
displayed
click_and_load
  </system-out>
</testsuite>
