<?xml version="1.0" encoding="UTF-8"?>
<testsuite name="TestBoardSetup" tests="1" time="54.509707" failures="0" errors="0" skipped="0" assertions="0" timestamp="2016-03-11T11:27:56-02:00">
  <testcase name="test_board_setup_tc1042">
  </testcase>
</testsuite>
