<?xml version="1.0" encoding="UTF-8"?>
<testsuite name="TestRequisition" tests="1" time="33.640328" failures="0" errors="0" skipped="0" assertions="1" timestamp="2016-03-15T21:41:49-03:00">
  <testcase name="test_newJobOrder" time="33.63982" assertions="1">
  </testcase>
  <system-out>

main

displayed
click_and_load
displayed
set_text
displayed
click_and_load
displayed
set_text
set_text
set_text
set_text
set_text
set_text
click_and_load
  </system-out>
</testsuite>
