<?xml version="1.0" encoding="UTF-8"?>
<testsuite name="TestStandardQuestions" tests="1" time="56.014611" failures="0" errors="0" skipped="0" assertions="1" timestamp="2016-03-17T14:21:08-03:00">
  <testcase name="test_StandardQuestionHandlerAlways" time="56.014288" assertions="1">
  </testcase>
  <system-out>

main

displayed
click
displayed
click_and_load
displayed
click_and_load
displayed
click

main

displayed
click_and_load

main

displayed
click
displayed
click_and_load
displayed
click_and_load
displayed
click_and_load
displayed
click
displayed
click
displayed
click
  </system-out>
</testsuite>
