<?xml version="1.0" encoding="UTF-8"?>
<testsuite name="TestResume" tests="1" time="52.769528" failures="0" errors="0" skipped="0" assertions="1" timestamp="2016-03-17T18:28:26-03:00">
  <testcase name="test_addResumeToolParseFields" time="52.7692" assertions="1">
  </testcase>
  <system-out>

main

displayed
click
displayed
click_and_load
displayed
click_and_load
displayed
click

main

displayed
click

main

displayed
click

main

set_text
click

main

displayed
click

main

displayed
upload
https://ts2.na17.visual.force.com/apex/ResumeAddUpdateBackend?id=005o0000001NWrs
upload
click
  </system-out>
</testsuite>
