<?xml version="1.0" encoding="UTF-8"?>
<testsuite name="TestStandardQuestions" tests="1" time="54.407688" failures="0" errors="0" skipped="0" assertions="1" timestamp="2016-03-03T17:58:06-02:00">
  <testcase name="test_validationStandarQuestionFalseApplicant" time="54.407009" assertions="1">
  </testcase>
</testsuite>
