<?xml version="1.0" encoding="UTF-8"?>
<testsuite name="TestResume" tests="1" time="41.741231" failures="0" errors="1" skipped="0" assertions="0" timestamp="2016-03-17T17:08:59-03:00">
  <testcase name="test_UploadRederralResume" time="41.740918" assertions="0">
    <error type="Selenium::WebDriver::Error::TimeOutError" message="timed out after 20 seconds (Unable to locate element: {&quot;method&quot;:&quot;xpath&quot;,&quot;selector&quot;:&quot;.//*[contains(text(),'Refer Candidate')]/ancestor::td[1]/following-sibling::td[1]/select&quot;})">
timed out after 20 seconds (Unable to locate element: {"method":"xpath","selector":".//*[contains(text(),'Refer Candidate')]/ancestor::td[1]/following-sibling::td[1]/select"}) (Selenium::WebDriver::Error::TimeOutError)
/Library/Ruby/Gems/2.0.0/gems/selenium-webdriver-2.52.0/lib/selenium/webdriver/common/wait.rb:76:in `until'
/Users/admin/jobscience/lib/New_Automation/tests/common.rb:90:in `displayed'
/Users/admin/jobscience/lib/New_Automation/tests/common.rb:272:in `block in main'
/Users/admin/jobscience/lib/New_Automation/tests/common.rb:265:in `each'
/Users/admin/jobscience/lib/New_Automation/tests/common.rb:265:in `main'
/Users/admin/jobscience/lib/New_Automation/tests/test_resume.rb:167:in `test_UploadRederralResume'
/Library/Ruby/Gems/2.0.0/gems/test-unit-2.5.5/lib/test/unit/testcase.rb:691:in `run_test'
/Library/Ruby/Gems/2.0.0/gems/test-unit-2.5.5/lib/test/unit/testcase.rb:431:in `run'
/Library/Ruby/Gems/2.0.0/gems/test-unit-2.5.5/lib/test/unit/testsuite.rb:121:in `run_test'
/Library/Ruby/Gems/2.0.0/gems/test-unit-2.5.5/lib/test/unit/testsuite.rb:53:in `run'
/Library/Ruby/Gems/2.0.0/gems/test-unit-2.5.5/lib/test/unit/testsuite.rb:121:in `run_test'
/Library/Ruby/Gems/2.0.0/gems/test-unit-2.5.5/lib/test/unit/testsuite.rb:53:in `run'
/Library/Ruby/Gems/2.0.0/gems/test-unit-2.5.5/lib/test/unit/testsuite.rb:121:in `run_test'
/Library/Ruby/Gems/2.0.0/gems/test-unit-2.5.5/lib/test/unit/testsuite.rb:53:in `run'
/Library/Ruby/Gems/2.0.0/gems/test-unit-2.5.5/lib/test/unit/ui/testrunnermediator.rb:65:in `run_suite'
/Library/Ruby/Gems/2.0.0/gems/test-unit-2.5.5/lib/test/unit/ui/testrunnermediator.rb:44:in `block in run'
/Library/Ruby/Gems/2.0.0/gems/test-unit-2.5.5/lib/test/unit/ui/testrunnermediator.rb:100:in `with_listener'
/Library/Ruby/Gems/2.0.0/gems/test-unit-2.5.5/lib/test/unit/ui/testrunnermediator.rb:40:in `run'
/Library/Ruby/Gems/2.0.0/gems/test-unit-2.5.5/lib/test/unit/ui/testrunner.rb:40:in `start_mediator'
/Library/Ruby/Gems/2.0.0/gems/test-unit-2.5.5/lib/test/unit/ui/testrunner.rb:25:in `start'
/Library/Ruby/Gems/2.0.0/gems/test-unit-2.5.5/lib/test/unit/ui/testrunnerutilities.rb:24:in `run'
/Library/Ruby/Gems/2.0.0/gems/test-unit-2.5.5/lib/test/unit/autorunner.rb:409:in `block in run'
/Library/Ruby/Gems/2.0.0/gems/test-unit-2.5.5/lib/test/unit/autorunner.rb:465:in `change_work_directory'
/Library/Ruby/Gems/2.0.0/gems/test-unit-2.5.5/lib/test/unit/autorunner.rb:408:in `run'
/Library/Ruby/Gems/2.0.0/gems/test-unit-2.5.5/lib/test/unit/autorunner.rb:59:in `run'
/Library/Ruby/Gems/2.0.0/gems/test-unit-2.5.5/lib/test/unit.rb:502:in `block (2 levels) in &lt;top (required)&gt;'    </error>
  </testcase>
  <system-out>

main

displayed
click
displayed
  </system-out>
</testsuite>
