<?xml version="1.0" encoding="UTF-8"?>
<testsuite name="TestJobTemplates" tests="1" time="21.698823" failures="0" errors="0" skipped="0" assertions="1" timestamp="2016-03-08T18:05:09-03:00">
  <testcase name="test_newJobTemplate" time="21.698455" assertions="1">
  </testcase>
  <system-out>

main

displayed
.//*[@class='pbButton']//*[@class='btn']
click
displayed
.//*[@id='Name']
set_text
set_text
click
  </system-out>
</testsuite>
