<?xml version="1.0" encoding="UTF-8"?>
<testsuite name="TestStandardQuestions" tests="9" time="334.613818" failures="0" errors="1" skipped="0" assertions="10" timestamp="2016-03-07T12:43:03-03:00">
  <testcase name="test_FieldValidationQuestionAplicantFalse" time="37.062636" assertions="1">
  </testcase>
  <testcase name="test_FieldValidationQuestionAplicantTrue" time="26.157136" assertions="1">
  </testcase>
  <testcase name="test_NewStandaQuestionRequiredFalse" time="26.630618" assertions="2">
  </testcase>
  <testcase name="test_StandardQuestionHandlerAlways" time="50.21725" assertions="0">
    <error type="Selenium::WebDriver::Error::TimeOutError" message="timed out after 20 seconds (Unable to locate element: {&quot;method&quot;:&quot;xpath&quot;,&quot;selector&quot;:&quot;.//*[@value='Submit']&quot;})">
timed out after 20 seconds (Unable to locate element: {"method":"xpath","selector":".//*[@value='Submit']"}) (Selenium::WebDriver::Error::TimeOutError)
/Users/admin/.rvm/gems/ruby-2.2.1/gems/selenium-webdriver-2.52.0/lib/selenium/webdriver/common/wait.rb:76:in `until'
/Users/admin/Desktop/job-automation/jobscience/lib/New_Automation/tests/test_standard_questions.rb:328:in `rescue in test_StandardQuestionHandlerAlways'
/Users/admin/Desktop/job-automation/jobscience/lib/New_Automation/tests/test_standard_questions.rb:318:in `test_StandardQuestionHandlerAlways'
/Users/admin/.rvm/gems/ruby-2.2.1/gems/test-unit-2.5.5/lib/test/unit/testcase.rb:691:in `run_test'
/Users/admin/.rvm/gems/ruby-2.2.1/gems/test-unit-2.5.5/lib/test/unit/testcase.rb:431:in `run'
/Users/admin/.rvm/gems/ruby-2.2.1/gems/test-unit-2.5.5/lib/test/unit/testsuite.rb:121:in `run_test'
/Users/admin/.rvm/gems/ruby-2.2.1/gems/test-unit-2.5.5/lib/test/unit/testsuite.rb:53:in `run'
/Users/admin/.rvm/gems/ruby-2.2.1/gems/test-unit-2.5.5/lib/test/unit/testsuite.rb:121:in `run_test'
/Users/admin/.rvm/gems/ruby-2.2.1/gems/test-unit-2.5.5/lib/test/unit/testsuite.rb:53:in `run'
/Users/admin/.rvm/gems/ruby-2.2.1/gems/test-unit-2.5.5/lib/test/unit/testsuite.rb:121:in `run_test'
/Users/admin/.rvm/gems/ruby-2.2.1/gems/test-unit-2.5.5/lib/test/unit/testsuite.rb:53:in `run'
/Users/admin/.rvm/gems/ruby-2.2.1/gems/test-unit-2.5.5/lib/test/unit/ui/testrunnermediator.rb:65:in `run_suite'
/Users/admin/.rvm/gems/ruby-2.2.1/gems/test-unit-2.5.5/lib/test/unit/ui/testrunnermediator.rb:44:in `block in run'
/Users/admin/.rvm/gems/ruby-2.2.1/gems/test-unit-2.5.5/lib/test/unit/ui/testrunnermediator.rb:100:in `with_listener'
/Users/admin/.rvm/gems/ruby-2.2.1/gems/test-unit-2.5.5/lib/test/unit/ui/testrunnermediator.rb:40:in `run'
/Users/admin/.rvm/gems/ruby-2.2.1/gems/test-unit-2.5.5/lib/test/unit/ui/testrunner.rb:40:in `start_mediator'
/Users/admin/.rvm/gems/ruby-2.2.1/gems/test-unit-2.5.5/lib/test/unit/ui/testrunner.rb:25:in `start'
/Users/admin/.rvm/gems/ruby-2.2.1/gems/test-unit-2.5.5/lib/test/unit/ui/testrunnerutilities.rb:24:in `run'
/Users/admin/.rvm/gems/ruby-2.2.1/gems/test-unit-2.5.5/lib/test/unit/autorunner.rb:409:in `block in run'
/Users/admin/.rvm/gems/ruby-2.2.1/gems/test-unit-2.5.5/lib/test/unit/autorunner.rb:465:in `change_work_directory'
/Users/admin/.rvm/gems/ruby-2.2.1/gems/test-unit-2.5.5/lib/test/unit/autorunner.rb:408:in `run'
/Users/admin/.rvm/gems/ruby-2.2.1/gems/test-unit-2.5.5/lib/test/unit/autorunner.rb:59:in `run'
/Users/admin/.rvm/gems/ruby-2.2.1/gems/test-unit-2.5.5/lib/test/unit.rb:502:in `block (2 levels) in &lt;top (required)&gt;'    </error>
  </testcase>
  <testcase name="test_StandardQuestionHandlerOmit" time="30.778341" assertions="1">
  </testcase>
  <testcase name="test_StandardQuestionHandlerPopulate" time="28.62445" assertions="1">
  </testcase>
  <testcase name="test_successfullyCreated" time="26.532695" assertions="2">
  </testcase>
  <testcase name="test_validationStandarQuestion" time="57.869811" assertions="1">
  </testcase>
  <testcase name="test_validationStandarQuestionFalseApplicant" time="50.739403" assertions="1">
  </testcase>
</testsuite>
