<?xml version="1.0" encoding="UTF-8"?>
<testsuite name="EeoQuestion" tests="1" time="115.128445" failures="0" errors="0" skipped="0" assertions="1" timestamp="2016-03-14T10:51:00-03:00">
  <testcase name="test_eeoQuestionDisplayedQuestion" time="115.127872" assertions="1">
  </testcase>
  <system-out>

main

displayed
click
displayed
click
displayed
checked
Error
checked
Error
checked
Error
checked
Error
checked
Error
click
  </system-out>
</testsuite>
