<?xml version="1.0" encoding="UTF-8"?>
<testsuite name="TestStandardQuestions" tests="1" time="142.270719" failures="0" errors="1" skipped="0" assertions="0" timestamp="2016-03-10T15:46:27-02:00">
  <testcase name="test_validationStandarQuestion" time="142.270408" assertions="0">
    <error type="Selenium::WebDriver::Error::TimeOutError" message="timed out after 20 seconds (Unable to locate element: {&quot;method&quot;:&quot;xpath&quot;,&quot;selector&quot;:&quot;.//input[@value='Continue']&quot;})">
timed out after 20 seconds (Unable to locate element: {"method":"xpath","selector":".//input[@value='Continue']"}) (Selenium::WebDriver::Error::TimeOutError)
/Library/Ruby/Gems/2.0.0/gems/selenium-webdriver-2.52.0/lib/selenium/webdriver/common/wait.rb:76:in `until'
/Users/admin/jobscience/lib/New_Automation/tests/test_standard_questions.rb:130:in `rescue in test_validationStandarQuestion'
/Users/admin/jobscience/lib/New_Automation/tests/test_standard_questions.rb:112:in `test_validationStandarQuestion'
/Library/Ruby/Gems/2.0.0/gems/test-unit-2.5.5/lib/test/unit/testcase.rb:691:in `run_test'
/Library/Ruby/Gems/2.0.0/gems/test-unit-2.5.5/lib/test/unit/testcase.rb:431:in `run'
/Library/Ruby/Gems/2.0.0/gems/test-unit-2.5.5/lib/test/unit/testsuite.rb:121:in `run_test'
/Library/Ruby/Gems/2.0.0/gems/test-unit-2.5.5/lib/test/unit/testsuite.rb:53:in `run'
/Library/Ruby/Gems/2.0.0/gems/test-unit-2.5.5/lib/test/unit/testsuite.rb:121:in `run_test'
/Library/Ruby/Gems/2.0.0/gems/test-unit-2.5.5/lib/test/unit/testsuite.rb:53:in `run'
/Library/Ruby/Gems/2.0.0/gems/test-unit-2.5.5/lib/test/unit/testsuite.rb:121:in `run_test'
/Library/Ruby/Gems/2.0.0/gems/test-unit-2.5.5/lib/test/unit/testsuite.rb:53:in `run'
/Library/Ruby/Gems/2.0.0/gems/test-unit-2.5.5/lib/test/unit/ui/testrunnermediator.rb:65:in `run_suite'
/Library/Ruby/Gems/2.0.0/gems/test-unit-2.5.5/lib/test/unit/ui/testrunnermediator.rb:44:in `block in run'
/Library/Ruby/Gems/2.0.0/gems/test-unit-2.5.5/lib/test/unit/ui/testrunnermediator.rb:100:in `with_listener'
/Library/Ruby/Gems/2.0.0/gems/test-unit-2.5.5/lib/test/unit/ui/testrunnermediator.rb:40:in `run'
/Library/Ruby/Gems/2.0.0/gems/test-unit-2.5.5/lib/test/unit/ui/testrunner.rb:40:in `start_mediator'
/Library/Ruby/Gems/2.0.0/gems/test-unit-2.5.5/lib/test/unit/ui/testrunner.rb:25:in `start'
/Library/Ruby/Gems/2.0.0/gems/test-unit-2.5.5/lib/test/unit/ui/testrunnerutilities.rb:24:in `run'
/Library/Ruby/Gems/2.0.0/gems/test-unit-2.5.5/lib/test/unit/autorunner.rb:409:in `block in run'
/Library/Ruby/Gems/2.0.0/gems/test-unit-2.5.5/lib/test/unit/autorunner.rb:465:in `change_work_directory'
/Library/Ruby/Gems/2.0.0/gems/test-unit-2.5.5/lib/test/unit/autorunner.rb:408:in `run'
/Library/Ruby/Gems/2.0.0/gems/test-unit-2.5.5/lib/test/unit/autorunner.rb:59:in `run'
/Library/Ruby/Gems/2.0.0/gems/test-unit-2.5.5/lib/test/unit.rb:502:in `block (2 levels) in &lt;top (required)&gt;'    </error>
  </testcase>
</testsuite>
