<?xml version="1.0" encoding="UTF-8"?>
<testsuite name="EeoQuestion" tests="1" time="56.750692" failures="0" errors="0" skipped="0" assertions="1" timestamp="2016-03-14T14:58:42-03:00">
  <testcase name="test_eeoQuestionHandlerOmit" time="56.749747" assertions="1">
  </testcase>
  <system-out>

main

displayed
click
displayed
click_and_load
displayed
click_and_load
displayed
click

main

displayed
click

main

displayed
click
displayed
set_text
set_text
click
displayed
click
displayed
click

main

displayed
click
displayed
click
displayed
click
  </system-out>
</testsuite>
