<?xml version="1.0" encoding="UTF-8"?>
<testsuite name="TestApplications" tests="6" time="752.495272" failures="0" errors="0" skipped="0" assertions="9" timestamp="2016-03-04T12:27:33-02:00">
  <testcase name="test_AllowDuplicateApp" time="108.885431" assertions="2">
  </testcase>
  <testcase name="test_RevertButtonOnJobOrders" time="159.47679" assertions="1">
  </testcase>
  <testcase name="test_RevertStage" time="173.493259" assertions="2">
  </testcase>
  <testcase name="test_RevertStageCantRevert" time="125.12118" assertions="1">
  </testcase>
  <testcase name="test_RevertStageSendMail" time="145.568913" assertions="2">
  </testcase>
  <testcase name="test_applicationCreationPdf" time="39.94796" assertions="1">
  </testcase>
  <system-out>

main

displayed
.//*[@name='new']
click
displayed
.//*[@value='Continue']
click
displayed
.//*[@id='Name']
set_text
set_text
set_text
set_text
set_text
set_text
click

main

displayed
.//*[@id='js-menu-login']/a
click
displayed
.//*[@style='margin-top:1em;']/tbody/tr[1]//input
set_text
set_text
click
displayed
.//*[@id='js-menu-logout']/a

main

displayed
.//*[@class='atsJobDetailsAlreadyLogin']//a
click
displayed
.//*[@value='Continue']
click
displayed
.//*[@id='js-menu-search']/a
click
displayed
.//*[@value='Search']

main

displayed
.//*[@class='atsJobDetailsAlreadyLogin']//a
click
displayed
.//*[@value='Continue']
click
displayed
.//*[@id='js-menu-search']/a
click
displayed
.//*[@value='Search']

main

displayed
.//*[@name='go']

main

displayed
((.//*[@class='bPageBlock brandSecondaryBrd secondaryPalette'])[9]//tr[2]//a)[3]
displayed
((.//*[@class='bPageBlock brandSecondaryBrd secondaryPalette'])[9]//tr[3]//a)[3]

main

displayed
.//*[@name='new']
click
displayed
.//*[@value='Continue']
click
displayed
.//*[@id='Name']
set_text
set_text
set_text
set_text
set_text
set_text
click

main

displayed
.//*[@class='pbButton']/input
click
displayed
.//*[@id='p3']
set_text
click
displayed
.//*[@id='acc2']
set_text
click
displayed
.//*[@title='Delete']

main

displayed
.//*[@class='pbButton']/input
click
displayed
.//*[@id='p3']
set_text
click
displayed
.//*[@id='name_lastcon2']
displayed
.//*[@id='con4']
displayed
(.//*[@class='detailList'])[2]

main

set_text
set_text
click
displayed
.//*[@id='con2_ilecell']/div

main

displayed
.//*[@id='fcf']
set_text
click
displayed
.//*[@id='ext-gen25']

main

displayed
.//*[@class='lookupInput']/input
set_text
click
displayed
(.//*[@type='radio'])[1]
click
displayed
.//*[@class='requiredInput']/select
click
click
displayed
.//*[@class='data2Col last']/span
click

main

displayed
.//*[@id='fcf']
set_text
click
displayed
.//*[@id='ext-gen25']

main

click
displayed
(.//*[@class='detailList'])[1]//tr[4]/td[4]//a[1]

main

displayed
.//*[@title='Submittal'][2]
click
displayed
.//*[@value='Cancel']

main

displayed
.//*[@id='topButtonRow']/input[7]
click

main

displayed
.//*[@title='Next']
click
click
click

main

displayed
.//*[@title='Close']
click

main

displayed
.//*[@id='topButtonRow']/input[7]

main

displayed
.//*[@name='new']
click
displayed
.//*[@value='Continue']
click
displayed
.//*[@id='Name']
set_text
set_text
set_text
set_text
set_text
set_text
click

main

displayed
.//*[@class='pbButton']/input
click
displayed
.//*[@id='p3']
set_text
click
displayed
.//*[@id='acc2']
set_text
click
displayed
.//*[@title='Delete']

main

displayed
.//*[@class='pbButton']/input
click
displayed
.//*[@id='p3']
set_text
click
displayed
.//*[@id='name_lastcon2']
displayed
.//*[@id='con4']
displayed
(.//*[@class='detailList'])[2]

main

set_text
set_text
click
displayed
.//*[@id='con2_ilecell']/div

main

displayed
.//*[@id='fcf']
set_text
click
displayed
.//*[@id='ext-gen25']

main

displayed
.//*[@class='lookupInput']/input
set_text
click
displayed
(.//*[@type='radio'])[1]
click
displayed
.//*[@class='requiredInput']/select
click
click
displayed
.//*[@class='data2Col last']/span
click

main

displayed
.//*[@id='fcf']
set_text
click
displayed
.//*[@id='ext-gen25']

main

click
displayed
(.//*[@class='detailList'])[1]//tr[4]/td[4]//a[1]

main

displayed
.//*[@value='Cancel']
click
displayed
.//*[@value='Cancel']

main

displayed
.//*[@title='CS1'][2]
click
displayed
.//*[@value='Close']
click

main

displayed
.//*[@id='topButtonRow']/input[7]
click

main

displayed
.//*[@title='Next']
click
click

main

displayed
.//*[@class='messageCell']/div

main

displayed
.//*[@title='Close']
click

main

displayed
.//*[@id='topButtonRow']/input[7]

main

displayed
.//*[@name='new']
click
displayed
.//*[@value='Continue']
click
displayed
.//*[@id='Name']
set_text
set_text
set_text
set_text
set_text
set_text
click

main

displayed
.//*[@class='pbButton']/input
click
displayed
.//*[@id='p3']
set_text
click
displayed
.//*[@id='acc2']
set_text
click
displayed
.//*[@title='Delete']

main

displayed
.//*[@class='pbButton']/input
click
displayed
.//*[@id='p3']
set_text
click
displayed
.//*[@id='name_lastcon2']
displayed
.//*[@id='con4']
displayed
(.//*[@class='detailList'])[2]

main

set_text
set_text
click
displayed
.//*[@id='con2_ilecell']/div

main

displayed
.//*[@id='fcf']
set_text
click
displayed
.//*[@id='ext-gen25']

main

displayed
.//*[@class='lookupInput']/input
set_text
click
displayed
(.//*[@type='radio'])[1]
click
displayed
.//*[@class='requiredInput']/select
click
click
displayed
.//*[@class='data2Col last']/span
click

main

displayed
.//*[@id='fcf']
set_text
click
displayed
.//*[@id='ext-gen25']

main

click
displayed
.//*[@id='topButtonRow']/input[7]
click

main

displayed
.//*[@class='messageCell']/div

main

displayed
.//*[@name='new']
click
displayed
.//*[@value='Continue']
click
displayed
.//*[@id='Name']
set_text
set_text
set_text
set_text
set_text
set_text
click

main

displayed
.//*[@class='pbButton']/input
click
displayed
.//*[@id='p3']
set_text
click
displayed
.//*[@id='acc2']
set_text
click
displayed
.//*[@title='Delete']

main

displayed
.//*[@class='pbButton']/input
click
displayed
.//*[@id='p3']
set_text
click
displayed
.//*[@id='name_lastcon2']
displayed
.//*[@id='con4']
displayed
(.//*[@class='detailList'])[2]

main

set_text
set_text
click
displayed
.//*[@id='con2_ilecell']/div

main

displayed
.//*[@id='fcf']
set_text
click
displayed
.//*[@id='ext-gen25']

main

displayed
.//*[@class='lookupInput']/input
set_text
click
displayed
(.//*[@type='radio'])[1]
click
displayed
.//*[@class='requiredInput']/select
click
click
displayed
.//*[@class='data2Col last']/span
click

main

displayed
.//*[@id='fcf']
set_text
click
displayed
.//*[@id='ext-gen25']

main

click
displayed
(.//*[@class='detailList'])[1]//tr[4]/td[4]//a[1]

main

displayed
.//*[@title='Submittal'][2]
click
displayed
.//*[@value='Cancel']

main

displayed
.//*[@id='topButtonRow']/input[7]
click

main

displayed
.//*[@type='checkbox']
click
click
click

main

displayed
.//*[@class='messageCell']/div

main

displayed
.//*[@title='Close']
click

main

displayed
.//*[@id='topButtonRow']/input[7]
  </system-out>
</testsuite>
