<?xml version="1.0" encoding="UTF-8"?>
<testsuite name="TestBoardSetup" tests="1" time="51.67031" failures="0" errors="0" skipped="0" assertions="0" timestamp="2016-03-04T14:44:03-03:00">
  <testcase name="test_board_setup_tc1045" time="51.669933" assertions="0">
  </testcase>
  <system-out>

main

displayed
.//*[@name='edit']
click
checked
.//*[@id='j_id0:frm:PageBlock:j_id32:j_id41'][@checked='checked']
click

main

displayed
.//*[@id='js-menu-register']/a
  </system-out>
</testsuite>
