<?xml version="1.0" encoding="UTF-8"?>
<testsuite name="TestStandardQuestions" tests="1" time="5.634074" failures="0" errors="1" skipped="0" assertions="0" timestamp="2016-03-07T11:20:03-03:00">
  <testcase name="test_FieldValidationQuestionAplicantFalse">
    <error type="NoMethodError" message="undefined method `close' for nil:NilClass">
undefined method `close' for nil:NilClass (NoMethodError)
/Users/admin/Desktop/job-automation/jobscience/lib/New_Automation/tests/test_basic.rb:33:in `teardown'
/Users/admin/.rvm/gems/ruby-2.2.1/gems/test-unit-2.5.5/lib/test/unit/fixture.rb:202:in `block in run_fixture_callback'
/Users/admin/.rvm/gems/ruby-2.2.1/gems/test-unit-2.5.5/lib/test/unit/fixture.rb:207:in `call'
/Users/admin/.rvm/gems/ruby-2.2.1/gems/test-unit-2.5.5/lib/test/unit/fixture.rb:207:in `run_fixture_callback'
/Users/admin/.rvm/gems/ruby-2.2.1/gems/test-unit-2.5.5/lib/test/unit/fixture.rb:190:in `block in run_fixture'
/Users/admin/.rvm/gems/ruby-2.2.1/gems/test-unit-2.5.5/lib/test/unit/fixture.rb:189:in `each'
/Users/admin/.rvm/gems/ruby-2.2.1/gems/test-unit-2.5.5/lib/test/unit/fixture.rb:189:in `run_fixture'
/Users/admin/.rvm/gems/ruby-2.2.1/gems/test-unit-2.5.5/lib/test/unit/fixture.rb:223:in `run_teardown'
/Users/admin/.rvm/gems/ruby-2.2.1/gems/test-unit-2.5.5/lib/test/unit/testcase.rb:439:in `ensure in run'
/Users/admin/.rvm/gems/ruby-2.2.1/gems/test-unit-2.5.5/lib/test/unit/testcase.rb:438:in `run'
/Users/admin/.rvm/gems/ruby-2.2.1/gems/test-unit-2.5.5/lib/test/unit/testsuite.rb:121:in `run_test'
/Users/admin/.rvm/gems/ruby-2.2.1/gems/test-unit-2.5.5/lib/test/unit/testsuite.rb:53:in `run'
/Users/admin/.rvm/gems/ruby-2.2.1/gems/test-unit-2.5.5/lib/test/unit/testsuite.rb:121:in `run_test'
/Users/admin/.rvm/gems/ruby-2.2.1/gems/test-unit-2.5.5/lib/test/unit/testsuite.rb:53:in `run'
/Users/admin/.rvm/gems/ruby-2.2.1/gems/test-unit-2.5.5/lib/test/unit/testsuite.rb:121:in `run_test'
/Users/admin/.rvm/gems/ruby-2.2.1/gems/test-unit-2.5.5/lib/test/unit/testsuite.rb:53:in `run'
/Users/admin/.rvm/gems/ruby-2.2.1/gems/test-unit-2.5.5/lib/test/unit/ui/testrunnermediator.rb:65:in `run_suite'
/Users/admin/.rvm/gems/ruby-2.2.1/gems/test-unit-2.5.5/lib/test/unit/ui/testrunnermediator.rb:44:in `block in run'
/Users/admin/.rvm/gems/ruby-2.2.1/gems/test-unit-2.5.5/lib/test/unit/ui/testrunnermediator.rb:100:in `with_listener'
/Users/admin/.rvm/gems/ruby-2.2.1/gems/test-unit-2.5.5/lib/test/unit/ui/testrunnermediator.rb:40:in `run'
/Users/admin/.rvm/gems/ruby-2.2.1/gems/test-unit-2.5.5/lib/test/unit/ui/testrunner.rb:40:in `start_mediator'
/Users/admin/.rvm/gems/ruby-2.2.1/gems/test-unit-2.5.5/lib/test/unit/ui/testrunner.rb:25:in `start'
/Users/admin/.rvm/gems/ruby-2.2.1/gems/test-unit-2.5.5/lib/test/unit/ui/testrunnerutilities.rb:24:in `run'
/Users/admin/.rvm/gems/ruby-2.2.1/gems/test-unit-2.5.5/lib/test/unit/autorunner.rb:409:in `block in run'
/Users/admin/.rvm/gems/ruby-2.2.1/gems/test-unit-2.5.5/lib/test/unit/autorunner.rb:465:in `change_work_directory'
/Users/admin/.rvm/gems/ruby-2.2.1/gems/test-unit-2.5.5/lib/test/unit/autorunner.rb:408:in `run'
/Users/admin/.rvm/gems/ruby-2.2.1/gems/test-unit-2.5.5/lib/test/unit/autorunner.rb:59:in `run'
/Users/admin/.rvm/gems/ruby-2.2.1/gems/test-unit-2.5.5/lib/test/unit.rb:502:in `block (2 levels) in &lt;top (required)&gt;'    </error>
  </testcase>
</testsuite>
