<?xml version="1.0" encoding="UTF-8"?>
<testsuite name="TestSources" tests="1" time="28.379592" failures="0" errors="0" skipped="0" assertions="0" timestamp="2016-03-21T12:15:13-03:00">
  <testcase name="test_sources_tc937" time="28.379216" assertions="0">
  </testcase>
  <system-out>

main

displayed
click
displayed
set_text
set_text
set_text
click
displayed
  </system-out>
</testsuite>
