<?xml version="1.0" encoding="UTF-8"?>
<testsuite name="TestStandardQuestions" tests="1" time="39.793022" failures="0" errors="2" skipped="0" assertions="0" timestamp="2016-03-11T18:52:22-02:00">
  <testcase name="test_successfullyCreated" time="39.792562" assertions="0">
    <error type="EOFError" message="end of file reached">
end of file reached (EOFError)
/Library/Ruby/Gems/2.0.0/gems/selenium-webdriver-2.52.0/lib/selenium/webdriver/safari/server.rb:63:in `read_nonblock'
/Library/Ruby/Gems/2.0.0/gems/selenium-webdriver-2.52.0/lib/selenium/webdriver/safari/server.rb:63:in `receive'
/Library/Ruby/Gems/2.0.0/gems/selenium-webdriver-2.52.0/lib/selenium/webdriver/safari/bridge.rb:83:in `raw_execute'
/Library/Ruby/Gems/2.0.0/gems/selenium-webdriver-2.52.0/lib/selenium/webdriver/safari/bridge.rb:63:in `create_session'
/Library/Ruby/Gems/2.0.0/gems/selenium-webdriver-2.52.0/lib/selenium/webdriver/remote/bridge.rb:87:in `initialize'
/Library/Ruby/Gems/2.0.0/gems/selenium-webdriver-2.52.0/lib/selenium/webdriver/safari/bridge.rb:43:in `initialize'
/Library/Ruby/Gems/2.0.0/gems/selenium-webdriver-2.52.0/lib/selenium/webdriver/common/driver.rb:74:in `new'
/Library/Ruby/Gems/2.0.0/gems/selenium-webdriver-2.52.0/lib/selenium/webdriver/common/driver.rb:74:in `for'
/Library/Ruby/Gems/2.0.0/gems/selenium-webdriver-2.52.0/lib/selenium/webdriver.rb:86:in `for'
/Users/admin/jobscience/lib/New_Automation/tests/test_basic.rb:18:in `setup'
/Library/Ruby/Gems/2.0.0/gems/test-unit-2.5.5/lib/test/unit/fixture.rb:202:in `block in run_fixture_callback'
/Library/Ruby/Gems/2.0.0/gems/test-unit-2.5.5/lib/test/unit/fixture.rb:207:in `call'
/Library/Ruby/Gems/2.0.0/gems/test-unit-2.5.5/lib/test/unit/fixture.rb:207:in `run_fixture_callback'
/Library/Ruby/Gems/2.0.0/gems/test-unit-2.5.5/lib/test/unit/fixture.rb:190:in `block in run_fixture'
/Library/Ruby/Gems/2.0.0/gems/test-unit-2.5.5/lib/test/unit/fixture.rb:189:in `each'
/Library/Ruby/Gems/2.0.0/gems/test-unit-2.5.5/lib/test/unit/fixture.rb:189:in `run_fixture'
/Library/Ruby/Gems/2.0.0/gems/test-unit-2.5.5/lib/test/unit/fixture.rb:215:in `run_setup'
/Library/Ruby/Gems/2.0.0/gems/test-unit-2.5.5/lib/test/unit/testcase.rb:430:in `run'
/Library/Ruby/Gems/2.0.0/gems/test-unit-2.5.5/lib/test/unit/testsuite.rb:121:in `run_test'
/Library/Ruby/Gems/2.0.0/gems/test-unit-2.5.5/lib/test/unit/testsuite.rb:53:in `run'
/Library/Ruby/Gems/2.0.0/gems/test-unit-2.5.5/lib/test/unit/testsuite.rb:121:in `run_test'
/Library/Ruby/Gems/2.0.0/gems/test-unit-2.5.5/lib/test/unit/testsuite.rb:53:in `run'
/Library/Ruby/Gems/2.0.0/gems/test-unit-2.5.5/lib/test/unit/testsuite.rb:121:in `run_test'
/Library/Ruby/Gems/2.0.0/gems/test-unit-2.5.5/lib/test/unit/testsuite.rb:53:in `run'
/Library/Ruby/Gems/2.0.0/gems/test-unit-2.5.5/lib/test/unit/ui/testrunnermediator.rb:65:in `run_suite'
/Library/Ruby/Gems/2.0.0/gems/test-unit-2.5.5/lib/test/unit/ui/testrunnermediator.rb:44:in `block in run'
/Library/Ruby/Gems/2.0.0/gems/test-unit-2.5.5/lib/test/unit/ui/testrunnermediator.rb:100:in `with_listener'
/Library/Ruby/Gems/2.0.0/gems/test-unit-2.5.5/lib/test/unit/ui/testrunnermediator.rb:40:in `run'
/Library/Ruby/Gems/2.0.0/gems/test-unit-2.5.5/lib/test/unit/ui/testrunner.rb:40:in `start_mediator'
/Library/Ruby/Gems/2.0.0/gems/test-unit-2.5.5/lib/test/unit/ui/testrunner.rb:25:in `start'
/Library/Ruby/Gems/2.0.0/gems/test-unit-2.5.5/lib/test/unit/ui/testrunnerutilities.rb:24:in `run'
/Library/Ruby/Gems/2.0.0/gems/test-unit-2.5.5/lib/test/unit/autorunner.rb:409:in `block in run'
/Library/Ruby/Gems/2.0.0/gems/test-unit-2.5.5/lib/test/unit/autorunner.rb:465:in `change_work_directory'
/Library/Ruby/Gems/2.0.0/gems/test-unit-2.5.5/lib/test/unit/autorunner.rb:408:in `run'
/Library/Ruby/Gems/2.0.0/gems/test-unit-2.5.5/lib/test/unit/autorunner.rb:59:in `run'
/Library/Ruby/Gems/2.0.0/gems/test-unit-2.5.5/lib/test/unit.rb:502:in `block (2 levels) in &lt;top (required)&gt;'    </error>
    <error type="NoMethodError" message="undefined method `close' for nil:NilClass">
undefined method `close' for nil:NilClass (NoMethodError)
/Users/admin/jobscience/lib/New_Automation/tests/test_basic.rb:33:in `teardown'
/Library/Ruby/Gems/2.0.0/gems/test-unit-2.5.5/lib/test/unit/fixture.rb:202:in `block in run_fixture_callback'
/Library/Ruby/Gems/2.0.0/gems/test-unit-2.5.5/lib/test/unit/fixture.rb:207:in `call'
/Library/Ruby/Gems/2.0.0/gems/test-unit-2.5.5/lib/test/unit/fixture.rb:207:in `run_fixture_callback'
/Library/Ruby/Gems/2.0.0/gems/test-unit-2.5.5/lib/test/unit/fixture.rb:190:in `block in run_fixture'
/Library/Ruby/Gems/2.0.0/gems/test-unit-2.5.5/lib/test/unit/fixture.rb:189:in `each'
/Library/Ruby/Gems/2.0.0/gems/test-unit-2.5.5/lib/test/unit/fixture.rb:189:in `run_fixture'
/Library/Ruby/Gems/2.0.0/gems/test-unit-2.5.5/lib/test/unit/fixture.rb:223:in `run_teardown'
/Library/Ruby/Gems/2.0.0/gems/test-unit-2.5.5/lib/test/unit/testcase.rb:439:in `run'
/Library/Ruby/Gems/2.0.0/gems/test-unit-2.5.5/lib/test/unit/testsuite.rb:121:in `run_test'
/Library/Ruby/Gems/2.0.0/gems/test-unit-2.5.5/lib/test/unit/testsuite.rb:53:in `run'
/Library/Ruby/Gems/2.0.0/gems/test-unit-2.5.5/lib/test/unit/testsuite.rb:121:in `run_test'
/Library/Ruby/Gems/2.0.0/gems/test-unit-2.5.5/lib/test/unit/testsuite.rb:53:in `run'
/Library/Ruby/Gems/2.0.0/gems/test-unit-2.5.5/lib/test/unit/testsuite.rb:121:in `run_test'
/Library/Ruby/Gems/2.0.0/gems/test-unit-2.5.5/lib/test/unit/testsuite.rb:53:in `run'
/Library/Ruby/Gems/2.0.0/gems/test-unit-2.5.5/lib/test/unit/ui/testrunnermediator.rb:65:in `run_suite'
/Library/Ruby/Gems/2.0.0/gems/test-unit-2.5.5/lib/test/unit/ui/testrunnermediator.rb:44:in `block in run'
/Library/Ruby/Gems/2.0.0/gems/test-unit-2.5.5/lib/test/unit/ui/testrunnermediator.rb:100:in `with_listener'
/Library/Ruby/Gems/2.0.0/gems/test-unit-2.5.5/lib/test/unit/ui/testrunnermediator.rb:40:in `run'
/Library/Ruby/Gems/2.0.0/gems/test-unit-2.5.5/lib/test/unit/ui/testrunner.rb:40:in `start_mediator'
/Library/Ruby/Gems/2.0.0/gems/test-unit-2.5.5/lib/test/unit/ui/testrunner.rb:25:in `start'
/Library/Ruby/Gems/2.0.0/gems/test-unit-2.5.5/lib/test/unit/ui/testrunnerutilities.rb:24:in `run'
/Library/Ruby/Gems/2.0.0/gems/test-unit-2.5.5/lib/test/unit/autorunner.rb:409:in `block in run'
/Library/Ruby/Gems/2.0.0/gems/test-unit-2.5.5/lib/test/unit/autorunner.rb:465:in `change_work_directory'
/Library/Ruby/Gems/2.0.0/gems/test-unit-2.5.5/lib/test/unit/autorunner.rb:408:in `run'
/Library/Ruby/Gems/2.0.0/gems/test-unit-2.5.5/lib/test/unit/autorunner.rb:59:in `run'
/Library/Ruby/Gems/2.0.0/gems/test-unit-2.5.5/lib/test/unit.rb:502:in `block (2 levels) in &lt;top (required)&gt;'    </error>
  </testcase>
</testsuite>
