<?xml version="1.0" encoding="UTF-8"?>
<testsuite name="TestJobTemplates" tests="1" time="29.709668" failures="0" errors="0" skipped="0" assertions="1" timestamp="2016-03-11T16:37:17-03:00">
  <testcase name="test_newJobTemplateMapping" time="29.709215" assertions="1">
  </testcase>
  <system-out>

main

displayed
click_and_load
displayed
set_text
click_and_load
  </system-out>
</testsuite>
