<?xml version="1.0" encoding="UTF-8"?>
<testsuite name="TestStandardQuestions" tests="1" time="39.751374" failures="0" errors="0" skipped="0" assertions="1" timestamp="2016-03-11T16:55:19-02:00">
  <testcase name="test_StandardQuestionHandlerOmit" time="39.750801" assertions="1">
  </testcase>
  <system-out>

main

displayed
click
displayed
click_and_load
displayed
click_and_load
displayed
click

main

displayed
click
  </system-out>
</testsuite>
