<?xml version="1.0" encoding="UTF-8"?>
<testsuite name="TestJobTemplates" tests="1" time="27.166612" failures="0" errors="0" skipped="0" assertions="2" timestamp="2016-03-11T16:33:57-03:00">
  <testcase name="test_newJobTemplateValidation" time="27.166245" assertions="2">
  </testcase>
  <system-out>

main

displayed
click_and_load
displayed
click_and_load
  </system-out>
</testsuite>
