<?xml version="1.0" encoding="UTF-8"?>
<testsuite name="TestRequisition" tests="1" time="29.656065" failures="0" errors="0" skipped="0" assertions="1" timestamp="2016-03-16T10:49:00-03:00">
  <testcase name="test_changePriority" time="29.655518" assertions="1">
  </testcase>
  <system-out>

main

displayed
click
click
displayed
set_text
click
  </system-out>
</testsuite>
