<?xml version="1.0" encoding="UTF-8"?>
<testsuite name="TestResume" tests="1" time="55.429222" failures="1" errors="0" skipped="0" assertions="2" timestamp="2016-03-18T14:39:34-03:00">
  <testcase name="test_resumeUpdateInternational" time="55.428979" assertions="2">
    <failure type="Test::Unit::AssertionFailedError" message="&lt;&quot;8ArdaghRdMontrealLimerickH3Z2Y7IE&quot;&gt; expected but was...">
&lt;"8ArdaghRdMontrealLimerickH3Z2Y7IE"&gt; expected but was
&lt;"8ArdaghRdLimerickIE"&gt;. (Test::Unit::AssertionFailedError)
/Users/admin/jobscience/lib/New_Automation/tests/test_resume.rb:1128:in `test_resumeUpdateInternational'    </failure>
  </testcase>
  <system-out>

main

displayed
click
displayed
click_and_load
displayed
click_and_load
displayed
click

main

displayed
click

main

displayed
click

main

set_text
click

main

displayed
click
displayed
click

main

displayed
upload
https://ts2.na17.visual.force.com/apex/ResumeAddUpdateBackend?scontrolCaching=1&amp;id=003o000000q4LmL
upload
click
  </system-out>
</testsuite>
