<?xml version="1.0" encoding="UTF-8"?>
<testsuite name="TestRequisition" tests="1" time="23.642525" failures="0" errors="1" skipped="0" assertions="0" timestamp="2016-03-15T20:30:16-03:00">
  <testcase name="test_newJobOrder" time="23.641885" assertions="0">
    <error type="Selenium::WebDriver::Error::ElementNotVisibleError" message="element not visible...">
element not visible
  (Session info: chrome=49.0.2623.87)
  (Driver info: chromedriver=2.9.248307,platform=Mac OS X 10.10.5 x86_64) (Selenium::WebDriver::Error::ElementNotVisibleError)
/Library/Ruby/Gems/2.0.0/gems/selenium-webdriver-2.52.0/lib/selenium/webdriver/remote/response.rb:70:in `assert_ok'
/Library/Ruby/Gems/2.0.0/gems/selenium-webdriver-2.52.0/lib/selenium/webdriver/remote/response.rb:34:in `initialize'
/Library/Ruby/Gems/2.0.0/gems/selenium-webdriver-2.52.0/lib/selenium/webdriver/remote/http/common.rb:78:in `new'
/Library/Ruby/Gems/2.0.0/gems/selenium-webdriver-2.52.0/lib/selenium/webdriver/remote/http/common.rb:78:in `create_response'
/Library/Ruby/Gems/2.0.0/gems/selenium-webdriver-2.52.0/lib/selenium/webdriver/remote/http/default.rb:90:in `request'
/Library/Ruby/Gems/2.0.0/gems/selenium-webdriver-2.52.0/lib/selenium/webdriver/remote/http/common.rb:59:in `call'
/Library/Ruby/Gems/2.0.0/gems/selenium-webdriver-2.52.0/lib/selenium/webdriver/remote/bridge.rb:645:in `raw_execute'
/Library/Ruby/Gems/2.0.0/gems/selenium-webdriver-2.52.0/lib/selenium/webdriver/remote/bridge.rb:623:in `execute'
/Library/Ruby/Gems/2.0.0/gems/selenium-webdriver-2.52.0/lib/selenium/webdriver/remote/bridge.rb:385:in `clickElement'
/Library/Ruby/Gems/2.0.0/gems/selenium-webdriver-2.52.0/lib/selenium/webdriver/common/element.rb:73:in `click'
/Users/admin/jobscience/lib/New_Automation/tests/common.rb:79:in `click_and_load'
/Users/admin/jobscience/lib/New_Automation/tests/common.rb:376:in `block in main'
/Users/admin/jobscience/lib/New_Automation/tests/common.rb:266:in `each'
/Users/admin/jobscience/lib/New_Automation/tests/common.rb:266:in `main'
/Users/admin/jobscience/lib/New_Automation/tests/test_requisition.rb:39:in `test_newJobOrder'
/Library/Ruby/Gems/2.0.0/gems/test-unit-2.5.5/lib/test/unit/testcase.rb:691:in `run_test'
/Library/Ruby/Gems/2.0.0/gems/test-unit-2.5.5/lib/test/unit/testcase.rb:431:in `run'
/Library/Ruby/Gems/2.0.0/gems/test-unit-2.5.5/lib/test/unit/testsuite.rb:121:in `run_test'
/Library/Ruby/Gems/2.0.0/gems/test-unit-2.5.5/lib/test/unit/testsuite.rb:53:in `run'
/Library/Ruby/Gems/2.0.0/gems/test-unit-2.5.5/lib/test/unit/testsuite.rb:121:in `run_test'
/Library/Ruby/Gems/2.0.0/gems/test-unit-2.5.5/lib/test/unit/testsuite.rb:53:in `run'
/Library/Ruby/Gems/2.0.0/gems/test-unit-2.5.5/lib/test/unit/testsuite.rb:121:in `run_test'
/Library/Ruby/Gems/2.0.0/gems/test-unit-2.5.5/lib/test/unit/testsuite.rb:53:in `run'
/Library/Ruby/Gems/2.0.0/gems/test-unit-2.5.5/lib/test/unit/ui/testrunnermediator.rb:65:in `run_suite'
/Library/Ruby/Gems/2.0.0/gems/test-unit-2.5.5/lib/test/unit/ui/testrunnermediator.rb:44:in `block in run'
/Library/Ruby/Gems/2.0.0/gems/test-unit-2.5.5/lib/test/unit/ui/testrunnermediator.rb:100:in `with_listener'
/Library/Ruby/Gems/2.0.0/gems/test-unit-2.5.5/lib/test/unit/ui/testrunnermediator.rb:40:in `run'
/Library/Ruby/Gems/2.0.0/gems/test-unit-2.5.5/lib/test/unit/ui/testrunner.rb:40:in `start_mediator'
/Library/Ruby/Gems/2.0.0/gems/test-unit-2.5.5/lib/test/unit/ui/testrunner.rb:25:in `start'
/Library/Ruby/Gems/2.0.0/gems/test-unit-2.5.5/lib/test/unit/ui/testrunnerutilities.rb:24:in `run'
/Library/Ruby/Gems/2.0.0/gems/test-unit-2.5.5/lib/test/unit/autorunner.rb:409:in `block in run'
/Library/Ruby/Gems/2.0.0/gems/test-unit-2.5.5/lib/test/unit/autorunner.rb:465:in `change_work_directory'
/Library/Ruby/Gems/2.0.0/gems/test-unit-2.5.5/lib/test/unit/autorunner.rb:408:in `run'
/Library/Ruby/Gems/2.0.0/gems/test-unit-2.5.5/lib/test/unit/autorunner.rb:59:in `run'
/Library/Ruby/Gems/2.0.0/gems/test-unit-2.5.5/lib/test/unit.rb:502:in `block (2 levels) in &lt;top (required)&gt;'    </error>
  </testcase>
  <system-out>

main

displayed
click_and_load
displayed
set_text
click_and_load
  </system-out>
</testsuite>
