<?xml version="1.0" encoding="UTF-8"?>
<testsuite name="TestRequisition" tests="1" time="35.718461" failures="0" errors="0" skipped="0" assertions="1" timestamp="2016-03-16T10:52:02-03:00">
  <testcase name="test_changePriorityValidation" time="35.717889" assertions="1">
  </testcase>
  <system-out>

main

displayed
click
click
displayed
click
  </system-out>
</testsuite>
