<?xml version="1.0" encoding="UTF-8"?>
<testsuite name="TestResume" tests="1" time="50.068424" failures="0" errors="0" skipped="0" assertions="1" timestamp="2016-03-04T11:07:31-02:00">
  <testcase name="test_jobBoardResumeAttachOnly" time="50.067876" assertions="1">
  </testcase>
  <system-out>

main

displayed
.//*[@value='Edit']
click

main

set_text
click

main

displayed
.//*[@id='js-menu-login']/a
click
displayed
.//*[@style='margin-top:1em;']/tbody/tr[1]//input
set_text
set_text
click
displayed
.//*[@id='js-menu-resume']/a
click
upload
https://js-recruiting-148857d918a-14910044900.secure.force.com/openings/ts2__Resume?uc=update
upload
click
  </system-out>
</testsuite>
