<?xml version="1.0" encoding="UTF-8"?>
<testsuite name="TestStandardQuestions" tests="1" time="27.164234" failures="0" errors="0" skipped="0" assertions="2" timestamp="2016-03-17T12:14:50-03:00">
  <testcase name="test_successfullyCreated" time="27.163851" assertions="2">
  </testcase>
</testsuite>
