<?xml version="1.0" encoding="UTF-8"?>
<testsuite name="TestRequisition" tests="1" time="63.799683" failures="0" errors="0" skipped="0" assertions="8" timestamp="2016-03-16T09:31:46-03:00">
  <testcase name="test_newJobOrderValidation" time="63.799078" assertions="8">
  </testcase>
  <system-out>

main

displayed
click_and_load
displayed
set_text
click_and_load
displayed
click_and_load

main

displayed
click_and_load
displayed
set_text
click_and_load
displayed
set_text
set_text
set_text
set_text
set_text
set_text
set_text
click_and_load

main

displayed
click_and_load
displayed
set_text
click_and_load
displayed
set_text
set_text
set_text
set_text
set_text
set_text
click_and_load

main

displayed
click_and_load
displayed
set_text
click_and_load
displayed
set_text
set_text
set_text
set_text
set_text
set_text
set_text
click_and_load
  </system-out>
</testsuite>
