<?xml version="1.0" encoding="UTF-8"?>
<testsuite name="TestJobTemplates" tests="1" time="28.538527" failures="0" errors="0" skipped="0" assertions="2" timestamp="2016-03-11T16:38:02-03:00">
  <testcase name="test_newJobTemplateMappingValidation" time="28.53818" assertions="2">
  </testcase>
  <system-out>

main

displayed
click_and_load
displayed
click
  </system-out>
</testsuite>
