<?xml version="1.0" encoding="UTF-8"?>
<testsuite name="TestResume" tests="1" time="58.055458" failures="1" errors="0" skipped="0" assertions="2" timestamp="2016-03-18T14:44:46-03:00">
  <testcase name="test_stateContryPicklistUpdateResumeValidation" time="58.055202" assertions="2">
    <failure type="Test::Unit::AssertionFailedError" message="&lt;&quot;10­123 Main st\nMontreal, QC H3Z 2Y7\nCA&quot;&gt; expected but was...">
&lt;"10­123 Main st\nMontreal, QC H3Z 2Y7\nCA"&gt; expected but was
&lt;""&gt;.

diff:
- 10­123 Main st
- Montreal, QC H3Z 2Y7
- CA (Test::Unit::AssertionFailedError)
/Users/admin/jobscience/lib/New_Automation/tests/test_resume.rb:1177:in `test_stateContryPicklistUpdateResumeValidation'    </failure>
  </testcase>
  <system-out>

main

displayed
click
displayed
click_and_load
displayed
click_and_load
displayed
click

main

displayed
click

main

displayed
click

main

set_text
checked
click

main

displayed
click
displayed
click

main

displayed
upload
https://ts2.na17.visual.force.com/apex/ResumeAddUpdateBackend?scontrolCaching=1&amp;id=003o000000q4MQ0
upload
click
  </system-out>
</testsuite>
