<?xml version="1.0" encoding="UTF-8"?>
<testsuite name="TestActionsOnRecord" tests="1" time="64.683236" failures="0" errors="0" skipped="0" assertions="2" timestamp="2016-03-17T14:19:32-03:00">
  <testcase name="test_AddNewSkillToContact" time="64.682918" assertions="2">
  </testcase>
  <system-out>

main

displayed
click_and_load
displayed
set_text
click_and_load
displayed
set_text
click_and_load
displayed

main

displayed
click_and_load
displayed
set_text
click_and_load
displayed
displayed
displayed

main

set_text
set_text
click_and_load
displayed

main

displayed
click_and_load

main

displayed
click

main

displayed
click
click
click
displayed
click_and_load
displayed

main

displayed
click_and_load
  </system-out>
</testsuite>
