<?xml version="1.0" encoding="UTF-8"?>
<testsuite name="TestRequisition" tests="1" time="43.915632" failures="0" errors="1" skipped="0" assertions="0" timestamp="2016-03-16T09:44:59-03:00">
  <testcase name="test_transferJobs" time="43.915311" assertions="0">
    <error type="Selenium::WebDriver::Error::TimeOutError" message="timed out after 20 seconds">
timed out after 20 seconds (Selenium::WebDriver::Error::TimeOutError)
/Library/Ruby/Gems/2.0.0/gems/selenium-webdriver-2.52.0/lib/selenium/webdriver/common/wait.rb:76:in `until'
/Users/admin/jobscience/lib/New_Automation/tests/common.rb:80:in `click_and_load'
/Users/admin/jobscience/lib/New_Automation/tests/common.rb:376:in `block in main'
/Users/admin/jobscience/lib/New_Automation/tests/common.rb:266:in `each'
/Users/admin/jobscience/lib/New_Automation/tests/common.rb:266:in `main'
/Users/admin/jobscience/lib/New_Automation/tests/test_requisition.rb:140:in `test_transferJobs'
/Library/Ruby/Gems/2.0.0/gems/test-unit-2.5.5/lib/test/unit/testcase.rb:691:in `run_test'
/Library/Ruby/Gems/2.0.0/gems/test-unit-2.5.5/lib/test/unit/testcase.rb:431:in `run'
/Library/Ruby/Gems/2.0.0/gems/test-unit-2.5.5/lib/test/unit/testsuite.rb:121:in `run_test'
/Library/Ruby/Gems/2.0.0/gems/test-unit-2.5.5/lib/test/unit/testsuite.rb:53:in `run'
/Library/Ruby/Gems/2.0.0/gems/test-unit-2.5.5/lib/test/unit/testsuite.rb:121:in `run_test'
/Library/Ruby/Gems/2.0.0/gems/test-unit-2.5.5/lib/test/unit/testsuite.rb:53:in `run'
/Library/Ruby/Gems/2.0.0/gems/test-unit-2.5.5/lib/test/unit/testsuite.rb:121:in `run_test'
/Library/Ruby/Gems/2.0.0/gems/test-unit-2.5.5/lib/test/unit/testsuite.rb:53:in `run'
/Library/Ruby/Gems/2.0.0/gems/test-unit-2.5.5/lib/test/unit/ui/testrunnermediator.rb:65:in `run_suite'
/Library/Ruby/Gems/2.0.0/gems/test-unit-2.5.5/lib/test/unit/ui/testrunnermediator.rb:44:in `block in run'
/Library/Ruby/Gems/2.0.0/gems/test-unit-2.5.5/lib/test/unit/ui/testrunnermediator.rb:100:in `with_listener'
/Library/Ruby/Gems/2.0.0/gems/test-unit-2.5.5/lib/test/unit/ui/testrunnermediator.rb:40:in `run'
/Library/Ruby/Gems/2.0.0/gems/test-unit-2.5.5/lib/test/unit/ui/testrunner.rb:40:in `start_mediator'
/Library/Ruby/Gems/2.0.0/gems/test-unit-2.5.5/lib/test/unit/ui/testrunner.rb:25:in `start'
/Library/Ruby/Gems/2.0.0/gems/test-unit-2.5.5/lib/test/unit/ui/testrunnerutilities.rb:24:in `run'
/Library/Ruby/Gems/2.0.0/gems/test-unit-2.5.5/lib/test/unit/autorunner.rb:409:in `block in run'
/Library/Ruby/Gems/2.0.0/gems/test-unit-2.5.5/lib/test/unit/autorunner.rb:465:in `change_work_directory'
/Library/Ruby/Gems/2.0.0/gems/test-unit-2.5.5/lib/test/unit/autorunner.rb:408:in `run'
/Library/Ruby/Gems/2.0.0/gems/test-unit-2.5.5/lib/test/unit/autorunner.rb:59:in `run'
/Library/Ruby/Gems/2.0.0/gems/test-unit-2.5.5/lib/test/unit.rb:502:in `block (2 levels) in &lt;top (required)&gt;'    </error>
  </testcase>
  <system-out>

main

displayed
click
displayed
click_and_load
displayed
set_text
click_and_load
  </system-out>
</testsuite>
