<?xml version="1.0" encoding="UTF-8"?>
<testsuite name="TestJobTemplates" tests="1" time="21.246064" failures="0" errors="0" skipped="0" assertions="2" timestamp="2016-03-08T19:08:51-03:00">
  <testcase name="test_newJobTemplateValidation" time="21.245472" assertions="2">
  </testcase>
  <system-out>

main

displayed
.//*[@class='pbButton']//*[@class='btn']
click
displayed
.//*[@id='Name']
click
  </system-out>
</testsuite>
