<?xml version="1.0" encoding="UTF-8"?>
<testsuite name="EeoQuestion" tests="1" time="47.560301" failures="0" errors="0" skipped="0" assertions="1" timestamp="2016-03-15T13:34:11-03:00">
  <testcase name="test_eeoQuestionDisplayedQuestion" time="47.559641" assertions="1">
  </testcase>
  <system-out>

main

displayed
click_and_load
displayed
click_and_load
displayed
checked
checked
checked
Error

main

checked
checked
click_and_load
  </system-out>
</testsuite>
