<?xml version="1.0" encoding="UTF-8"?>
<testsuite name="TestStandardQuestions" tests="1" time="20.356716" failures="0" errors="0" skipped="0" assertions="1" timestamp="2016-03-11T15:45:00-02:00">
  <testcase name="test_FieldValidationQuestionAplicantFalse" time="20.355962" assertions="1">
  </testcase>
</testsuite>
