<?xml version="1.0" encoding="UTF-8"?>
<testsuite name="TestRequisition" tests="1" time="58.468689" failures="0" errors="0" skipped="0" assertions="1" timestamp="2016-03-16T15:09:55-03:00">
  <testcase name="test_closeJobOrderValidation" time="58.46813" assertions="1">
  </testcase>
  <system-out>

main

displayed
click
displayed
set_text
click_and_load

main

set_text
set_text
set_text
set_text
set_text
set_text
set_text
click

main

displayed
click
displayed
click
  </system-out>
</testsuite>
