<?xml version="1.0" encoding="UTF-8"?>
<testsuite name="TestRequisition" tests="1" time="44.807927" failures="0" errors="0" skipped="0" assertions="1" timestamp="2016-03-16T09:54:09-03:00">
  <testcase name="test_transferJobs" time="44.807336" assertions="1">
  </testcase>
  <system-out>

main

displayed
checked
Error
displayed
click_and_load
displayed
set_text
click
  </system-out>
</testsuite>
