<?xml version="1.0" encoding="UTF-8"?>
<testsuite name="TestResume" tests="1" time="74.001458" failures="0" errors="0" skipped="0" assertions="1" timestamp="2016-03-17T20:28:20-03:00">
  <testcase name="test_contactUpdateResumeParseFields" time="74.001133" assertions="1">
  </testcase>
  <system-out>

main

displayed
click
displayed
click_and_load
displayed
click_and_load
displayed
click

main

displayed
click

main

displayed
click

main

set_text
click

main

displayed
click
displayed
click

main

displayed
upload
https://ts2.na17.visual.force.com/apex/ResumeAddUpdateBackend?scontrolCaching=1&amp;id=003o000000q4F3t
upload
click
  </system-out>
</testsuite>
