<?xml version="1.0" encoding="UTF-8"?>
<testsuite name="TestBoardSetup" tests="1" time="104.355828" failures="0" errors="0" skipped="0" assertions="0" timestamp="2016-03-04T14:29:36-03:00">
  <testcase name="test_board_setup_tc1044" time="104.35535" assertions="0">
  </testcase>
  <system-out>

main

displayed
.//*[@name='edit']
click
unchecked
.//*[@id='j_id0:frm:PageBlock:j_id32:j_id41'][not (@checked='checked')]
click

main

(.//*[@id='j_id0:j_id1:atsForm:atsSearchResultsTable:tb']/child::tr/child::td/child::a)[1]
.//*[@id='j_id0:j_id4:j_id128'][text()[contains(.,'You have already applied')]]

displayed
.//*[@class='atsJobDetailsAlreadyLogin']//a
click
displayed
(.//*[@class='atsInput'])[1]
  </system-out>
</testsuite>
