<?xml version="1.0" encoding="UTF-8"?>
<testsuite name="EeoQuestion" tests="1" time="62.025182" failures="0" errors="0" skipped="0" assertions="1" timestamp="2016-03-04T18:44:25-02:00">
  <testcase name="test_eeoQuestionHandlerOmit" time="62.024638" assertions="1">
  </testcase>
  <system-out>

main

displayed
.//*[@id='js-menu-login']/a
click
displayed
.//*[@style='margin-top:1em;']/tbody/tr[1]//input
set_text
set_text
click
displayed
.//*[@id='j_id0:j_id1:atsForm:atsSearchResultsTable:0:j_id82:0:j_id83']/a
click
displayed
.//*[@class='atsJobDetailsAlreadyLogin']//a
click

main

displayed
.//*[@value='Continue']

main

displayed
.//*[@value='Submit']
click
  </system-out>
</testsuite>
