<?xml version="1.0" encoding="UTF-8"?>
<testsuite name="TestStandardQuestions" tests="1" time="65.585875" failures="0" errors="0" skipped="0" assertions="1" timestamp="2016-03-11T18:05:03-02:00">
  <testcase name="test_validationStandarQuestion" time="65.585084" assertions="1">
  </testcase>
</testsuite>
