<?xml version="1.0" encoding="UTF-8"?>
<testsuite name="TestStandardQuestions" tests="1" time="49.2521" failures="0" errors="0" skipped="0" assertions="1" timestamp="2016-03-11T18:10:34-02:00">
  <testcase name="test_StandardQuestionHandlerOmit" time="49.25162" assertions="1">
  </testcase>
  <system-out>

main

displayed
click
displayed
click_and_load
displayed
click_and_load
displayed
click

main

displayed
click
  </system-out>
</testsuite>
