<?xml version="1.0" encoding="UTF-8"?>
<testsuite name="TestResume" tests="1" time="55.559723" failures="0" errors="0" skipped="0" assertions="0" timestamp="2016-03-17T17:58:28-03:00">
  <testcase name="test_ResumToolAttachOly" time="55.559277" assertions="0">
  </testcase>
  <system-out>

main

displayed
click
displayed
click_and_load
displayed
click_and_load
displayed
click

main

displayed
click

main

displayed
click

main

set_text
click

main

displayed
click

main

displayed
upload
https://ts2.na17.visual.force.com/apex/ResumeAddUpdateBackend?id=005o0000001NWrs
upload
click
  </system-out>
</testsuite>
