<?xml version="1.0" encoding="UTF-8"?>
<testsuite name="EeoQuestion" tests="1" time="102.315457" failures="0" errors="0" skipped="0" assertions="1" timestamp="2016-03-15T13:24:56-03:00">
  <testcase name="test_eeoQuestionDisplayedQuestion" time="102.314939" assertions="1">
  </testcase>
  <system-out>

main

displayed
click_and_load
displayed
click_and_load
displayed
checked
Error
checked
Error

main

checked
Error
checked
Error
click_and_load
  </system-out>
</testsuite>
