<?xml version="1.0" encoding="UTF-8"?>
<testsuite name="TestStandardQuestions" tests="1" time="54.246875" failures="0" errors="0" skipped="0" assertions="1" timestamp="2016-03-11T17:10:31-02:00">
  <testcase name="test_validationStandarQuestionFalseApplicant" time="54.246291" assertions="1">
  </testcase>
</testsuite>
