<?xml version="1.0" encoding="UTF-8"?>
<testsuite name="TestJobTemplates" tests="2" time="46.339379" failures="0" errors="0" skipped="0" assertions="3" timestamp="2016-03-08T18:05:52-03:00">
  <testcase name="test_newJobTemplate" time="24.147509" assertions="1">
  </testcase>
  <testcase name="test_newJobTemplateValidation" time="22.191375" assertions="2">
  </testcase>
  <system-out>

main

displayed
.//*[@class='pbButton']//*[@class='btn']
click
displayed
.//*[@id='Name']
set_text
set_text
click

main

displayed
.//*[@class='pbButton']//*[@class='btn']
click
displayed
.//*[@id='Name']
click
  </system-out>
</testsuite>
