<?xml version="1.0" encoding="UTF-8"?>
<testsuite name="TestStandardQuestions" tests="1" time="89.392249" failures="0" errors="0" skipped="0" assertions="1" timestamp="2016-03-03T17:51:13-02:00">
  <testcase name="test_validationStandarQuestionFalseApplicant" time="89.391764" assertions="1">
  </testcase>
</testsuite>
