<?xml version="1.0" encoding="UTF-8"?>
<testsuite name="TestResume" tests="1" time="54.760886" failures="0" errors="0" skipped="0" assertions="1" timestamp="2016-03-17T17:07:23-03:00">
  <testcase name="test_jobBoardResumeParseFields" time="54.760557" assertions="1">
  </testcase>
  <system-out>

main

displayed
click
displayed
click_and_load
displayed
click_and_load
displayed
click_and_load
displayed
click
displayed
click
displayed
click

main

displayed
click
displayed
click_and_load
displayed
click_and_load
displayed
click

main

displayed
click

main

displayed
click

main

set_text
click

main

displayed
click
displayed
set_text
set_text
click
displayed
click
upload
https://js-recruiting-148857d918a-14910044900.secure.force.com/openings/ts2__Resume?uc=update
upload
click
  </system-out>
</testsuite>
