<?xml version="1.0" encoding="UTF-8"?>
<testsuite name="TestSources" tests="1" time="112.689499" failures="0" errors="0" skipped="0" assertions="0" timestamp="2016-03-21T16:54:14-03:00">
  <testcase name="test_sources_tc943" time="112.689156" assertions="0">
  </testcase>
  <system-out>

main

displayed
click
displayed
click_and_load
displayed
click_and_load
displayed
click_and_load
displayed
click
displayed
click
displayed
click

main

displayed
set_text
click
displayed

main

click
displayed
click
checked
Error
unchecked
click

main

delete cookie


displayed
click
displayed
set_text
set_text
set_text
set_text_exist
error in set_text_exist
click
displayed
click
displayed
set_text_exist
set_text_exist
set_text_exist
click
displayed
  </system-out>
</testsuite>
