<?xml version="1.0" encoding="UTF-8"?>
<testsuite name="TestStandardQuestions" tests="1" time="19.700018" failures="0" errors="0" skipped="0" assertions="1" timestamp="2016-03-11T12:14:17-02:00">
  <testcase name="test_FieldValidationQuestionAplicantTrue" time="19.699255" assertions="1">
  </testcase>
</testsuite>
