<?xml version="1.0" encoding="UTF-8"?>
<testsuite name="TestStandardQuestions" tests="9" time="320.848437" failures="0" errors="0" skipped="0" assertions="11" timestamp="2016-03-03T18:06:59-02:00">
  <testcase name="test_FieldValidationQuestionAplicantFalse" time="26.712315" assertions="1">
  </testcase>
  <testcase name="test_FieldValidationQuestionAplicantTrue" time="25.791658" assertions="1">
  </testcase>
  <testcase name="test_NewStandaQuestionRequiredFalse" time="29.351664" assertions="2">
  </testcase>
  <testcase name="test_StandardQuestionHandlerAlways" time="33.491553" assertions="1">
  </testcase>
  <testcase name="test_StandardQuestionHandlerOmit" time="33.581626" assertions="1">
  </testcase>
  <testcase name="test_StandardQuestionHandlerPopulate" time="31.458597" assertions="1">
  </testcase>
  <testcase name="test_successfullyCreated" time="29.90335" assertions="2">
  </testcase>
  <testcase name="test_validationStandarQuestion" time="58.417979" assertions="1">
  </testcase>
  <testcase name="test_validationStandarQuestionFalseApplicant" time="52.117908" assertions="1">
  </testcase>
</testsuite>
