<?xml version="1.0" encoding="UTF-8"?>
<testsuite name="EeoQuestion" tests="1" time="48.131509" failures="0" errors="0" skipped="0" assertions="1" timestamp="2016-03-14T10:47:13-03:00">
  <testcase name="test_eeoQuestionHiddenQuestion" time="48.130958" assertions="1">
  </testcase>
  <system-out>

main

displayed
click
displayed
click
displayed
unchecked
unchecked
unchecked
unchecked
unchecked
click
  </system-out>
</testsuite>
