<?xml version="1.0" encoding="UTF-8"?>
<testsuite name="TestStandardQuestions" tests="1" time="73.598654" failures="0" errors="0" skipped="0" assertions="1" timestamp="2016-03-10T16:37:17-02:00">
  <testcase name="test_validationStandarQuestionFalseApplicant" time="73.598104" assertions="1">
  </testcase>
</testsuite>
