<?xml version="1.0" encoding="UTF-8"?>
<testsuite name="TestStandardQuestions" tests="1" time="30.624069" failures="0" errors="0" skipped="0" assertions="2" timestamp="2016-03-14T13:29:20-03:00">
  <testcase name="test_successfullyCreated" time="30.623458" assertions="2">
  </testcase>
</testsuite>
