<?xml version="1.0" encoding="UTF-8"?>
<testsuite name="TestResume" tests="1" time="81.502505" failures="0" errors="0" skipped="0" assertions="8" timestamp="2016-03-18T12:45:38-03:00">
  <testcase name="test_picklistUSAResumeTools" time="81.502193" assertions="8">
  </testcase>
  <system-out>

main

displayed
click
displayed
click_and_load
displayed
click_and_load
displayed
click

main

displayed
click

main

displayed
click

main

set_text
click

main

displayed
click

main

displayed
upload
https://ts2.na17.visual.force.com/apex/ResumeAddUpdateBackend?id=005o0000001NWrs
upload
click

main

displayed
click

main

displayed
upload
https://ts2.na17.visual.force.com/apex/ResumeAddUpdateBackend?id=005o0000001NWrs
upload
click

main

displayed
click

main

displayed
upload
https://ts2.na17.visual.force.com/apex/ResumeAddUpdateBackend?id=005o0000001NWrs
upload
click
  </system-out>
</testsuite>
