<?xml version="1.0" encoding="UTF-8"?>
<testsuite name="EeoQuestion" tests="1" time="67.352899" failures="0" errors="0" skipped="0" assertions="1" timestamp="2016-03-14T16:25:49-03:00">
  <testcase name="test_eeoApplyWithLinkedInEeoDisable" time="67.352343" assertions="1">
  </testcase>
  <system-out>

main

displayed
click
displayed
click_and_load
displayed
click_and_load
displayed
click

main

displayed
click

main

displayed
click
displayed
click_and_load
displayed
click_and_load
displayed
click

main

displayed
click

main

displayed
click_and_load
displayed
checked
click_and_load

main

displayed
click
displayed
set_text
set_text
click
displayed
click
displayed
click

main

displayed
set_text
set_text
click
  </system-out>
</testsuite>
