<?xml version="1.0" encoding="UTF-8"?>
<testsuite name="TestRequisition" tests="1" time="50.250036" failures="0" errors="0" skipped="0" assertions="1" timestamp="2016-03-16T10:46:24-03:00">
  <testcase name="test_transferJobVlaidation" time="50.249471" assertions="1">
  </testcase>
  <system-out>

main

displayed
checked
Error
displayed
click
displayed
click
  </system-out>
</testsuite>
