<?xml version="1.0" encoding="UTF-8"?>
<testsuite name="EeoQuestion" tests="1" time="60.190689" failures="0" errors="0" skipped="0" assertions="1" timestamp="2016-03-14T15:37:49-03:00">
  <testcase name="test_eeoDisclaimersOnlyCustom" time="60.190049" assertions="1">
  </testcase>
  <system-out>

main

displayed
click
displayed
click
displayed
set_text
checked
click

main

displayed
click
displayed
set_text
set_text
click
displayed
click
displayed
click

main

displayed
click
displayed
click
displayed
click
  </system-out>
</testsuite>
