<?xml version="1.0" encoding="UTF-8"?>
<testsuite name="TestJobTemplates" tests="2" time="60.337602" failures="0" errors="0" skipped="0" assertions="3" timestamp="2016-03-08T19:06:51-03:00">
  <testcase name="test_newJobTemplateMapping" time="32.380332" assertions="1">
  </testcase>
  <testcase name="test_newJobTemplateValidation" time="27.956754" assertions="2">
  </testcase>
  <system-out>

main

displayed
.//*[@title='New']
click
displayed
.//*[@class='requiredInput']/input
set_text
click

main

displayed
.//*[@class='pbButton']//*[@class='btn']
click
displayed
.//*[@id='Name']
click
  </system-out>
</testsuite>
