<?xml version="1.0" encoding="UTF-8"?>
<testsuite name="TestRequisition" tests="1" time="67.16824" failures="0" errors="0" skipped="0" assertions="1" timestamp="2016-03-16T13:01:46-03:00">
  <testcase name="test_closeJobOrder" time="67.167542" assertions="1">
  </testcase>
  <system-out>

main

displayed
click
displayed
set_text
click
displayed
set_text
set_text
set_text
set_text
set_text_exist
set_text
set_text
click

main

displayed
click
displayed
click
  </system-out>
</testsuite>
