<?xml version="1.0" encoding="UTF-8"?>
<testsuite name="TestSources" tests="1" time="39.812662" failures="0" errors="0" skipped="0" assertions="1" timestamp="2016-03-21T12:18:08-03:00">
  <testcase name="test_sources_tc937" time="39.812317" assertions="1">
  </testcase>
  <system-out>

main

displayed
click
displayed
set_text
set_text
set_text
click
  </system-out>
</testsuite>
