<?xml version="1.0" encoding="UTF-8"?>
<testsuite name="TestQuestionSets" tests="18" time="1342.199304" failures="0" errors="11" skipped="0" assertions="14" timestamp="2016-03-10T13:00:05-03:00">
  <testcase name="test_AnswerQuestionsFromQuestionSet" time="94.560396" assertions="0">
    <error type="Selenium::WebDriver::Error::TimeOutError" message="timed out after 20 seconds (Unable to locate element: {&quot;method&quot;:&quot;xpath&quot;,&quot;selector&quot;:&quot;.//*[@value='Edit']&quot;})">
timed out after 20 seconds (Unable to locate element: {"method":"xpath","selector":".//*[@value='Edit']"}) (Selenium::WebDriver::Error::TimeOutError)
/Users/admin/.rbenv/versions/2.2.3/lib/ruby/gems/2.2.0/gems/selenium-webdriver-2.50.0/lib/selenium/webdriver/common/wait.rb:76:in `until'
/Users/admin/Desktop/Autommation/jobscience/lib/New_Automation/tests/custom_settings.rb:234:in `ResumeRequired'
/Users/admin/Desktop/Autommation/jobscience/lib/New_Automation/tests/test_question_sets.rb:1958:in `test_AnswerQuestionsFromQuestionSet'
/Users/admin/.rbenv/versions/2.2.3/lib/ruby/gems/2.2.0/gems/test-unit-2.5.5/lib/test/unit/testcase.rb:691:in `run_test'
/Users/admin/.rbenv/versions/2.2.3/lib/ruby/gems/2.2.0/gems/test-unit-2.5.5/lib/test/unit/testcase.rb:431:in `run'
/Users/admin/.rbenv/versions/2.2.3/lib/ruby/gems/2.2.0/gems/test-unit-2.5.5/lib/test/unit/testsuite.rb:121:in `run_test'
/Users/admin/.rbenv/versions/2.2.3/lib/ruby/gems/2.2.0/gems/test-unit-2.5.5/lib/test/unit/testsuite.rb:53:in `run'
/Users/admin/.rbenv/versions/2.2.3/lib/ruby/gems/2.2.0/gems/test-unit-2.5.5/lib/test/unit/testsuite.rb:121:in `run_test'
/Users/admin/.rbenv/versions/2.2.3/lib/ruby/gems/2.2.0/gems/test-unit-2.5.5/lib/test/unit/testsuite.rb:53:in `run'
/Users/admin/.rbenv/versions/2.2.3/lib/ruby/gems/2.2.0/gems/test-unit-2.5.5/lib/test/unit/testsuite.rb:121:in `run_test'
/Users/admin/.rbenv/versions/2.2.3/lib/ruby/gems/2.2.0/gems/test-unit-2.5.5/lib/test/unit/testsuite.rb:53:in `run'
/Users/admin/.rbenv/versions/2.2.3/lib/ruby/gems/2.2.0/gems/test-unit-2.5.5/lib/test/unit/ui/testrunnermediator.rb:65:in `run_suite'
/Users/admin/.rbenv/versions/2.2.3/lib/ruby/gems/2.2.0/gems/test-unit-2.5.5/lib/test/unit/ui/testrunnermediator.rb:44:in `block in run'
/Users/admin/.rbenv/versions/2.2.3/lib/ruby/gems/2.2.0/gems/test-unit-2.5.5/lib/test/unit/ui/testrunnermediator.rb:100:in `with_listener'
/Users/admin/.rbenv/versions/2.2.3/lib/ruby/gems/2.2.0/gems/test-unit-2.5.5/lib/test/unit/ui/testrunnermediator.rb:40:in `run'
/Users/admin/.rbenv/versions/2.2.3/lib/ruby/gems/2.2.0/gems/test-unit-2.5.5/lib/test/unit/ui/testrunner.rb:40:in `start_mediator'
/Users/admin/.rbenv/versions/2.2.3/lib/ruby/gems/2.2.0/gems/test-unit-2.5.5/lib/test/unit/ui/testrunner.rb:25:in `start'
/Users/admin/.rbenv/versions/2.2.3/lib/ruby/gems/2.2.0/gems/test-unit-2.5.5/lib/test/unit/ui/testrunnerutilities.rb:24:in `run'
/Users/admin/.rbenv/versions/2.2.3/lib/ruby/gems/2.2.0/gems/test-unit-2.5.5/lib/test/unit/autorunner.rb:409:in `block in run'
/Users/admin/.rbenv/versions/2.2.3/lib/ruby/gems/2.2.0/gems/test-unit-2.5.5/lib/test/unit/autorunner.rb:465:in `change_work_directory'
/Users/admin/.rbenv/versions/2.2.3/lib/ruby/gems/2.2.0/gems/test-unit-2.5.5/lib/test/unit/autorunner.rb:408:in `run'
/Users/admin/.rbenv/versions/2.2.3/lib/ruby/gems/2.2.0/gems/test-unit-2.5.5/lib/test/unit/autorunner.rb:59:in `run'
/Users/admin/.rbenv/versions/2.2.3/lib/ruby/gems/2.2.0/gems/test-unit-2.5.5/lib/test/unit.rb:502:in `block (2 levels) in &lt;top (required)&gt;'    </error>
  </testcase>
  <testcase name="test_CopyQuestionSet" time="35.624832" assertions="1">
  </testcase>
  <testcase name="test_NewAnswer" time="49.596387" assertions="3">
  </testcase>
  <testcase name="test_NewQuestion" time="33.788191" assertions="1">
  </testcase>
  <testcase name="test_NewQuestionOptional" time="101.525735" assertions="0">
    <error type="Selenium::WebDriver::Error::TimeOutError" message="timed out after 20 seconds (Unable to locate element: {&quot;method&quot;:&quot;xpath&quot;,&quot;selector&quot;:&quot;.//*[@value='Edit']&quot;})">
timed out after 20 seconds (Unable to locate element: {"method":"xpath","selector":".//*[@value='Edit']"}) (Selenium::WebDriver::Error::TimeOutError)
/Users/admin/.rbenv/versions/2.2.3/lib/ruby/gems/2.2.0/gems/selenium-webdriver-2.50.0/lib/selenium/webdriver/common/wait.rb:76:in `until'
/Users/admin/Desktop/Autommation/jobscience/lib/New_Automation/tests/custom_settings.rb:234:in `ResumeRequired'
/Users/admin/Desktop/Autommation/jobscience/lib/New_Automation/tests/test_question_sets.rb:1609:in `test_NewQuestionOptional'
/Users/admin/.rbenv/versions/2.2.3/lib/ruby/gems/2.2.0/gems/test-unit-2.5.5/lib/test/unit/testcase.rb:691:in `run_test'
/Users/admin/.rbenv/versions/2.2.3/lib/ruby/gems/2.2.0/gems/test-unit-2.5.5/lib/test/unit/testcase.rb:431:in `run'
/Users/admin/.rbenv/versions/2.2.3/lib/ruby/gems/2.2.0/gems/test-unit-2.5.5/lib/test/unit/testsuite.rb:121:in `run_test'
/Users/admin/.rbenv/versions/2.2.3/lib/ruby/gems/2.2.0/gems/test-unit-2.5.5/lib/test/unit/testsuite.rb:53:in `run'
/Users/admin/.rbenv/versions/2.2.3/lib/ruby/gems/2.2.0/gems/test-unit-2.5.5/lib/test/unit/testsuite.rb:121:in `run_test'
/Users/admin/.rbenv/versions/2.2.3/lib/ruby/gems/2.2.0/gems/test-unit-2.5.5/lib/test/unit/testsuite.rb:53:in `run'
/Users/admin/.rbenv/versions/2.2.3/lib/ruby/gems/2.2.0/gems/test-unit-2.5.5/lib/test/unit/testsuite.rb:121:in `run_test'
/Users/admin/.rbenv/versions/2.2.3/lib/ruby/gems/2.2.0/gems/test-unit-2.5.5/lib/test/unit/testsuite.rb:53:in `run'
/Users/admin/.rbenv/versions/2.2.3/lib/ruby/gems/2.2.0/gems/test-unit-2.5.5/lib/test/unit/ui/testrunnermediator.rb:65:in `run_suite'
/Users/admin/.rbenv/versions/2.2.3/lib/ruby/gems/2.2.0/gems/test-unit-2.5.5/lib/test/unit/ui/testrunnermediator.rb:44:in `block in run'
/Users/admin/.rbenv/versions/2.2.3/lib/ruby/gems/2.2.0/gems/test-unit-2.5.5/lib/test/unit/ui/testrunnermediator.rb:100:in `with_listener'
/Users/admin/.rbenv/versions/2.2.3/lib/ruby/gems/2.2.0/gems/test-unit-2.5.5/lib/test/unit/ui/testrunnermediator.rb:40:in `run'
/Users/admin/.rbenv/versions/2.2.3/lib/ruby/gems/2.2.0/gems/test-unit-2.5.5/lib/test/unit/ui/testrunner.rb:40:in `start_mediator'
/Users/admin/.rbenv/versions/2.2.3/lib/ruby/gems/2.2.0/gems/test-unit-2.5.5/lib/test/unit/ui/testrunner.rb:25:in `start'
/Users/admin/.rbenv/versions/2.2.3/lib/ruby/gems/2.2.0/gems/test-unit-2.5.5/lib/test/unit/ui/testrunnerutilities.rb:24:in `run'
/Users/admin/.rbenv/versions/2.2.3/lib/ruby/gems/2.2.0/gems/test-unit-2.5.5/lib/test/unit/autorunner.rb:409:in `block in run'
/Users/admin/.rbenv/versions/2.2.3/lib/ruby/gems/2.2.0/gems/test-unit-2.5.5/lib/test/unit/autorunner.rb:465:in `change_work_directory'
/Users/admin/.rbenv/versions/2.2.3/lib/ruby/gems/2.2.0/gems/test-unit-2.5.5/lib/test/unit/autorunner.rb:408:in `run'
/Users/admin/.rbenv/versions/2.2.3/lib/ruby/gems/2.2.0/gems/test-unit-2.5.5/lib/test/unit/autorunner.rb:59:in `run'
/Users/admin/.rbenv/versions/2.2.3/lib/ruby/gems/2.2.0/gems/test-unit-2.5.5/lib/test/unit.rb:502:in `block (2 levels) in &lt;top (required)&gt;'    </error>
  </testcase>
  <testcase name="test_NewQuestionSet" time="21.136732" assertions="1">
  </testcase>
  <testcase name="test_NewQuestionSetsErrors" time="28.829071" assertions="1">
  </testcase>
  <testcase name="test_NewQuestionSize" time="44.527968" assertions="2">
  </testcase>
  <testcase name="test_NewQuestionText" time="73.815815" assertions="0">
    <error type="Selenium::WebDriver::Error::TimeOutError" message="timed out after 20 seconds (Unable to locate element: {&quot;method&quot;:&quot;xpath&quot;,&quot;selector&quot;:&quot;.//*[@value='Edit']&quot;})">
timed out after 20 seconds (Unable to locate element: {"method":"xpath","selector":".//*[@value='Edit']"}) (Selenium::WebDriver::Error::TimeOutError)
/Users/admin/.rbenv/versions/2.2.3/lib/ruby/gems/2.2.0/gems/selenium-webdriver-2.50.0/lib/selenium/webdriver/common/wait.rb:76:in `until'
/Users/admin/Desktop/Autommation/jobscience/lib/New_Automation/tests/custom_settings.rb:234:in `ResumeRequired'
/Users/admin/Desktop/Autommation/jobscience/lib/New_Automation/tests/test_question_sets.rb:1716:in `test_NewQuestionText'
/Users/admin/.rbenv/versions/2.2.3/lib/ruby/gems/2.2.0/gems/test-unit-2.5.5/lib/test/unit/testcase.rb:691:in `run_test'
/Users/admin/.rbenv/versions/2.2.3/lib/ruby/gems/2.2.0/gems/test-unit-2.5.5/lib/test/unit/testcase.rb:431:in `run'
/Users/admin/.rbenv/versions/2.2.3/lib/ruby/gems/2.2.0/gems/test-unit-2.5.5/lib/test/unit/testsuite.rb:121:in `run_test'
/Users/admin/.rbenv/versions/2.2.3/lib/ruby/gems/2.2.0/gems/test-unit-2.5.5/lib/test/unit/testsuite.rb:53:in `run'
/Users/admin/.rbenv/versions/2.2.3/lib/ruby/gems/2.2.0/gems/test-unit-2.5.5/lib/test/unit/testsuite.rb:121:in `run_test'
/Users/admin/.rbenv/versions/2.2.3/lib/ruby/gems/2.2.0/gems/test-unit-2.5.5/lib/test/unit/testsuite.rb:53:in `run'
/Users/admin/.rbenv/versions/2.2.3/lib/ruby/gems/2.2.0/gems/test-unit-2.5.5/lib/test/unit/testsuite.rb:121:in `run_test'
/Users/admin/.rbenv/versions/2.2.3/lib/ruby/gems/2.2.0/gems/test-unit-2.5.5/lib/test/unit/testsuite.rb:53:in `run'
/Users/admin/.rbenv/versions/2.2.3/lib/ruby/gems/2.2.0/gems/test-unit-2.5.5/lib/test/unit/ui/testrunnermediator.rb:65:in `run_suite'
/Users/admin/.rbenv/versions/2.2.3/lib/ruby/gems/2.2.0/gems/test-unit-2.5.5/lib/test/unit/ui/testrunnermediator.rb:44:in `block in run'
/Users/admin/.rbenv/versions/2.2.3/lib/ruby/gems/2.2.0/gems/test-unit-2.5.5/lib/test/unit/ui/testrunnermediator.rb:100:in `with_listener'
/Users/admin/.rbenv/versions/2.2.3/lib/ruby/gems/2.2.0/gems/test-unit-2.5.5/lib/test/unit/ui/testrunnermediator.rb:40:in `run'
/Users/admin/.rbenv/versions/2.2.3/lib/ruby/gems/2.2.0/gems/test-unit-2.5.5/lib/test/unit/ui/testrunner.rb:40:in `start_mediator'
/Users/admin/.rbenv/versions/2.2.3/lib/ruby/gems/2.2.0/gems/test-unit-2.5.5/lib/test/unit/ui/testrunner.rb:25:in `start'
/Users/admin/.rbenv/versions/2.2.3/lib/ruby/gems/2.2.0/gems/test-unit-2.5.5/lib/test/unit/ui/testrunnerutilities.rb:24:in `run'
/Users/admin/.rbenv/versions/2.2.3/lib/ruby/gems/2.2.0/gems/test-unit-2.5.5/lib/test/unit/autorunner.rb:409:in `block in run'
/Users/admin/.rbenv/versions/2.2.3/lib/ruby/gems/2.2.0/gems/test-unit-2.5.5/lib/test/unit/autorunner.rb:465:in `change_work_directory'
/Users/admin/.rbenv/versions/2.2.3/lib/ruby/gems/2.2.0/gems/test-unit-2.5.5/lib/test/unit/autorunner.rb:408:in `run'
/Users/admin/.rbenv/versions/2.2.3/lib/ruby/gems/2.2.0/gems/test-unit-2.5.5/lib/test/unit/autorunner.rb:59:in `run'
/Users/admin/.rbenv/versions/2.2.3/lib/ruby/gems/2.2.0/gems/test-unit-2.5.5/lib/test/unit.rb:502:in `block (2 levels) in &lt;top (required)&gt;'    </error>
  </testcase>
  <testcase name="test_QuestionSetBuilder" time="48.387025" assertions="1">
  </testcase>
  <testcase name="test_QuestionSetBuilderOptionalText" time="52.132218" assertions="4">
  </testcase>
  <testcase name="test_QuestionSetHandlerAlways" time="111.811351" assertions="0">
    <error type="Selenium::WebDriver::Error::TimeOutError" message="timed out after 20 seconds (Unable to locate element: {&quot;method&quot;:&quot;xpath&quot;,&quot;selector&quot;:&quot;.//*[@value='Edit']&quot;})">
timed out after 20 seconds (Unable to locate element: {"method":"xpath","selector":".//*[@value='Edit']"}) (Selenium::WebDriver::Error::TimeOutError)
/Users/admin/.rbenv/versions/2.2.3/lib/ruby/gems/2.2.0/gems/selenium-webdriver-2.50.0/lib/selenium/webdriver/common/wait.rb:76:in `until'
/Users/admin/Desktop/Autommation/jobscience/lib/New_Automation/tests/custom_settings.rb:234:in `ResumeRequired'
/Users/admin/Desktop/Autommation/jobscience/lib/New_Automation/tests/test_question_sets.rb:262:in `test_QuestionSetHandlerAlways'
/Users/admin/.rbenv/versions/2.2.3/lib/ruby/gems/2.2.0/gems/test-unit-2.5.5/lib/test/unit/testcase.rb:691:in `run_test'
/Users/admin/.rbenv/versions/2.2.3/lib/ruby/gems/2.2.0/gems/test-unit-2.5.5/lib/test/unit/testcase.rb:431:in `run'
/Users/admin/.rbenv/versions/2.2.3/lib/ruby/gems/2.2.0/gems/test-unit-2.5.5/lib/test/unit/testsuite.rb:121:in `run_test'
/Users/admin/.rbenv/versions/2.2.3/lib/ruby/gems/2.2.0/gems/test-unit-2.5.5/lib/test/unit/testsuite.rb:53:in `run'
/Users/admin/.rbenv/versions/2.2.3/lib/ruby/gems/2.2.0/gems/test-unit-2.5.5/lib/test/unit/testsuite.rb:121:in `run_test'
/Users/admin/.rbenv/versions/2.2.3/lib/ruby/gems/2.2.0/gems/test-unit-2.5.5/lib/test/unit/testsuite.rb:53:in `run'
/Users/admin/.rbenv/versions/2.2.3/lib/ruby/gems/2.2.0/gems/test-unit-2.5.5/lib/test/unit/testsuite.rb:121:in `run_test'
/Users/admin/.rbenv/versions/2.2.3/lib/ruby/gems/2.2.0/gems/test-unit-2.5.5/lib/test/unit/testsuite.rb:53:in `run'
/Users/admin/.rbenv/versions/2.2.3/lib/ruby/gems/2.2.0/gems/test-unit-2.5.5/lib/test/unit/ui/testrunnermediator.rb:65:in `run_suite'
/Users/admin/.rbenv/versions/2.2.3/lib/ruby/gems/2.2.0/gems/test-unit-2.5.5/lib/test/unit/ui/testrunnermediator.rb:44:in `block in run'
/Users/admin/.rbenv/versions/2.2.3/lib/ruby/gems/2.2.0/gems/test-unit-2.5.5/lib/test/unit/ui/testrunnermediator.rb:100:in `with_listener'
/Users/admin/.rbenv/versions/2.2.3/lib/ruby/gems/2.2.0/gems/test-unit-2.5.5/lib/test/unit/ui/testrunnermediator.rb:40:in `run'
/Users/admin/.rbenv/versions/2.2.3/lib/ruby/gems/2.2.0/gems/test-unit-2.5.5/lib/test/unit/ui/testrunner.rb:40:in `start_mediator'
/Users/admin/.rbenv/versions/2.2.3/lib/ruby/gems/2.2.0/gems/test-unit-2.5.5/lib/test/unit/ui/testrunner.rb:25:in `start'
/Users/admin/.rbenv/versions/2.2.3/lib/ruby/gems/2.2.0/gems/test-unit-2.5.5/lib/test/unit/ui/testrunnerutilities.rb:24:in `run'
/Users/admin/.rbenv/versions/2.2.3/lib/ruby/gems/2.2.0/gems/test-unit-2.5.5/lib/test/unit/autorunner.rb:409:in `block in run'
/Users/admin/.rbenv/versions/2.2.3/lib/ruby/gems/2.2.0/gems/test-unit-2.5.5/lib/test/unit/autorunner.rb:465:in `change_work_directory'
/Users/admin/.rbenv/versions/2.2.3/lib/ruby/gems/2.2.0/gems/test-unit-2.5.5/lib/test/unit/autorunner.rb:408:in `run'
/Users/admin/.rbenv/versions/2.2.3/lib/ruby/gems/2.2.0/gems/test-unit-2.5.5/lib/test/unit/autorunner.rb:59:in `run'
/Users/admin/.rbenv/versions/2.2.3/lib/ruby/gems/2.2.0/gems/test-unit-2.5.5/lib/test/unit.rb:502:in `block (2 levels) in &lt;top (required)&gt;'    </error>
  </testcase>
  <testcase name="test_QuestionSetHandlerOmit" time="303.38206" assertions="0">
    <error type="Net::ReadTimeout" message="Net::ReadTimeout">
Net::ReadTimeout (Net::ReadTimeout)
/Users/admin/.rbenv/versions/2.2.3/lib/ruby/2.2.0/net/protocol.rb:158:in `rescue in rbuf_fill'
/Users/admin/.rbenv/versions/2.2.3/lib/ruby/2.2.0/net/protocol.rb:152:in `rbuf_fill'
/Users/admin/.rbenv/versions/2.2.3/lib/ruby/2.2.0/net/protocol.rb:134:in `readuntil'
/Users/admin/.rbenv/versions/2.2.3/lib/ruby/2.2.0/net/protocol.rb:144:in `readline'
/Users/admin/.rbenv/versions/2.2.3/lib/ruby/2.2.0/net/http/response.rb:39:in `read_status_line'
/Users/admin/.rbenv/versions/2.2.3/lib/ruby/2.2.0/net/http/response.rb:28:in `read_new'
/Users/admin/.rbenv/versions/2.2.3/lib/ruby/2.2.0/net/http.rb:1414:in `block in transport_request'
/Users/admin/.rbenv/versions/2.2.3/lib/ruby/2.2.0/net/http.rb:1411:in `catch'
/Users/admin/.rbenv/versions/2.2.3/lib/ruby/2.2.0/net/http.rb:1411:in `transport_request'
/Users/admin/.rbenv/versions/2.2.3/lib/ruby/2.2.0/net/http.rb:1384:in `request'
/Users/admin/.rbenv/versions/2.2.3/lib/ruby/2.2.0/net/http.rb:1377:in `block in request'
/Users/admin/.rbenv/versions/2.2.3/lib/ruby/2.2.0/net/http.rb:853:in `start'
/Users/admin/.rbenv/versions/2.2.3/lib/ruby/2.2.0/net/http.rb:1375:in `request'
/Users/admin/.rbenv/versions/2.2.3/lib/ruby/gems/2.2.0/gems/selenium-webdriver-2.50.0/lib/selenium/webdriver/remote/http/default.rb:107:in `response_for'
/Users/admin/.rbenv/versions/2.2.3/lib/ruby/gems/2.2.0/gems/selenium-webdriver-2.50.0/lib/selenium/webdriver/remote/http/default.rb:58:in `request'
/Users/admin/.rbenv/versions/2.2.3/lib/ruby/gems/2.2.0/gems/selenium-webdriver-2.50.0/lib/selenium/webdriver/remote/http/common.rb:59:in `call'
/Users/admin/.rbenv/versions/2.2.3/lib/ruby/gems/2.2.0/gems/selenium-webdriver-2.50.0/lib/selenium/webdriver/remote/bridge.rb:645:in `raw_execute'
/Users/admin/.rbenv/versions/2.2.3/lib/ruby/gems/2.2.0/gems/selenium-webdriver-2.50.0/lib/selenium/webdriver/remote/bridge.rb:623:in `execute'
/Users/admin/.rbenv/versions/2.2.3/lib/ruby/gems/2.2.0/gems/selenium-webdriver-2.50.0/lib/selenium/webdriver/remote/bridge.rb:592:in `find_element_by'
/Users/admin/.rbenv/versions/2.2.3/lib/ruby/gems/2.2.0/gems/selenium-webdriver-2.50.0/lib/selenium/webdriver/common/search_context.rb:61:in `find_element'
/Users/admin/Desktop/Autommation/jobscience/lib/New_Automation/tests/custom_settings.rb:235:in `block in ResumeRequired'
/Users/admin/.rbenv/versions/2.2.3/lib/ruby/gems/2.2.0/gems/selenium-webdriver-2.50.0/lib/selenium/webdriver/common/wait.rb:58:in `until'
/Users/admin/Desktop/Autommation/jobscience/lib/New_Automation/tests/custom_settings.rb:234:in `ResumeRequired'
/Users/admin/Desktop/Autommation/jobscience/lib/New_Automation/tests/test_question_sets.rb:742:in `test_QuestionSetHandlerOmit'
/Users/admin/.rbenv/versions/2.2.3/lib/ruby/gems/2.2.0/gems/test-unit-2.5.5/lib/test/unit/testcase.rb:691:in `run_test'
/Users/admin/.rbenv/versions/2.2.3/lib/ruby/gems/2.2.0/gems/test-unit-2.5.5/lib/test/unit/testcase.rb:431:in `run'
/Users/admin/.rbenv/versions/2.2.3/lib/ruby/gems/2.2.0/gems/test-unit-2.5.5/lib/test/unit/testsuite.rb:121:in `run_test'
/Users/admin/.rbenv/versions/2.2.3/lib/ruby/gems/2.2.0/gems/test-unit-2.5.5/lib/test/unit/testsuite.rb:53:in `run'
/Users/admin/.rbenv/versions/2.2.3/lib/ruby/gems/2.2.0/gems/test-unit-2.5.5/lib/test/unit/testsuite.rb:121:in `run_test'
/Users/admin/.rbenv/versions/2.2.3/lib/ruby/gems/2.2.0/gems/test-unit-2.5.5/lib/test/unit/testsuite.rb:53:in `run'
/Users/admin/.rbenv/versions/2.2.3/lib/ruby/gems/2.2.0/gems/test-unit-2.5.5/lib/test/unit/testsuite.rb:121:in `run_test'
/Users/admin/.rbenv/versions/2.2.3/lib/ruby/gems/2.2.0/gems/test-unit-2.5.5/lib/test/unit/testsuite.rb:53:in `run'
/Users/admin/.rbenv/versions/2.2.3/lib/ruby/gems/2.2.0/gems/test-unit-2.5.5/lib/test/unit/ui/testrunnermediator.rb:65:in `run_suite'
/Users/admin/.rbenv/versions/2.2.3/lib/ruby/gems/2.2.0/gems/test-unit-2.5.5/lib/test/unit/ui/testrunnermediator.rb:44:in `block in run'
/Users/admin/.rbenv/versions/2.2.3/lib/ruby/gems/2.2.0/gems/test-unit-2.5.5/lib/test/unit/ui/testrunnermediator.rb:100:in `with_listener'
/Users/admin/.rbenv/versions/2.2.3/lib/ruby/gems/2.2.0/gems/test-unit-2.5.5/lib/test/unit/ui/testrunnermediator.rb:40:in `run'
/Users/admin/.rbenv/versions/2.2.3/lib/ruby/gems/2.2.0/gems/test-unit-2.5.5/lib/test/unit/ui/testrunner.rb:40:in `start_mediator'
/Users/admin/.rbenv/versions/2.2.3/lib/ruby/gems/2.2.0/gems/test-unit-2.5.5/lib/test/unit/ui/testrunner.rb:25:in `start'
/Users/admin/.rbenv/versions/2.2.3/lib/ruby/gems/2.2.0/gems/test-unit-2.5.5/lib/test/unit/ui/testrunnerutilities.rb:24:in `run'
/Users/admin/.rbenv/versions/2.2.3/lib/ruby/gems/2.2.0/gems/test-unit-2.5.5/lib/test/unit/autorunner.rb:409:in `block in run'
/Users/admin/.rbenv/versions/2.2.3/lib/ruby/gems/2.2.0/gems/test-unit-2.5.5/lib/test/unit/autorunner.rb:465:in `change_work_directory'
/Users/admin/.rbenv/versions/2.2.3/lib/ruby/gems/2.2.0/gems/test-unit-2.5.5/lib/test/unit/autorunner.rb:408:in `run'
/Users/admin/.rbenv/versions/2.2.3/lib/ruby/gems/2.2.0/gems/test-unit-2.5.5/lib/test/unit/autorunner.rb:59:in `run'
/Users/admin/.rbenv/versions/2.2.3/lib/ruby/gems/2.2.0/gems/test-unit-2.5.5/lib/test/unit.rb:502:in `block (2 levels) in &lt;top (required)&gt;'    </error>
    <error type="Net::ReadTimeout" message="Net::ReadTimeout">
Net::ReadTimeout (Net::ReadTimeout)
/Users/admin/.rbenv/versions/2.2.3/lib/ruby/2.2.0/net/protocol.rb:158:in `rescue in rbuf_fill'
/Users/admin/.rbenv/versions/2.2.3/lib/ruby/2.2.0/net/protocol.rb:152:in `rbuf_fill'
/Users/admin/.rbenv/versions/2.2.3/lib/ruby/2.2.0/net/protocol.rb:134:in `readuntil'
/Users/admin/.rbenv/versions/2.2.3/lib/ruby/2.2.0/net/protocol.rb:144:in `readline'
/Users/admin/.rbenv/versions/2.2.3/lib/ruby/2.2.0/net/http/response.rb:39:in `read_status_line'
/Users/admin/.rbenv/versions/2.2.3/lib/ruby/2.2.0/net/http/response.rb:28:in `read_new'
/Users/admin/.rbenv/versions/2.2.3/lib/ruby/2.2.0/net/http.rb:1414:in `block in transport_request'
/Users/admin/.rbenv/versions/2.2.3/lib/ruby/2.2.0/net/http.rb:1411:in `catch'
/Users/admin/.rbenv/versions/2.2.3/lib/ruby/2.2.0/net/http.rb:1411:in `transport_request'
/Users/admin/.rbenv/versions/2.2.3/lib/ruby/2.2.0/net/http.rb:1384:in `request'
/Users/admin/.rbenv/versions/2.2.3/lib/ruby/2.2.0/net/http.rb:1377:in `block in request'
/Users/admin/.rbenv/versions/2.2.3/lib/ruby/2.2.0/net/http.rb:853:in `start'
/Users/admin/.rbenv/versions/2.2.3/lib/ruby/2.2.0/net/http.rb:1375:in `request'
/Users/admin/.rbenv/versions/2.2.3/lib/ruby/gems/2.2.0/gems/selenium-webdriver-2.50.0/lib/selenium/webdriver/remote/http/default.rb:107:in `response_for'
/Users/admin/.rbenv/versions/2.2.3/lib/ruby/gems/2.2.0/gems/selenium-webdriver-2.50.0/lib/selenium/webdriver/remote/http/default.rb:58:in `request'
/Users/admin/.rbenv/versions/2.2.3/lib/ruby/gems/2.2.0/gems/selenium-webdriver-2.50.0/lib/selenium/webdriver/remote/http/common.rb:59:in `call'
/Users/admin/.rbenv/versions/2.2.3/lib/ruby/gems/2.2.0/gems/selenium-webdriver-2.50.0/lib/selenium/webdriver/remote/bridge.rb:645:in `raw_execute'
/Users/admin/.rbenv/versions/2.2.3/lib/ruby/gems/2.2.0/gems/selenium-webdriver-2.50.0/lib/selenium/webdriver/remote/bridge.rb:623:in `execute'
/Users/admin/.rbenv/versions/2.2.3/lib/ruby/gems/2.2.0/gems/selenium-webdriver-2.50.0/lib/selenium/webdriver/remote/bridge.rb:222:in `close'
/Users/admin/.rbenv/versions/2.2.3/lib/ruby/gems/2.2.0/gems/selenium-webdriver-2.50.0/lib/selenium/webdriver/common/driver.rb:183:in `close'
/Users/admin/Desktop/Autommation/jobscience/lib/New_Automation/tests/test_basic.rb:33:in `teardown'
/Users/admin/.rbenv/versions/2.2.3/lib/ruby/gems/2.2.0/gems/test-unit-2.5.5/lib/test/unit/fixture.rb:202:in `block in run_fixture_callback'
/Users/admin/.rbenv/versions/2.2.3/lib/ruby/gems/2.2.0/gems/test-unit-2.5.5/lib/test/unit/fixture.rb:207:in `call'
/Users/admin/.rbenv/versions/2.2.3/lib/ruby/gems/2.2.0/gems/test-unit-2.5.5/lib/test/unit/fixture.rb:207:in `run_fixture_callback'
/Users/admin/.rbenv/versions/2.2.3/lib/ruby/gems/2.2.0/gems/test-unit-2.5.5/lib/test/unit/fixture.rb:190:in `block in run_fixture'
/Users/admin/.rbenv/versions/2.2.3/lib/ruby/gems/2.2.0/gems/test-unit-2.5.5/lib/test/unit/fixture.rb:189:in `each'
/Users/admin/.rbenv/versions/2.2.3/lib/ruby/gems/2.2.0/gems/test-unit-2.5.5/lib/test/unit/fixture.rb:189:in `run_fixture'
/Users/admin/.rbenv/versions/2.2.3/lib/ruby/gems/2.2.0/gems/test-unit-2.5.5/lib/test/unit/fixture.rb:223:in `run_teardown'
/Users/admin/.rbenv/versions/2.2.3/lib/ruby/gems/2.2.0/gems/test-unit-2.5.5/lib/test/unit/testcase.rb:439:in `run'
/Users/admin/.rbenv/versions/2.2.3/lib/ruby/gems/2.2.0/gems/test-unit-2.5.5/lib/test/unit/testsuite.rb:121:in `run_test'
/Users/admin/.rbenv/versions/2.2.3/lib/ruby/gems/2.2.0/gems/test-unit-2.5.5/lib/test/unit/testsuite.rb:53:in `run'
/Users/admin/.rbenv/versions/2.2.3/lib/ruby/gems/2.2.0/gems/test-unit-2.5.5/lib/test/unit/testsuite.rb:121:in `run_test'
/Users/admin/.rbenv/versions/2.2.3/lib/ruby/gems/2.2.0/gems/test-unit-2.5.5/lib/test/unit/testsuite.rb:53:in `run'
/Users/admin/.rbenv/versions/2.2.3/lib/ruby/gems/2.2.0/gems/test-unit-2.5.5/lib/test/unit/testsuite.rb:121:in `run_test'
/Users/admin/.rbenv/versions/2.2.3/lib/ruby/gems/2.2.0/gems/test-unit-2.5.5/lib/test/unit/testsuite.rb:53:in `run'
/Users/admin/.rbenv/versions/2.2.3/lib/ruby/gems/2.2.0/gems/test-unit-2.5.5/lib/test/unit/ui/testrunnermediator.rb:65:in `run_suite'
/Users/admin/.rbenv/versions/2.2.3/lib/ruby/gems/2.2.0/gems/test-unit-2.5.5/lib/test/unit/ui/testrunnermediator.rb:44:in `block in run'
/Users/admin/.rbenv/versions/2.2.3/lib/ruby/gems/2.2.0/gems/test-unit-2.5.5/lib/test/unit/ui/testrunnermediator.rb:100:in `with_listener'
/Users/admin/.rbenv/versions/2.2.3/lib/ruby/gems/2.2.0/gems/test-unit-2.5.5/lib/test/unit/ui/testrunnermediator.rb:40:in `run'
/Users/admin/.rbenv/versions/2.2.3/lib/ruby/gems/2.2.0/gems/test-unit-2.5.5/lib/test/unit/ui/testrunner.rb:40:in `start_mediator'
/Users/admin/.rbenv/versions/2.2.3/lib/ruby/gems/2.2.0/gems/test-unit-2.5.5/lib/test/unit/ui/testrunner.rb:25:in `start'
/Users/admin/.rbenv/versions/2.2.3/lib/ruby/gems/2.2.0/gems/test-unit-2.5.5/lib/test/unit/ui/testrunnerutilities.rb:24:in `run'
/Users/admin/.rbenv/versions/2.2.3/lib/ruby/gems/2.2.0/gems/test-unit-2.5.5/lib/test/unit/autorunner.rb:409:in `block in run'
/Users/admin/.rbenv/versions/2.2.3/lib/ruby/gems/2.2.0/gems/test-unit-2.5.5/lib/test/unit/autorunner.rb:465:in `change_work_directory'
/Users/admin/.rbenv/versions/2.2.3/lib/ruby/gems/2.2.0/gems/test-unit-2.5.5/lib/test/unit/autorunner.rb:408:in `run'
/Users/admin/.rbenv/versions/2.2.3/lib/ruby/gems/2.2.0/gems/test-unit-2.5.5/lib/test/unit/autorunner.rb:59:in `run'
/Users/admin/.rbenv/versions/2.2.3/lib/ruby/gems/2.2.0/gems/test-unit-2.5.5/lib/test/unit.rb:502:in `block (2 levels) in &lt;top (required)&gt;'    </error>
  </testcase>
  <testcase name="test_QuestionSetHandlerPopulate" time="27.454089" assertions="0">
    <error type="Selenium::WebDriver::Error::NoSuchElementError" message="Unable to locate element: {&quot;method&quot;:&quot;xpath&quot;,&quot;selector&quot;:&quot;.//*[text()[contains(.,'Question Set Handler')]]/../../..//input&quot;}">
Unable to locate element: {"method":"xpath","selector":".//*[text()[contains(.,'Question Set Handler')]]/../../..//input"} (Selenium::WebDriver::Error::NoSuchElementError)
[remote server] file:///var/folders/ml/2cj5zyh53ys2qn9_nwv386q00000gn/T/webdriver-profile20160310-2475-lvoeut/extensions/fxdriver@googlecode.com/components/driver-component.js:10719:in `FirefoxDriver.prototype.findElementInternal_'
[remote server] file:///var/folders/ml/2cj5zyh53ys2qn9_nwv386q00000gn/T/webdriver-profile20160310-2475-lvoeut/extensions/fxdriver@googlecode.com/components/driver-component.js:10728:in `FirefoxDriver.prototype.findElement'
[remote server] file:///var/folders/ml/2cj5zyh53ys2qn9_nwv386q00000gn/T/webdriver-profile20160310-2475-lvoeut/extensions/fxdriver@googlecode.com/components/command-processor.js:12595:in `DelayedCommand.prototype.executeInternal_/h'
[remote server] file:///var/folders/ml/2cj5zyh53ys2qn9_nwv386q00000gn/T/webdriver-profile20160310-2475-lvoeut/extensions/fxdriver@googlecode.com/components/command-processor.js:12600:in `DelayedCommand.prototype.executeInternal_'
[remote server] file:///var/folders/ml/2cj5zyh53ys2qn9_nwv386q00000gn/T/webdriver-profile20160310-2475-lvoeut/extensions/fxdriver@googlecode.com/components/command-processor.js:12542:in `DelayedCommand.prototype.execute/&lt;'
/Users/admin/.rbenv/versions/2.2.3/lib/ruby/gems/2.2.0/gems/selenium-webdriver-2.50.0/lib/selenium/webdriver/remote/response.rb:70:in `assert_ok'
/Users/admin/.rbenv/versions/2.2.3/lib/ruby/gems/2.2.0/gems/selenium-webdriver-2.50.0/lib/selenium/webdriver/remote/response.rb:34:in `initialize'
/Users/admin/.rbenv/versions/2.2.3/lib/ruby/gems/2.2.0/gems/selenium-webdriver-2.50.0/lib/selenium/webdriver/remote/http/common.rb:78:in `new'
/Users/admin/.rbenv/versions/2.2.3/lib/ruby/gems/2.2.0/gems/selenium-webdriver-2.50.0/lib/selenium/webdriver/remote/http/common.rb:78:in `create_response'
/Users/admin/.rbenv/versions/2.2.3/lib/ruby/gems/2.2.0/gems/selenium-webdriver-2.50.0/lib/selenium/webdriver/remote/http/default.rb:90:in `request'
/Users/admin/.rbenv/versions/2.2.3/lib/ruby/gems/2.2.0/gems/selenium-webdriver-2.50.0/lib/selenium/webdriver/remote/http/common.rb:59:in `call'
/Users/admin/.rbenv/versions/2.2.3/lib/ruby/gems/2.2.0/gems/selenium-webdriver-2.50.0/lib/selenium/webdriver/remote/bridge.rb:645:in `raw_execute'
/Users/admin/.rbenv/versions/2.2.3/lib/ruby/gems/2.2.0/gems/selenium-webdriver-2.50.0/lib/selenium/webdriver/remote/bridge.rb:623:in `execute'
/Users/admin/.rbenv/versions/2.2.3/lib/ruby/gems/2.2.0/gems/selenium-webdriver-2.50.0/lib/selenium/webdriver/remote/bridge.rb:592:in `find_element_by'
/Users/admin/.rbenv/versions/2.2.3/lib/ruby/gems/2.2.0/gems/selenium-webdriver-2.50.0/lib/selenium/webdriver/common/search_context.rb:61:in `find_element'
/Users/admin/Desktop/Autommation/jobscience/lib/New_Automation/tests/custom_settings.rb:49:in `QuestionSetHandler'
/Users/admin/Desktop/Autommation/jobscience/lib/New_Automation/tests/test_question_sets.rb:386:in `test_QuestionSetHandlerPopulate'
/Users/admin/.rbenv/versions/2.2.3/lib/ruby/gems/2.2.0/gems/test-unit-2.5.5/lib/test/unit/testcase.rb:691:in `run_test'
/Users/admin/.rbenv/versions/2.2.3/lib/ruby/gems/2.2.0/gems/test-unit-2.5.5/lib/test/unit/testcase.rb:431:in `run'
/Users/admin/.rbenv/versions/2.2.3/lib/ruby/gems/2.2.0/gems/test-unit-2.5.5/lib/test/unit/testsuite.rb:121:in `run_test'
/Users/admin/.rbenv/versions/2.2.3/lib/ruby/gems/2.2.0/gems/test-unit-2.5.5/lib/test/unit/testsuite.rb:53:in `run'
/Users/admin/.rbenv/versions/2.2.3/lib/ruby/gems/2.2.0/gems/test-unit-2.5.5/lib/test/unit/testsuite.rb:121:in `run_test'
/Users/admin/.rbenv/versions/2.2.3/lib/ruby/gems/2.2.0/gems/test-unit-2.5.5/lib/test/unit/testsuite.rb:53:in `run'
/Users/admin/.rbenv/versions/2.2.3/lib/ruby/gems/2.2.0/gems/test-unit-2.5.5/lib/test/unit/testsuite.rb:121:in `run_test'
/Users/admin/.rbenv/versions/2.2.3/lib/ruby/gems/2.2.0/gems/test-unit-2.5.5/lib/test/unit/testsuite.rb:53:in `run'
/Users/admin/.rbenv/versions/2.2.3/lib/ruby/gems/2.2.0/gems/test-unit-2.5.5/lib/test/unit/ui/testrunnermediator.rb:65:in `run_suite'
/Users/admin/.rbenv/versions/2.2.3/lib/ruby/gems/2.2.0/gems/test-unit-2.5.5/lib/test/unit/ui/testrunnermediator.rb:44:in `block in run'
/Users/admin/.rbenv/versions/2.2.3/lib/ruby/gems/2.2.0/gems/test-unit-2.5.5/lib/test/unit/ui/testrunnermediator.rb:100:in `with_listener'
/Users/admin/.rbenv/versions/2.2.3/lib/ruby/gems/2.2.0/gems/test-unit-2.5.5/lib/test/unit/ui/testrunnermediator.rb:40:in `run'
/Users/admin/.rbenv/versions/2.2.3/lib/ruby/gems/2.2.0/gems/test-unit-2.5.5/lib/test/unit/ui/testrunner.rb:40:in `start_mediator'
/Users/admin/.rbenv/versions/2.2.3/lib/ruby/gems/2.2.0/gems/test-unit-2.5.5/lib/test/unit/ui/testrunner.rb:25:in `start'
/Users/admin/.rbenv/versions/2.2.3/lib/ruby/gems/2.2.0/gems/test-unit-2.5.5/lib/test/unit/ui/testrunnerutilities.rb:24:in `run'
/Users/admin/.rbenv/versions/2.2.3/lib/ruby/gems/2.2.0/gems/test-unit-2.5.5/lib/test/unit/autorunner.rb:409:in `block in run'
/Users/admin/.rbenv/versions/2.2.3/lib/ruby/gems/2.2.0/gems/test-unit-2.5.5/lib/test/unit/autorunner.rb:465:in `change_work_directory'
/Users/admin/.rbenv/versions/2.2.3/lib/ruby/gems/2.2.0/gems/test-unit-2.5.5/lib/test/unit/autorunner.rb:408:in `run'
/Users/admin/.rbenv/versions/2.2.3/lib/ruby/gems/2.2.0/gems/test-unit-2.5.5/lib/test/unit/autorunner.rb:59:in `run'
/Users/admin/.rbenv/versions/2.2.3/lib/ruby/gems/2.2.0/gems/test-unit-2.5.5/lib/test/unit.rb:502:in `block (2 levels) in &lt;top (required)&gt;'    </error>
  </testcase>
  <testcase name="test_RolloverDifferentQuestionSets" time="45.861015" assertions="0">
    <error type="Selenium::WebDriver::Error::NoSuchElementError" message="Unable to locate element: {&quot;method&quot;:&quot;xpath&quot;,&quot;selector&quot;:&quot;.//*[@id='AllTab_Tab']&quot;}">
Unable to locate element: {"method":"xpath","selector":".//*[@id='AllTab_Tab']"} (Selenium::WebDriver::Error::NoSuchElementError)
[remote server] file:///var/folders/ml/2cj5zyh53ys2qn9_nwv386q00000gn/T/webdriver-profile20160310-2475-15pecr4/extensions/fxdriver@googlecode.com/components/driver-component.js:10719:in `FirefoxDriver.prototype.findElementInternal_'
[remote server] file:///var/folders/ml/2cj5zyh53ys2qn9_nwv386q00000gn/T/webdriver-profile20160310-2475-15pecr4/extensions/fxdriver@googlecode.com/components/driver-component.js:10728:in `FirefoxDriver.prototype.findElement'
[remote server] file:///var/folders/ml/2cj5zyh53ys2qn9_nwv386q00000gn/T/webdriver-profile20160310-2475-15pecr4/extensions/fxdriver@googlecode.com/components/command-processor.js:12595:in `DelayedCommand.prototype.executeInternal_/h'
[remote server] file:///var/folders/ml/2cj5zyh53ys2qn9_nwv386q00000gn/T/webdriver-profile20160310-2475-15pecr4/extensions/fxdriver@googlecode.com/components/command-processor.js:12600:in `DelayedCommand.prototype.executeInternal_'
[remote server] file:///var/folders/ml/2cj5zyh53ys2qn9_nwv386q00000gn/T/webdriver-profile20160310-2475-15pecr4/extensions/fxdriver@googlecode.com/components/command-processor.js:12542:in `DelayedCommand.prototype.execute/&lt;'
/Users/admin/.rbenv/versions/2.2.3/lib/ruby/gems/2.2.0/gems/selenium-webdriver-2.50.0/lib/selenium/webdriver/remote/response.rb:70:in `assert_ok'
/Users/admin/.rbenv/versions/2.2.3/lib/ruby/gems/2.2.0/gems/selenium-webdriver-2.50.0/lib/selenium/webdriver/remote/response.rb:34:in `initialize'
/Users/admin/.rbenv/versions/2.2.3/lib/ruby/gems/2.2.0/gems/selenium-webdriver-2.50.0/lib/selenium/webdriver/remote/http/common.rb:78:in `new'
/Users/admin/.rbenv/versions/2.2.3/lib/ruby/gems/2.2.0/gems/selenium-webdriver-2.50.0/lib/selenium/webdriver/remote/http/common.rb:78:in `create_response'
/Users/admin/.rbenv/versions/2.2.3/lib/ruby/gems/2.2.0/gems/selenium-webdriver-2.50.0/lib/selenium/webdriver/remote/http/default.rb:90:in `request'
/Users/admin/.rbenv/versions/2.2.3/lib/ruby/gems/2.2.0/gems/selenium-webdriver-2.50.0/lib/selenium/webdriver/remote/http/common.rb:59:in `call'
/Users/admin/.rbenv/versions/2.2.3/lib/ruby/gems/2.2.0/gems/selenium-webdriver-2.50.0/lib/selenium/webdriver/remote/bridge.rb:645:in `raw_execute'
/Users/admin/.rbenv/versions/2.2.3/lib/ruby/gems/2.2.0/gems/selenium-webdriver-2.50.0/lib/selenium/webdriver/remote/bridge.rb:623:in `execute'
/Users/admin/.rbenv/versions/2.2.3/lib/ruby/gems/2.2.0/gems/selenium-webdriver-2.50.0/lib/selenium/webdriver/remote/bridge.rb:592:in `find_element_by'
/Users/admin/.rbenv/versions/2.2.3/lib/ruby/gems/2.2.0/gems/selenium-webdriver-2.50.0/lib/selenium/webdriver/common/search_context.rb:61:in `find_element'
/Users/admin/Desktop/Autommation/jobscience/lib/New_Automation/tests/common.rb:81:in `click_and_load'
/Users/admin/Desktop/Autommation/jobscience/lib/New_Automation/tests/common.rb:800:in `goToTab'
/Users/admin/Desktop/Autommation/jobscience/lib/New_Automation/tests/common.rb:590:in `CreateQuestionSetEmpty'
/Users/admin/Desktop/Autommation/jobscience/lib/New_Automation/tests/test_question_sets.rb:2174:in `test_RolloverDifferentQuestionSets'
/Users/admin/.rbenv/versions/2.2.3/lib/ruby/gems/2.2.0/gems/test-unit-2.5.5/lib/test/unit/testcase.rb:691:in `run_test'
/Users/admin/.rbenv/versions/2.2.3/lib/ruby/gems/2.2.0/gems/test-unit-2.5.5/lib/test/unit/testcase.rb:431:in `run'
/Users/admin/.rbenv/versions/2.2.3/lib/ruby/gems/2.2.0/gems/test-unit-2.5.5/lib/test/unit/testsuite.rb:121:in `run_test'
/Users/admin/.rbenv/versions/2.2.3/lib/ruby/gems/2.2.0/gems/test-unit-2.5.5/lib/test/unit/testsuite.rb:53:in `run'
/Users/admin/.rbenv/versions/2.2.3/lib/ruby/gems/2.2.0/gems/test-unit-2.5.5/lib/test/unit/testsuite.rb:121:in `run_test'
/Users/admin/.rbenv/versions/2.2.3/lib/ruby/gems/2.2.0/gems/test-unit-2.5.5/lib/test/unit/testsuite.rb:53:in `run'
/Users/admin/.rbenv/versions/2.2.3/lib/ruby/gems/2.2.0/gems/test-unit-2.5.5/lib/test/unit/testsuite.rb:121:in `run_test'
/Users/admin/.rbenv/versions/2.2.3/lib/ruby/gems/2.2.0/gems/test-unit-2.5.5/lib/test/unit/testsuite.rb:53:in `run'
/Users/admin/.rbenv/versions/2.2.3/lib/ruby/gems/2.2.0/gems/test-unit-2.5.5/lib/test/unit/ui/testrunnermediator.rb:65:in `run_suite'
/Users/admin/.rbenv/versions/2.2.3/lib/ruby/gems/2.2.0/gems/test-unit-2.5.5/lib/test/unit/ui/testrunnermediator.rb:44:in `block in run'
/Users/admin/.rbenv/versions/2.2.3/lib/ruby/gems/2.2.0/gems/test-unit-2.5.5/lib/test/unit/ui/testrunnermediator.rb:100:in `with_listener'
/Users/admin/.rbenv/versions/2.2.3/lib/ruby/gems/2.2.0/gems/test-unit-2.5.5/lib/test/unit/ui/testrunnermediator.rb:40:in `run'
/Users/admin/.rbenv/versions/2.2.3/lib/ruby/gems/2.2.0/gems/test-unit-2.5.5/lib/test/unit/ui/testrunner.rb:40:in `start_mediator'
/Users/admin/.rbenv/versions/2.2.3/lib/ruby/gems/2.2.0/gems/test-unit-2.5.5/lib/test/unit/ui/testrunner.rb:25:in `start'
/Users/admin/.rbenv/versions/2.2.3/lib/ruby/gems/2.2.0/gems/test-unit-2.5.5/lib/test/unit/ui/testrunnerutilities.rb:24:in `run'
/Users/admin/.rbenv/versions/2.2.3/lib/ruby/gems/2.2.0/gems/test-unit-2.5.5/lib/test/unit/autorunner.rb:409:in `block in run'
/Users/admin/.rbenv/versions/2.2.3/lib/ruby/gems/2.2.0/gems/test-unit-2.5.5/lib/test/unit/autorunner.rb:465:in `change_work_directory'
/Users/admin/.rbenv/versions/2.2.3/lib/ruby/gems/2.2.0/gems/test-unit-2.5.5/lib/test/unit/autorunner.rb:408:in `run'
/Users/admin/.rbenv/versions/2.2.3/lib/ruby/gems/2.2.0/gems/test-unit-2.5.5/lib/test/unit/autorunner.rb:59:in `run'
/Users/admin/.rbenv/versions/2.2.3/lib/ruby/gems/2.2.0/gems/test-unit-2.5.5/lib/test/unit.rb:502:in `block (2 levels) in &lt;top (required)&gt;'    </error>
  </testcase>
  <testcase name="test_RolloverSameJobOrder" time="58.773903" assertions="0">
    <error type="Selenium::WebDriver::Error::NoSuchElementError" message="Unable to locate element: {&quot;method&quot;:&quot;xpath&quot;,&quot;selector&quot;:&quot;.//*[@name='new']&quot;}">
Unable to locate element: {"method":"xpath","selector":".//*[@name='new']"} (Selenium::WebDriver::Error::NoSuchElementError)
[remote server] file:///var/folders/ml/2cj5zyh53ys2qn9_nwv386q00000gn/T/webdriver-profile20160310-2475-1bd8d3c/extensions/fxdriver@googlecode.com/components/driver-component.js:10719:in `FirefoxDriver.prototype.findElementInternal_'
[remote server] file:///var/folders/ml/2cj5zyh53ys2qn9_nwv386q00000gn/T/webdriver-profile20160310-2475-1bd8d3c/extensions/fxdriver@googlecode.com/components/driver-component.js:10728:in `FirefoxDriver.prototype.findElement'
[remote server] file:///var/folders/ml/2cj5zyh53ys2qn9_nwv386q00000gn/T/webdriver-profile20160310-2475-1bd8d3c/extensions/fxdriver@googlecode.com/components/command-processor.js:12595:in `DelayedCommand.prototype.executeInternal_/h'
[remote server] file:///var/folders/ml/2cj5zyh53ys2qn9_nwv386q00000gn/T/webdriver-profile20160310-2475-1bd8d3c/extensions/fxdriver@googlecode.com/components/command-processor.js:12600:in `DelayedCommand.prototype.executeInternal_'
[remote server] file:///var/folders/ml/2cj5zyh53ys2qn9_nwv386q00000gn/T/webdriver-profile20160310-2475-1bd8d3c/extensions/fxdriver@googlecode.com/components/command-processor.js:12542:in `DelayedCommand.prototype.execute/&lt;'
/Users/admin/.rbenv/versions/2.2.3/lib/ruby/gems/2.2.0/gems/selenium-webdriver-2.50.0/lib/selenium/webdriver/remote/response.rb:70:in `assert_ok'
/Users/admin/.rbenv/versions/2.2.3/lib/ruby/gems/2.2.0/gems/selenium-webdriver-2.50.0/lib/selenium/webdriver/remote/response.rb:34:in `initialize'
/Users/admin/.rbenv/versions/2.2.3/lib/ruby/gems/2.2.0/gems/selenium-webdriver-2.50.0/lib/selenium/webdriver/remote/http/common.rb:78:in `new'
/Users/admin/.rbenv/versions/2.2.3/lib/ruby/gems/2.2.0/gems/selenium-webdriver-2.50.0/lib/selenium/webdriver/remote/http/common.rb:78:in `create_response'
/Users/admin/.rbenv/versions/2.2.3/lib/ruby/gems/2.2.0/gems/selenium-webdriver-2.50.0/lib/selenium/webdriver/remote/http/default.rb:90:in `request'
/Users/admin/.rbenv/versions/2.2.3/lib/ruby/gems/2.2.0/gems/selenium-webdriver-2.50.0/lib/selenium/webdriver/remote/http/common.rb:59:in `call'
/Users/admin/.rbenv/versions/2.2.3/lib/ruby/gems/2.2.0/gems/selenium-webdriver-2.50.0/lib/selenium/webdriver/remote/bridge.rb:645:in `raw_execute'
/Users/admin/.rbenv/versions/2.2.3/lib/ruby/gems/2.2.0/gems/selenium-webdriver-2.50.0/lib/selenium/webdriver/remote/bridge.rb:623:in `execute'
/Users/admin/.rbenv/versions/2.2.3/lib/ruby/gems/2.2.0/gems/selenium-webdriver-2.50.0/lib/selenium/webdriver/remote/bridge.rb:592:in `find_element_by'
/Users/admin/.rbenv/versions/2.2.3/lib/ruby/gems/2.2.0/gems/selenium-webdriver-2.50.0/lib/selenium/webdriver/common/search_context.rb:61:in `find_element'
/Users/admin/Desktop/Autommation/jobscience/lib/New_Automation/tests/common.rb:92:in `displayed'
/Users/admin/Desktop/Autommation/jobscience/lib/New_Automation/tests/common.rb:271:in `block in main'
/Users/admin/Desktop/Autommation/jobscience/lib/New_Automation/tests/common.rb:264:in `each'
/Users/admin/Desktop/Autommation/jobscience/lib/New_Automation/tests/common.rb:264:in `main'
/Users/admin/Desktop/Autommation/jobscience/lib/New_Automation/tests/common.rb:548:in `CreateRequisitionPostJob'
/Users/admin/Desktop/Autommation/jobscience/lib/New_Automation/tests/test_question_sets.rb:2474:in `test_RolloverSameJobOrder'
/Users/admin/.rbenv/versions/2.2.3/lib/ruby/gems/2.2.0/gems/test-unit-2.5.5/lib/test/unit/testcase.rb:691:in `run_test'
/Users/admin/.rbenv/versions/2.2.3/lib/ruby/gems/2.2.0/gems/test-unit-2.5.5/lib/test/unit/testcase.rb:431:in `run'
/Users/admin/.rbenv/versions/2.2.3/lib/ruby/gems/2.2.0/gems/test-unit-2.5.5/lib/test/unit/testsuite.rb:121:in `run_test'
/Users/admin/.rbenv/versions/2.2.3/lib/ruby/gems/2.2.0/gems/test-unit-2.5.5/lib/test/unit/testsuite.rb:53:in `run'
/Users/admin/.rbenv/versions/2.2.3/lib/ruby/gems/2.2.0/gems/test-unit-2.5.5/lib/test/unit/testsuite.rb:121:in `run_test'
/Users/admin/.rbenv/versions/2.2.3/lib/ruby/gems/2.2.0/gems/test-unit-2.5.5/lib/test/unit/testsuite.rb:53:in `run'
/Users/admin/.rbenv/versions/2.2.3/lib/ruby/gems/2.2.0/gems/test-unit-2.5.5/lib/test/unit/testsuite.rb:121:in `run_test'
/Users/admin/.rbenv/versions/2.2.3/lib/ruby/gems/2.2.0/gems/test-unit-2.5.5/lib/test/unit/testsuite.rb:53:in `run'
/Users/admin/.rbenv/versions/2.2.3/lib/ruby/gems/2.2.0/gems/test-unit-2.5.5/lib/test/unit/ui/testrunnermediator.rb:65:in `run_suite'
/Users/admin/.rbenv/versions/2.2.3/lib/ruby/gems/2.2.0/gems/test-unit-2.5.5/lib/test/unit/ui/testrunnermediator.rb:44:in `block in run'
/Users/admin/.rbenv/versions/2.2.3/lib/ruby/gems/2.2.0/gems/test-unit-2.5.5/lib/test/unit/ui/testrunnermediator.rb:100:in `with_listener'
/Users/admin/.rbenv/versions/2.2.3/lib/ruby/gems/2.2.0/gems/test-unit-2.5.5/lib/test/unit/ui/testrunnermediator.rb:40:in `run'
/Users/admin/.rbenv/versions/2.2.3/lib/ruby/gems/2.2.0/gems/test-unit-2.5.5/lib/test/unit/ui/testrunner.rb:40:in `start_mediator'
/Users/admin/.rbenv/versions/2.2.3/lib/ruby/gems/2.2.0/gems/test-unit-2.5.5/lib/test/unit/ui/testrunner.rb:25:in `start'
/Users/admin/.rbenv/versions/2.2.3/lib/ruby/gems/2.2.0/gems/test-unit-2.5.5/lib/test/unit/ui/testrunnerutilities.rb:24:in `run'
/Users/admin/.rbenv/versions/2.2.3/lib/ruby/gems/2.2.0/gems/test-unit-2.5.5/lib/test/unit/autorunner.rb:409:in `block in run'
/Users/admin/.rbenv/versions/2.2.3/lib/ruby/gems/2.2.0/gems/test-unit-2.5.5/lib/test/unit/autorunner.rb:465:in `change_work_directory'
/Users/admin/.rbenv/versions/2.2.3/lib/ruby/gems/2.2.0/gems/test-unit-2.5.5/lib/test/unit/autorunner.rb:408:in `run'
/Users/admin/.rbenv/versions/2.2.3/lib/ruby/gems/2.2.0/gems/test-unit-2.5.5/lib/test/unit/autorunner.rb:59:in `run'
/Users/admin/.rbenv/versions/2.2.3/lib/ruby/gems/2.2.0/gems/test-unit-2.5.5/lib/test/unit.rb:502:in `block (2 levels) in &lt;top (required)&gt;'    </error>
  </testcase>
  <testcase name="test_RolloverSameQuestionSets" time="57.902942" assertions="0">
    <error type="Selenium::WebDriver::Error::NoSuchElementError" message="Unable to locate element: {&quot;method&quot;:&quot;xpath&quot;,&quot;selector&quot;:&quot;.//*[@name='new']&quot;}">
Unable to locate element: {"method":"xpath","selector":".//*[@name='new']"} (Selenium::WebDriver::Error::NoSuchElementError)
[remote server] file:///var/folders/ml/2cj5zyh53ys2qn9_nwv386q00000gn/T/webdriver-profile20160310-2475-3d1qtm/extensions/fxdriver@googlecode.com/components/driver-component.js:10719:in `FirefoxDriver.prototype.findElementInternal_'
[remote server] file:///var/folders/ml/2cj5zyh53ys2qn9_nwv386q00000gn/T/webdriver-profile20160310-2475-3d1qtm/extensions/fxdriver@googlecode.com/components/driver-component.js:10728:in `FirefoxDriver.prototype.findElement'
[remote server] file:///var/folders/ml/2cj5zyh53ys2qn9_nwv386q00000gn/T/webdriver-profile20160310-2475-3d1qtm/extensions/fxdriver@googlecode.com/components/command-processor.js:12595:in `DelayedCommand.prototype.executeInternal_/h'
[remote server] file:///var/folders/ml/2cj5zyh53ys2qn9_nwv386q00000gn/T/webdriver-profile20160310-2475-3d1qtm/extensions/fxdriver@googlecode.com/components/command-processor.js:12600:in `DelayedCommand.prototype.executeInternal_'
[remote server] file:///var/folders/ml/2cj5zyh53ys2qn9_nwv386q00000gn/T/webdriver-profile20160310-2475-3d1qtm/extensions/fxdriver@googlecode.com/components/command-processor.js:12542:in `DelayedCommand.prototype.execute/&lt;'
/Users/admin/.rbenv/versions/2.2.3/lib/ruby/gems/2.2.0/gems/selenium-webdriver-2.50.0/lib/selenium/webdriver/remote/response.rb:70:in `assert_ok'
/Users/admin/.rbenv/versions/2.2.3/lib/ruby/gems/2.2.0/gems/selenium-webdriver-2.50.0/lib/selenium/webdriver/remote/response.rb:34:in `initialize'
/Users/admin/.rbenv/versions/2.2.3/lib/ruby/gems/2.2.0/gems/selenium-webdriver-2.50.0/lib/selenium/webdriver/remote/http/common.rb:78:in `new'
/Users/admin/.rbenv/versions/2.2.3/lib/ruby/gems/2.2.0/gems/selenium-webdriver-2.50.0/lib/selenium/webdriver/remote/http/common.rb:78:in `create_response'
/Users/admin/.rbenv/versions/2.2.3/lib/ruby/gems/2.2.0/gems/selenium-webdriver-2.50.0/lib/selenium/webdriver/remote/http/default.rb:90:in `request'
/Users/admin/.rbenv/versions/2.2.3/lib/ruby/gems/2.2.0/gems/selenium-webdriver-2.50.0/lib/selenium/webdriver/remote/http/common.rb:59:in `call'
/Users/admin/.rbenv/versions/2.2.3/lib/ruby/gems/2.2.0/gems/selenium-webdriver-2.50.0/lib/selenium/webdriver/remote/bridge.rb:645:in `raw_execute'
/Users/admin/.rbenv/versions/2.2.3/lib/ruby/gems/2.2.0/gems/selenium-webdriver-2.50.0/lib/selenium/webdriver/remote/bridge.rb:623:in `execute'
/Users/admin/.rbenv/versions/2.2.3/lib/ruby/gems/2.2.0/gems/selenium-webdriver-2.50.0/lib/selenium/webdriver/remote/bridge.rb:592:in `find_element_by'
/Users/admin/.rbenv/versions/2.2.3/lib/ruby/gems/2.2.0/gems/selenium-webdriver-2.50.0/lib/selenium/webdriver/common/search_context.rb:61:in `find_element'
/Users/admin/Desktop/Autommation/jobscience/lib/New_Automation/tests/common.rb:92:in `displayed'
/Users/admin/Desktop/Autommation/jobscience/lib/New_Automation/tests/common.rb:271:in `block in main'
/Users/admin/Desktop/Autommation/jobscience/lib/New_Automation/tests/common.rb:264:in `each'
/Users/admin/Desktop/Autommation/jobscience/lib/New_Automation/tests/common.rb:264:in `main'
/Users/admin/Desktop/Autommation/jobscience/lib/New_Automation/tests/common.rb:548:in `CreateRequisitionPostJob'
/Users/admin/Desktop/Autommation/jobscience/lib/New_Automation/tests/test_question_sets.rb:2303:in `test_RolloverSameQuestionSets'
/Users/admin/.rbenv/versions/2.2.3/lib/ruby/gems/2.2.0/gems/test-unit-2.5.5/lib/test/unit/testcase.rb:691:in `run_test'
/Users/admin/.rbenv/versions/2.2.3/lib/ruby/gems/2.2.0/gems/test-unit-2.5.5/lib/test/unit/testcase.rb:431:in `run'
/Users/admin/.rbenv/versions/2.2.3/lib/ruby/gems/2.2.0/gems/test-unit-2.5.5/lib/test/unit/testsuite.rb:121:in `run_test'
/Users/admin/.rbenv/versions/2.2.3/lib/ruby/gems/2.2.0/gems/test-unit-2.5.5/lib/test/unit/testsuite.rb:53:in `run'
/Users/admin/.rbenv/versions/2.2.3/lib/ruby/gems/2.2.0/gems/test-unit-2.5.5/lib/test/unit/testsuite.rb:121:in `run_test'
/Users/admin/.rbenv/versions/2.2.3/lib/ruby/gems/2.2.0/gems/test-unit-2.5.5/lib/test/unit/testsuite.rb:53:in `run'
/Users/admin/.rbenv/versions/2.2.3/lib/ruby/gems/2.2.0/gems/test-unit-2.5.5/lib/test/unit/testsuite.rb:121:in `run_test'
/Users/admin/.rbenv/versions/2.2.3/lib/ruby/gems/2.2.0/gems/test-unit-2.5.5/lib/test/unit/testsuite.rb:53:in `run'
/Users/admin/.rbenv/versions/2.2.3/lib/ruby/gems/2.2.0/gems/test-unit-2.5.5/lib/test/unit/ui/testrunnermediator.rb:65:in `run_suite'
/Users/admin/.rbenv/versions/2.2.3/lib/ruby/gems/2.2.0/gems/test-unit-2.5.5/lib/test/unit/ui/testrunnermediator.rb:44:in `block in run'
/Users/admin/.rbenv/versions/2.2.3/lib/ruby/gems/2.2.0/gems/test-unit-2.5.5/lib/test/unit/ui/testrunnermediator.rb:100:in `with_listener'
/Users/admin/.rbenv/versions/2.2.3/lib/ruby/gems/2.2.0/gems/test-unit-2.5.5/lib/test/unit/ui/testrunnermediator.rb:40:in `run'
/Users/admin/.rbenv/versions/2.2.3/lib/ruby/gems/2.2.0/gems/test-unit-2.5.5/lib/test/unit/ui/testrunner.rb:40:in `start_mediator'
/Users/admin/.rbenv/versions/2.2.3/lib/ruby/gems/2.2.0/gems/test-unit-2.5.5/lib/test/unit/ui/testrunner.rb:25:in `start'
/Users/admin/.rbenv/versions/2.2.3/lib/ruby/gems/2.2.0/gems/test-unit-2.5.5/lib/test/unit/ui/testrunnerutilities.rb:24:in `run'
/Users/admin/.rbenv/versions/2.2.3/lib/ruby/gems/2.2.0/gems/test-unit-2.5.5/lib/test/unit/autorunner.rb:409:in `block in run'
/Users/admin/.rbenv/versions/2.2.3/lib/ruby/gems/2.2.0/gems/test-unit-2.5.5/lib/test/unit/autorunner.rb:465:in `change_work_directory'
/Users/admin/.rbenv/versions/2.2.3/lib/ruby/gems/2.2.0/gems/test-unit-2.5.5/lib/test/unit/autorunner.rb:408:in `run'
/Users/admin/.rbenv/versions/2.2.3/lib/ruby/gems/2.2.0/gems/test-unit-2.5.5/lib/test/unit/autorunner.rb:59:in `run'
/Users/admin/.rbenv/versions/2.2.3/lib/ruby/gems/2.2.0/gems/test-unit-2.5.5/lib/test/unit.rb:502:in `block (2 levels) in &lt;top (required)&gt;'    </error>
  </testcase>
  <testcase name="test_VerifyQuestionSetJobBoard" time="153.086705" assertions="0">
    <error type="Selenium::WebDriver::Error::TimeOutError" message="timed out after 20 seconds (Unable to locate element: {&quot;method&quot;:&quot;xpath&quot;,&quot;selector&quot;:&quot;.//*[@id='QALIST']/li[3]&quot;})">
timed out after 20 seconds (Unable to locate element: {"method":"xpath","selector":".//*[@id='QALIST']/li[3]"}) (Selenium::WebDriver::Error::TimeOutError)
/Users/admin/.rbenv/versions/2.2.3/lib/ruby/gems/2.2.0/gems/selenium-webdriver-2.50.0/lib/selenium/webdriver/common/wait.rb:76:in `until'
/Users/admin/Desktop/Autommation/jobscience/lib/New_Automation/tests/test_question_sets.rb:2722:in `CreateQuestionSetWithQuestions'
/Users/admin/Desktop/Autommation/jobscience/lib/New_Automation/tests/test_question_sets.rb:1208:in `test_VerifyQuestionSetJobBoard'
/Users/admin/.rbenv/versions/2.2.3/lib/ruby/gems/2.2.0/gems/test-unit-2.5.5/lib/test/unit/testcase.rb:691:in `run_test'
/Users/admin/.rbenv/versions/2.2.3/lib/ruby/gems/2.2.0/gems/test-unit-2.5.5/lib/test/unit/testcase.rb:431:in `run'
/Users/admin/.rbenv/versions/2.2.3/lib/ruby/gems/2.2.0/gems/test-unit-2.5.5/lib/test/unit/testsuite.rb:121:in `run_test'
/Users/admin/.rbenv/versions/2.2.3/lib/ruby/gems/2.2.0/gems/test-unit-2.5.5/lib/test/unit/testsuite.rb:53:in `run'
/Users/admin/.rbenv/versions/2.2.3/lib/ruby/gems/2.2.0/gems/test-unit-2.5.5/lib/test/unit/testsuite.rb:121:in `run_test'
/Users/admin/.rbenv/versions/2.2.3/lib/ruby/gems/2.2.0/gems/test-unit-2.5.5/lib/test/unit/testsuite.rb:53:in `run'
/Users/admin/.rbenv/versions/2.2.3/lib/ruby/gems/2.2.0/gems/test-unit-2.5.5/lib/test/unit/testsuite.rb:121:in `run_test'
/Users/admin/.rbenv/versions/2.2.3/lib/ruby/gems/2.2.0/gems/test-unit-2.5.5/lib/test/unit/testsuite.rb:53:in `run'
/Users/admin/.rbenv/versions/2.2.3/lib/ruby/gems/2.2.0/gems/test-unit-2.5.5/lib/test/unit/ui/testrunnermediator.rb:65:in `run_suite'
/Users/admin/.rbenv/versions/2.2.3/lib/ruby/gems/2.2.0/gems/test-unit-2.5.5/lib/test/unit/ui/testrunnermediator.rb:44:in `block in run'
/Users/admin/.rbenv/versions/2.2.3/lib/ruby/gems/2.2.0/gems/test-unit-2.5.5/lib/test/unit/ui/testrunnermediator.rb:100:in `with_listener'
/Users/admin/.rbenv/versions/2.2.3/lib/ruby/gems/2.2.0/gems/test-unit-2.5.5/lib/test/unit/ui/testrunnermediator.rb:40:in `run'
/Users/admin/.rbenv/versions/2.2.3/lib/ruby/gems/2.2.0/gems/test-unit-2.5.5/lib/test/unit/ui/testrunner.rb:40:in `start_mediator'
/Users/admin/.rbenv/versions/2.2.3/lib/ruby/gems/2.2.0/gems/test-unit-2.5.5/lib/test/unit/ui/testrunner.rb:25:in `start'
/Users/admin/.rbenv/versions/2.2.3/lib/ruby/gems/2.2.0/gems/test-unit-2.5.5/lib/test/unit/ui/testrunnerutilities.rb:24:in `run'
/Users/admin/.rbenv/versions/2.2.3/lib/ruby/gems/2.2.0/gems/test-unit-2.5.5/lib/test/unit/autorunner.rb:409:in `block in run'
/Users/admin/.rbenv/versions/2.2.3/lib/ruby/gems/2.2.0/gems/test-unit-2.5.5/lib/test/unit/autorunner.rb:465:in `change_work_directory'
/Users/admin/.rbenv/versions/2.2.3/lib/ruby/gems/2.2.0/gems/test-unit-2.5.5/lib/test/unit/autorunner.rb:408:in `run'
/Users/admin/.rbenv/versions/2.2.3/lib/ruby/gems/2.2.0/gems/test-unit-2.5.5/lib/test/unit/autorunner.rb:59:in `run'
/Users/admin/.rbenv/versions/2.2.3/lib/ruby/gems/2.2.0/gems/test-unit-2.5.5/lib/test/unit.rb:502:in `block (2 levels) in &lt;top (required)&gt;'    </error>
  </testcase>
  <system-out>

main

displayed

main

displayed
  </system-out>
</testsuite>
