<?xml version="1.0" encoding="UTF-8"?>
<testsuite name="TestJobTemplates" tests="1" time="67.06398" failures="0" errors="0" skipped="0" assertions="1" timestamp="2016-03-08T19:25:45-03:00">
  <testcase name="test_createJobOrder" time="67.063618" assertions="1">
  </testcase>
  <system-out>

main

displayed
.//*[@title='New']
click
displayed
.//*[@class='requiredInput']/input
set_text
click

main

displayed
.//*[@class='pbButton']//*[@class='btn']
click
displayed
.//*[@id='Name']
set_text
set_text
click

main

displayed
//*[text()[contains(., 'Job Title')]]/../../tr//a[1]
click
displayed
.//*[@title='Create Job Order']
click
displayed
(.//*[@value='Next'])[1]
click
  </system-out>
</testsuite>
