<?xml version="1.0" encoding="UTF-8"?>
<testsuite name="TestResume" tests="1" time="102.369647" failures="0" errors="0" skipped="0" assertions="6" timestamp="2016-03-18T14:26:01-03:00">
  <testcase name="test_resumUpdateCountryPickList" time="102.369309" assertions="6">
  </testcase>
  <system-out>

main

displayed
click
displayed
click_and_load
displayed
click_and_load
displayed
click

main

displayed
click

main

displayed
click

main

set_text
click

main

displayed
click
displayed
click

main

displayed
upload
https://ts2.na17.visual.force.com/apex/ResumeAddUpdateBackend?scontrolCaching=1&amp;id=003o000000q4LmL
upload
click

main

displayed
click
displayed
click

main

displayed
upload
https://ts2.na17.visual.force.com/apex/ResumeAddUpdateBackend?scontrolCaching=1&amp;id=003o000000q4MQ0
upload
click

main

displayed
click
displayed
click

main

displayed
upload
https://ts2.na17.visual.force.com/apex/ResumeAddUpdateBackend?scontrolCaching=1&amp;id=003o000000q4LmL
upload
click
  </system-out>
</testsuite>
