<?xml version="1.0" encoding="UTF-8"?>
<testsuite name="TestJobTemplates" tests="2" time="61.042787" failures="0" errors="0" skipped="0" assertions="3" timestamp="2016-03-08T17:54:57-03:00">
  <testcase name="test_newJobTemplate" time="28.095357" assertions="1">
  </testcase>
  <testcase name="test_newJobTemplateValidation" time="32.946691" assertions="2">
  </testcase>
  <system-out>

main

displayed
.//*[@class='pbButton']//*[@class='btn']
click
displayed
.//*[@id='Name']
set_text
set_text
click

main

displayed
.//*[@class='pbButton']//*[@class='btn']
click
displayed
.//*[@id='Name']
click
  </system-out>
</testsuite>
