<?xml version="1.0" encoding="UTF-8"?>
<testsuite name="TestJobTemplates" tests="1" time="17.748555" failures="0" errors="1" skipped="0" assertions="0" timestamp="2016-03-08T18:07:05-03:00">
  <testcase name="test_newJobTemplateMapping" time="17.748271" assertions="0">
    <error type="Selenium::WebDriver::Error::InvalidSelectorError" message="The given selector https://na17.salesforce.com/a0J/o is either invalid or does not result in a WebElement. The following error occurred:...">
The given selector https://na17.salesforce.com/a0J/o is either invalid or does not result in a WebElement. The following error occurred:
InvalidSelectorError: Unable to locate an element with the xpath expression https://na17.salesforce.com/a0J/o because of the following error:
SyntaxError: The expression is not a legal expression. (Selenium::WebDriver::Error::InvalidSelectorError)
[remote server] file:///var/folders/y5/smgr16q14vq3zqr17x_76rwr0000gn/T/webdriver-profile20160308-4013-1ydu4rb/extensions/fxdriver@googlecode.com/components/driver-component.js:10697:in `FirefoxDriver.annotateInvalidSelectorError_'
[remote server] file:///var/folders/y5/smgr16q14vq3zqr17x_76rwr0000gn/T/webdriver-profile20160308-4013-1ydu4rb/extensions/fxdriver@googlecode.com/components/driver-component.js:10728:in `FirefoxDriver.prototype.findElementInternal_'
[remote server] file:///var/folders/y5/smgr16q14vq3zqr17x_76rwr0000gn/T/webdriver-profile20160308-4013-1ydu4rb/extensions/fxdriver@googlecode.com/components/driver-component.js:10732:in `FirefoxDriver.prototype.findElement'
[remote server] file:///var/folders/y5/smgr16q14vq3zqr17x_76rwr0000gn/T/webdriver-profile20160308-4013-1ydu4rb/extensions/fxdriver@googlecode.com/components/command-processor.js:12614:in `DelayedCommand.prototype.executeInternal_/h'
[remote server] file:///var/folders/y5/smgr16q14vq3zqr17x_76rwr0000gn/T/webdriver-profile20160308-4013-1ydu4rb/extensions/fxdriver@googlecode.com/components/command-processor.js:12619:in `DelayedCommand.prototype.executeInternal_'
[remote server] file:///var/folders/y5/smgr16q14vq3zqr17x_76rwr0000gn/T/webdriver-profile20160308-4013-1ydu4rb/extensions/fxdriver@googlecode.com/components/command-processor.js:12561:in `DelayedCommand.prototype.execute/&lt;'
/Users/admin/.rvm/gems/ruby-2.2.1/gems/selenium-webdriver-2.52.0/lib/selenium/webdriver/remote/response.rb:70:in `assert_ok'
/Users/admin/.rvm/gems/ruby-2.2.1/gems/selenium-webdriver-2.52.0/lib/selenium/webdriver/remote/response.rb:34:in `initialize'
/Users/admin/.rvm/gems/ruby-2.2.1/gems/selenium-webdriver-2.52.0/lib/selenium/webdriver/remote/http/common.rb:78:in `new'
/Users/admin/.rvm/gems/ruby-2.2.1/gems/selenium-webdriver-2.52.0/lib/selenium/webdriver/remote/http/common.rb:78:in `create_response'
/Users/admin/.rvm/gems/ruby-2.2.1/gems/selenium-webdriver-2.52.0/lib/selenium/webdriver/remote/http/default.rb:90:in `request'
/Users/admin/.rvm/gems/ruby-2.2.1/gems/selenium-webdriver-2.52.0/lib/selenium/webdriver/remote/http/common.rb:59:in `call'
/Users/admin/.rvm/gems/ruby-2.2.1/gems/selenium-webdriver-2.52.0/lib/selenium/webdriver/remote/bridge.rb:645:in `raw_execute'
/Users/admin/.rvm/gems/ruby-2.2.1/gems/selenium-webdriver-2.52.0/lib/selenium/webdriver/remote/bridge.rb:623:in `execute'
/Users/admin/.rvm/gems/ruby-2.2.1/gems/selenium-webdriver-2.52.0/lib/selenium/webdriver/remote/bridge.rb:592:in `find_element_by'
/Users/admin/.rvm/gems/ruby-2.2.1/gems/selenium-webdriver-2.52.0/lib/selenium/webdriver/common/search_context.rb:61:in `find_element'
/Users/admin/Desktop/job-automation/jobscience/lib/New_Automation/tests/common.rb:785:in `block in goToTab'
/Users/admin/.rvm/gems/ruby-2.2.1/gems/selenium-webdriver-2.52.0/lib/selenium/webdriver/common/wait.rb:58:in `until'
/Users/admin/Desktop/job-automation/jobscience/lib/New_Automation/tests/common.rb:784:in `goToTab'
/Users/admin/Desktop/job-automation/jobscience/lib/New_Automation/tests/test_job_templates.rb:54:in `test_newJobTemplateMapping'
/Users/admin/.rvm/gems/ruby-2.2.1/gems/test-unit-2.5.5/lib/test/unit/testcase.rb:691:in `run_test'
/Users/admin/.rvm/gems/ruby-2.2.1/gems/test-unit-2.5.5/lib/test/unit/testcase.rb:431:in `run'
/Users/admin/.rvm/gems/ruby-2.2.1/gems/test-unit-2.5.5/lib/test/unit/testsuite.rb:121:in `run_test'
/Users/admin/.rvm/gems/ruby-2.2.1/gems/test-unit-2.5.5/lib/test/unit/testsuite.rb:53:in `run'
/Users/admin/.rvm/gems/ruby-2.2.1/gems/test-unit-2.5.5/lib/test/unit/testsuite.rb:121:in `run_test'
/Users/admin/.rvm/gems/ruby-2.2.1/gems/test-unit-2.5.5/lib/test/unit/testsuite.rb:53:in `run'
/Users/admin/.rvm/gems/ruby-2.2.1/gems/test-unit-2.5.5/lib/test/unit/testsuite.rb:121:in `run_test'
/Users/admin/.rvm/gems/ruby-2.2.1/gems/test-unit-2.5.5/lib/test/unit/testsuite.rb:53:in `run'
/Users/admin/.rvm/gems/ruby-2.2.1/gems/test-unit-2.5.5/lib/test/unit/ui/testrunnermediator.rb:65:in `run_suite'
/Users/admin/.rvm/gems/ruby-2.2.1/gems/test-unit-2.5.5/lib/test/unit/ui/testrunnermediator.rb:44:in `block in run'
/Users/admin/.rvm/gems/ruby-2.2.1/gems/test-unit-2.5.5/lib/test/unit/ui/testrunnermediator.rb:100:in `with_listener'
/Users/admin/.rvm/gems/ruby-2.2.1/gems/test-unit-2.5.5/lib/test/unit/ui/testrunnermediator.rb:40:in `run'
/Users/admin/.rvm/gems/ruby-2.2.1/gems/test-unit-2.5.5/lib/test/unit/ui/testrunner.rb:40:in `start_mediator'
/Users/admin/.rvm/gems/ruby-2.2.1/gems/test-unit-2.5.5/lib/test/unit/ui/testrunner.rb:25:in `start'
/Users/admin/.rvm/gems/ruby-2.2.1/gems/test-unit-2.5.5/lib/test/unit/ui/testrunnerutilities.rb:24:in `run'
/Users/admin/.rvm/gems/ruby-2.2.1/gems/test-unit-2.5.5/lib/test/unit/autorunner.rb:409:in `block in run'
/Users/admin/.rvm/gems/ruby-2.2.1/gems/test-unit-2.5.5/lib/test/unit/autorunner.rb:465:in `change_work_directory'
/Users/admin/.rvm/gems/ruby-2.2.1/gems/test-unit-2.5.5/lib/test/unit/autorunner.rb:408:in `run'
/Users/admin/.rvm/gems/ruby-2.2.1/gems/test-unit-2.5.5/lib/test/unit/autorunner.rb:59:in `run'
/Users/admin/.rvm/gems/ruby-2.2.1/gems/test-unit-2.5.5/lib/test/unit.rb:502:in `block (2 levels) in &lt;top (required)&gt;'    </error>
  </testcase>
</testsuite>
