<?xml version="1.0" encoding="UTF-8"?>
<testsuite name="TestJobTemplates" tests="1" time="30.447488" failures="0" errors="0" skipped="0" assertions="2" timestamp="2016-03-08T19:10:36-03:00">
  <testcase name="test_newJobTemplateMappingValidation" time="30.445123" assertions="2">
  </testcase>
  <system-out>

main

displayed
.//*[@title='New']
click
displayed
.//*[@class='requiredInput']/input
click
  </system-out>
</testsuite>
