<?xml version="1.0" encoding="UTF-8"?>
<testsuite name="TestJobTemplates" tests="1" time="34.875775" failures="0" errors="0" skipped="0" assertions="2" timestamp="2016-03-08T18:33:02-03:00">
  <testcase name="test_newJobTemplateMappingValidation" time="34.875213" assertions="2">
  </testcase>
  <system-out>

main

displayed
.//*[@title='New']
click
displayed
.//*[@class='requiredInput']/input
click
  </system-out>
</testsuite>
