<?xml version="1.0" encoding="UTF-8"?>
<testsuite name="EeoQuestion" tests="1" time="99.208721" failures="0" errors="0" skipped="0" assertions="1" timestamp="2016-03-04T17:27:35-02:00">
  <testcase name="test_eeoDisclaimersOnlyCustom" time="99.208045" assertions="1">
  </testcase>
  <system-out>

main

displayed
.//*[@id='bodyCell']/div[3]/div[1]/div/div[2]/table/tbody/tr[2]/th/a
click
displayed
.//*[@name='edit']
click
displayed
.//*[@id='cke_j_id0:frm:PageBlock:j_id212:j_id213:j_id214:textAreaDelegate_ts2__EEO_Text__c']
set_text
checked
((.//*[@class='detailList'])[9])/tbody/tr[3]/td/input[@checked='checked']
click

main

displayed
.//*[@id='js-menu-login']/a
click
displayed
.//*[@style='margin-top:1em;']/tbody/tr[1]//input
set_text
set_text
click
displayed
.//*[@id='j_id0:j_id1:atsForm:atsSearchResultsTable:0:j_id82:0:j_id83']/a
click
displayed
.//*[@class='atsJobDetailsAlreadyLogin']//a
click

main

displayed
.//*[@value='Continue']

main

displayed
.//*[@value='Submit']
click
  </system-out>
</testsuite>
