<?xml version="1.0" encoding="UTF-8"?>
<testsuite name="TestJobBoard" tests="3" time="145.27586" failures="0" errors="4" skipped="0" assertions="0" timestamp="2016-03-02T10:51:41-03:00">
  <testcase name="test_AddCustomPrivacyPolicy" time="24.061881" assertions="0">
    <error type="NameError" message="uninitialized constant TestJobBoard::CustomSettings">
uninitialized constant TestJobBoard::CustomSettings (NameError)
/Users/admin/Desktop/job-automation/jobscience/lib/New_Automation/test_job_board.rb:3120:in `test_AddCustomPrivacyPolicy'
/Users/admin/.rvm/gems/ruby-2.2.1/gems/test-unit-2.5.5/lib/test/unit/testcase.rb:691:in `run_test'
/Users/admin/.rvm/gems/ruby-2.2.1/gems/test-unit-2.5.5/lib/test/unit/testcase.rb:431:in `run'
/Users/admin/.rvm/gems/ruby-2.2.1/gems/test-unit-2.5.5/lib/test/unit/testsuite.rb:121:in `run_test'
/Users/admin/.rvm/gems/ruby-2.2.1/gems/test-unit-2.5.5/lib/test/unit/testsuite.rb:53:in `run'
/Users/admin/.rvm/gems/ruby-2.2.1/gems/test-unit-2.5.5/lib/test/unit/testsuite.rb:121:in `run_test'
/Users/admin/.rvm/gems/ruby-2.2.1/gems/test-unit-2.5.5/lib/test/unit/testsuite.rb:53:in `run'
/Users/admin/.rvm/gems/ruby-2.2.1/gems/test-unit-2.5.5/lib/test/unit/testsuite.rb:121:in `run_test'
/Users/admin/.rvm/gems/ruby-2.2.1/gems/test-unit-2.5.5/lib/test/unit/testsuite.rb:53:in `run'
/Users/admin/.rvm/gems/ruby-2.2.1/gems/test-unit-2.5.5/lib/test/unit/ui/testrunnermediator.rb:65:in `run_suite'
/Users/admin/.rvm/gems/ruby-2.2.1/gems/test-unit-2.5.5/lib/test/unit/ui/testrunnermediator.rb:44:in `block in run'
/Users/admin/.rvm/gems/ruby-2.2.1/gems/test-unit-2.5.5/lib/test/unit/ui/testrunnermediator.rb:100:in `with_listener'
/Users/admin/.rvm/gems/ruby-2.2.1/gems/test-unit-2.5.5/lib/test/unit/ui/testrunnermediator.rb:40:in `run'
/Users/admin/.rvm/gems/ruby-2.2.1/gems/test-unit-2.5.5/lib/test/unit/ui/testrunner.rb:40:in `start_mediator'
/Users/admin/.rvm/gems/ruby-2.2.1/gems/test-unit-2.5.5/lib/test/unit/ui/testrunner.rb:25:in `start'
/Users/admin/.rvm/gems/ruby-2.2.1/gems/test-unit-2.5.5/lib/test/unit/ui/testrunnerutilities.rb:24:in `run'
/Users/admin/.rvm/gems/ruby-2.2.1/gems/test-unit-2.5.5/lib/test/unit/autorunner.rb:409:in `block in run'
/Users/admin/.rvm/gems/ruby-2.2.1/gems/test-unit-2.5.5/lib/test/unit/autorunner.rb:465:in `change_work_directory'
/Users/admin/.rvm/gems/ruby-2.2.1/gems/test-unit-2.5.5/lib/test/unit/autorunner.rb:408:in `run'
/Users/admin/.rvm/gems/ruby-2.2.1/gems/test-unit-2.5.5/lib/test/unit/autorunner.rb:59:in `run'
/Users/admin/.rvm/gems/ruby-2.2.1/gems/test-unit-2.5.5/lib/test/unit.rb:502:in `block (2 levels) in &lt;top (required)&gt;'    </error>
  </testcase>
  <testcase name="test_job_board_tc64" time="63.638787" assertions="0">
    <error type="Selenium::WebDriver::Error::TimeOutError" message="timed out after 30 seconds (Unable to locate element: {&quot;method&quot;:&quot;xpath&quot;,&quot;selector&quot;:&quot;.//*[@id='j_id0:j_id1:atsForm:j_id40:1:searchCtrl']&quot;})">
timed out after 30 seconds (Unable to locate element: {"method":"xpath","selector":".//*[@id='j_id0:j_id1:atsForm:j_id40:1:searchCtrl']"}) (Selenium::WebDriver::Error::TimeOutError)
/Users/admin/.rvm/gems/ruby-2.2.1/gems/selenium-webdriver-2.52.0/lib/selenium/webdriver/common/wait.rb:76:in `until'
/Users/admin/Desktop/job-automation/jobscience/lib/New_Automation/common.rb:85:in `displayed'
/Users/admin/Desktop/job-automation/jobscience/lib/New_Automation/common.rb:233:in `block in main'
/Users/admin/Desktop/job-automation/jobscience/lib/New_Automation/common.rb:226:in `each'
/Users/admin/Desktop/job-automation/jobscience/lib/New_Automation/common.rb:226:in `main'
/Users/admin/Desktop/job-automation/jobscience/lib/New_Automation/test_job_board.rb:63:in `test_job_board_tc64'
/Users/admin/.rvm/gems/ruby-2.2.1/gems/test-unit-2.5.5/lib/test/unit/testcase.rb:691:in `run_test'
/Users/admin/.rvm/gems/ruby-2.2.1/gems/test-unit-2.5.5/lib/test/unit/testcase.rb:431:in `run'
/Users/admin/.rvm/gems/ruby-2.2.1/gems/test-unit-2.5.5/lib/test/unit/testsuite.rb:121:in `run_test'
/Users/admin/.rvm/gems/ruby-2.2.1/gems/test-unit-2.5.5/lib/test/unit/testsuite.rb:53:in `run'
/Users/admin/.rvm/gems/ruby-2.2.1/gems/test-unit-2.5.5/lib/test/unit/testsuite.rb:121:in `run_test'
/Users/admin/.rvm/gems/ruby-2.2.1/gems/test-unit-2.5.5/lib/test/unit/testsuite.rb:53:in `run'
/Users/admin/.rvm/gems/ruby-2.2.1/gems/test-unit-2.5.5/lib/test/unit/testsuite.rb:121:in `run_test'
/Users/admin/.rvm/gems/ruby-2.2.1/gems/test-unit-2.5.5/lib/test/unit/testsuite.rb:53:in `run'
/Users/admin/.rvm/gems/ruby-2.2.1/gems/test-unit-2.5.5/lib/test/unit/ui/testrunnermediator.rb:65:in `run_suite'
/Users/admin/.rvm/gems/ruby-2.2.1/gems/test-unit-2.5.5/lib/test/unit/ui/testrunnermediator.rb:44:in `block in run'
/Users/admin/.rvm/gems/ruby-2.2.1/gems/test-unit-2.5.5/lib/test/unit/ui/testrunnermediator.rb:100:in `with_listener'
/Users/admin/.rvm/gems/ruby-2.2.1/gems/test-unit-2.5.5/lib/test/unit/ui/testrunnermediator.rb:40:in `run'
/Users/admin/.rvm/gems/ruby-2.2.1/gems/test-unit-2.5.5/lib/test/unit/ui/testrunner.rb:40:in `start_mediator'
/Users/admin/.rvm/gems/ruby-2.2.1/gems/test-unit-2.5.5/lib/test/unit/ui/testrunner.rb:25:in `start'
/Users/admin/.rvm/gems/ruby-2.2.1/gems/test-unit-2.5.5/lib/test/unit/ui/testrunnerutilities.rb:24:in `run'
/Users/admin/.rvm/gems/ruby-2.2.1/gems/test-unit-2.5.5/lib/test/unit/autorunner.rb:409:in `block in run'
/Users/admin/.rvm/gems/ruby-2.2.1/gems/test-unit-2.5.5/lib/test/unit/autorunner.rb:465:in `change_work_directory'
/Users/admin/.rvm/gems/ruby-2.2.1/gems/test-unit-2.5.5/lib/test/unit/autorunner.rb:408:in `run'
/Users/admin/.rvm/gems/ruby-2.2.1/gems/test-unit-2.5.5/lib/test/unit/autorunner.rb:59:in `run'
/Users/admin/.rvm/gems/ruby-2.2.1/gems/test-unit-2.5.5/lib/test/unit.rb:502:in `block (2 levels) in &lt;top (required)&gt;'    </error>
  </testcase>
  <testcase name="test_job_board_tc923" time="57.574748" assertions="0">
    <error type="Selenium::WebDriver::Error::NoSuchWindowError" message="Window not found. The browser window may have been closed.">
Window not found. The browser window may have been closed. (Selenium::WebDriver::Error::NoSuchWindowError)
[remote server] file:///var/folders/y5/smgr16q14vq3zqr17x_76rwr0000gn/T/webdriver-profile20160302-945-1rjhyhc/extensions/fxdriver@googlecode.com/components/command-processor.js:12668:in `nsCommandProcessor.prototype.execute'
[remote server] file:///var/folders/y5/smgr16q14vq3zqr17x_76rwr0000gn/T/webdriver-profile20160302-945-1rjhyhc/extensions/fxdriver@googlecode.com/components/driver-component.js:9511:in `Dispatcher.executeAs/&lt;'
[remote server] file:///var/folders/y5/smgr16q14vq3zqr17x_76rwr0000gn/T/webdriver-profile20160302-945-1rjhyhc/extensions/fxdriver@googlecode.com/components/driver-component.js:9658:in `Resource.prototype.handle'
[remote server] file:///var/folders/y5/smgr16q14vq3zqr17x_76rwr0000gn/T/webdriver-profile20160302-945-1rjhyhc/extensions/fxdriver@googlecode.com/components/driver-component.js:9605:in `Dispatcher.prototype.dispatch'
[remote server] file:///var/folders/y5/smgr16q14vq3zqr17x_76rwr0000gn/T/webdriver-profile20160302-945-1rjhyhc/extensions/fxdriver@googlecode.com/components/driver-component.js:12470:in `WebDriverServer/&lt;.handle'
[remote server] file:///var/folders/y5/smgr16q14vq3zqr17x_76rwr0000gn/T/webdriver-profile20160302-945-1rjhyhc/extensions/fxdriver@googlecode.com/components/httpd.js:2054:in `createHandlerFunc/&lt;'
[remote server] file:///var/folders/y5/smgr16q14vq3zqr17x_76rwr0000gn/T/webdriver-profile20160302-945-1rjhyhc/extensions/fxdriver@googlecode.com/components/httpd.js:2387:in `ServerHandler.prototype.handleResponse'
[remote server] file:///var/folders/y5/smgr16q14vq3zqr17x_76rwr0000gn/T/webdriver-profile20160302-945-1rjhyhc/extensions/fxdriver@googlecode.com/components/httpd.js:1223:in `Connection.prototype.process'
[remote server] file:///var/folders/y5/smgr16q14vq3zqr17x_76rwr0000gn/T/webdriver-profile20160302-945-1rjhyhc/extensions/fxdriver@googlecode.com/components/httpd.js:1677:in `RequestReader.prototype._handleResponse'
[remote server] file:///var/folders/y5/smgr16q14vq3zqr17x_76rwr0000gn/T/webdriver-profile20160302-945-1rjhyhc/extensions/fxdriver@googlecode.com/components/httpd.js:1525:in `RequestReader.prototype._processBody'
[remote server] file:///var/folders/y5/smgr16q14vq3zqr17x_76rwr0000gn/T/webdriver-profile20160302-945-1rjhyhc/extensions/fxdriver@googlecode.com/components/httpd.js:1393:in `RequestReader.prototype.onInputStreamReady'
/Users/admin/.rvm/gems/ruby-2.2.1/gems/selenium-webdriver-2.52.0/lib/selenium/webdriver/remote/response.rb:70:in `assert_ok'
/Users/admin/.rvm/gems/ruby-2.2.1/gems/selenium-webdriver-2.52.0/lib/selenium/webdriver/remote/response.rb:34:in `initialize'
/Users/admin/.rvm/gems/ruby-2.2.1/gems/selenium-webdriver-2.52.0/lib/selenium/webdriver/remote/http/common.rb:78:in `new'
/Users/admin/.rvm/gems/ruby-2.2.1/gems/selenium-webdriver-2.52.0/lib/selenium/webdriver/remote/http/common.rb:78:in `create_response'
/Users/admin/.rvm/gems/ruby-2.2.1/gems/selenium-webdriver-2.52.0/lib/selenium/webdriver/remote/http/default.rb:90:in `request'
/Users/admin/.rvm/gems/ruby-2.2.1/gems/selenium-webdriver-2.52.0/lib/selenium/webdriver/remote/http/common.rb:59:in `call'
/Users/admin/.rvm/gems/ruby-2.2.1/gems/selenium-webdriver-2.52.0/lib/selenium/webdriver/remote/bridge.rb:645:in `raw_execute'
/Users/admin/.rvm/gems/ruby-2.2.1/gems/selenium-webdriver-2.52.0/lib/selenium/webdriver/remote/bridge.rb:623:in `execute'
/Users/admin/.rvm/gems/ruby-2.2.1/gems/selenium-webdriver-2.52.0/lib/selenium/webdriver/remote/bridge.rb:592:in `find_element_by'
/Users/admin/.rvm/gems/ruby-2.2.1/gems/selenium-webdriver-2.52.0/lib/selenium/webdriver/common/search_context.rb:61:in `find_element'
/Users/admin/Desktop/job-automation/jobscience/lib/New_Automation/common.rb:86:in `block in displayed'
/Users/admin/.rvm/gems/ruby-2.2.1/gems/selenium-webdriver-2.52.0/lib/selenium/webdriver/common/wait.rb:58:in `until'
/Users/admin/Desktop/job-automation/jobscience/lib/New_Automation/common.rb:85:in `displayed'
/Users/admin/Desktop/job-automation/jobscience/lib/New_Automation/common.rb:233:in `block in main'
/Users/admin/Desktop/job-automation/jobscience/lib/New_Automation/common.rb:226:in `each'
/Users/admin/Desktop/job-automation/jobscience/lib/New_Automation/common.rb:226:in `main'
/Users/admin/Desktop/job-automation/jobscience/lib/New_Automation/test_job_board.rb:3110:in `test_job_board_tc923'
/Users/admin/.rvm/gems/ruby-2.2.1/gems/test-unit-2.5.5/lib/test/unit/testcase.rb:691:in `run_test'
/Users/admin/.rvm/gems/ruby-2.2.1/gems/test-unit-2.5.5/lib/test/unit/testcase.rb:431:in `run'
/Users/admin/.rvm/gems/ruby-2.2.1/gems/test-unit-2.5.5/lib/test/unit/testsuite.rb:121:in `run_test'
/Users/admin/.rvm/gems/ruby-2.2.1/gems/test-unit-2.5.5/lib/test/unit/testsuite.rb:53:in `run'
/Users/admin/.rvm/gems/ruby-2.2.1/gems/test-unit-2.5.5/lib/test/unit/testsuite.rb:121:in `run_test'
/Users/admin/.rvm/gems/ruby-2.2.1/gems/test-unit-2.5.5/lib/test/unit/testsuite.rb:53:in `run'
/Users/admin/.rvm/gems/ruby-2.2.1/gems/test-unit-2.5.5/lib/test/unit/testsuite.rb:121:in `run_test'
/Users/admin/.rvm/gems/ruby-2.2.1/gems/test-unit-2.5.5/lib/test/unit/testsuite.rb:53:in `run'
/Users/admin/.rvm/gems/ruby-2.2.1/gems/test-unit-2.5.5/lib/test/unit/ui/testrunnermediator.rb:65:in `run_suite'
/Users/admin/.rvm/gems/ruby-2.2.1/gems/test-unit-2.5.5/lib/test/unit/ui/testrunnermediator.rb:44:in `block in run'
/Users/admin/.rvm/gems/ruby-2.2.1/gems/test-unit-2.5.5/lib/test/unit/ui/testrunnermediator.rb:100:in `with_listener'
/Users/admin/.rvm/gems/ruby-2.2.1/gems/test-unit-2.5.5/lib/test/unit/ui/testrunnermediator.rb:40:in `run'
/Users/admin/.rvm/gems/ruby-2.2.1/gems/test-unit-2.5.5/lib/test/unit/ui/testrunner.rb:40:in `start_mediator'
/Users/admin/.rvm/gems/ruby-2.2.1/gems/test-unit-2.5.5/lib/test/unit/ui/testrunner.rb:25:in `start'
/Users/admin/.rvm/gems/ruby-2.2.1/gems/test-unit-2.5.5/lib/test/unit/ui/testrunnerutilities.rb:24:in `run'
/Users/admin/.rvm/gems/ruby-2.2.1/gems/test-unit-2.5.5/lib/test/unit/autorunner.rb:409:in `block in run'
/Users/admin/.rvm/gems/ruby-2.2.1/gems/test-unit-2.5.5/lib/test/unit/autorunner.rb:465:in `change_work_directory'
/Users/admin/.rvm/gems/ruby-2.2.1/gems/test-unit-2.5.5/lib/test/unit/autorunner.rb:408:in `run'
/Users/admin/.rvm/gems/ruby-2.2.1/gems/test-unit-2.5.5/lib/test/unit/autorunner.rb:59:in `run'
/Users/admin/.rvm/gems/ruby-2.2.1/gems/test-unit-2.5.5/lib/test/unit.rb:502:in `block (2 levels) in &lt;top (required)&gt;'    </error>
    <error type="Selenium::WebDriver::Error::NoSuchWindowError" message="Window not found. The browser window may have been closed.">
Window not found. The browser window may have been closed. (Selenium::WebDriver::Error::NoSuchWindowError)
[remote server] file:///var/folders/y5/smgr16q14vq3zqr17x_76rwr0000gn/T/webdriver-profile20160302-945-1rjhyhc/extensions/fxdriver@googlecode.com/components/command-processor.js:12668:in `nsCommandProcessor.prototype.execute'
[remote server] file:///var/folders/y5/smgr16q14vq3zqr17x_76rwr0000gn/T/webdriver-profile20160302-945-1rjhyhc/extensions/fxdriver@googlecode.com/components/driver-component.js:9511:in `Dispatcher.executeAs/&lt;'
[remote server] file:///var/folders/y5/smgr16q14vq3zqr17x_76rwr0000gn/T/webdriver-profile20160302-945-1rjhyhc/extensions/fxdriver@googlecode.com/components/driver-component.js:9658:in `Resource.prototype.handle'
[remote server] file:///var/folders/y5/smgr16q14vq3zqr17x_76rwr0000gn/T/webdriver-profile20160302-945-1rjhyhc/extensions/fxdriver@googlecode.com/components/driver-component.js:9605:in `Dispatcher.prototype.dispatch'
[remote server] file:///var/folders/y5/smgr16q14vq3zqr17x_76rwr0000gn/T/webdriver-profile20160302-945-1rjhyhc/extensions/fxdriver@googlecode.com/components/driver-component.js:12470:in `WebDriverServer/&lt;.handle'
[remote server] file:///var/folders/y5/smgr16q14vq3zqr17x_76rwr0000gn/T/webdriver-profile20160302-945-1rjhyhc/extensions/fxdriver@googlecode.com/components/httpd.js:2054:in `createHandlerFunc/&lt;'
[remote server] file:///var/folders/y5/smgr16q14vq3zqr17x_76rwr0000gn/T/webdriver-profile20160302-945-1rjhyhc/extensions/fxdriver@googlecode.com/components/httpd.js:2387:in `ServerHandler.prototype.handleResponse'
[remote server] file:///var/folders/y5/smgr16q14vq3zqr17x_76rwr0000gn/T/webdriver-profile20160302-945-1rjhyhc/extensions/fxdriver@googlecode.com/components/httpd.js:1223:in `Connection.prototype.process'
[remote server] file:///var/folders/y5/smgr16q14vq3zqr17x_76rwr0000gn/T/webdriver-profile20160302-945-1rjhyhc/extensions/fxdriver@googlecode.com/components/httpd.js:1677:in `RequestReader.prototype._handleResponse'
[remote server] file:///var/folders/y5/smgr16q14vq3zqr17x_76rwr0000gn/T/webdriver-profile20160302-945-1rjhyhc/extensions/fxdriver@googlecode.com/components/httpd.js:1525:in `RequestReader.prototype._processBody'
[remote server] file:///var/folders/y5/smgr16q14vq3zqr17x_76rwr0000gn/T/webdriver-profile20160302-945-1rjhyhc/extensions/fxdriver@googlecode.com/components/httpd.js:1393:in `RequestReader.prototype.onInputStreamReady'
/Users/admin/.rvm/gems/ruby-2.2.1/gems/selenium-webdriver-2.52.0/lib/selenium/webdriver/remote/response.rb:70:in `assert_ok'
/Users/admin/.rvm/gems/ruby-2.2.1/gems/selenium-webdriver-2.52.0/lib/selenium/webdriver/remote/response.rb:34:in `initialize'
/Users/admin/.rvm/gems/ruby-2.2.1/gems/selenium-webdriver-2.52.0/lib/selenium/webdriver/remote/http/common.rb:78:in `new'
/Users/admin/.rvm/gems/ruby-2.2.1/gems/selenium-webdriver-2.52.0/lib/selenium/webdriver/remote/http/common.rb:78:in `create_response'
/Users/admin/.rvm/gems/ruby-2.2.1/gems/selenium-webdriver-2.52.0/lib/selenium/webdriver/remote/http/default.rb:90:in `request'
/Users/admin/.rvm/gems/ruby-2.2.1/gems/selenium-webdriver-2.52.0/lib/selenium/webdriver/remote/http/common.rb:59:in `call'
/Users/admin/.rvm/gems/ruby-2.2.1/gems/selenium-webdriver-2.52.0/lib/selenium/webdriver/remote/bridge.rb:645:in `raw_execute'
/Users/admin/.rvm/gems/ruby-2.2.1/gems/selenium-webdriver-2.52.0/lib/selenium/webdriver/remote/bridge.rb:623:in `execute'
/Users/admin/.rvm/gems/ruby-2.2.1/gems/selenium-webdriver-2.52.0/lib/selenium/webdriver/remote/bridge.rb:222:in `close'
/Users/admin/.rvm/gems/ruby-2.2.1/gems/selenium-webdriver-2.52.0/lib/selenium/webdriver/common/driver.rb:183:in `close'
/Users/admin/Desktop/job-automation/jobscience/lib/New_Automation/test_basic.rb:33:in `teardown'
/Users/admin/.rvm/gems/ruby-2.2.1/gems/test-unit-2.5.5/lib/test/unit/fixture.rb:202:in `block in run_fixture_callback'
/Users/admin/.rvm/gems/ruby-2.2.1/gems/test-unit-2.5.5/lib/test/unit/fixture.rb:207:in `call'
/Users/admin/.rvm/gems/ruby-2.2.1/gems/test-unit-2.5.5/lib/test/unit/fixture.rb:207:in `run_fixture_callback'
/Users/admin/.rvm/gems/ruby-2.2.1/gems/test-unit-2.5.5/lib/test/unit/fixture.rb:190:in `block in run_fixture'
/Users/admin/.rvm/gems/ruby-2.2.1/gems/test-unit-2.5.5/lib/test/unit/fixture.rb:189:in `each'
/Users/admin/.rvm/gems/ruby-2.2.1/gems/test-unit-2.5.5/lib/test/unit/fixture.rb:189:in `run_fixture'
/Users/admin/.rvm/gems/ruby-2.2.1/gems/test-unit-2.5.5/lib/test/unit/fixture.rb:223:in `run_teardown'
/Users/admin/.rvm/gems/ruby-2.2.1/gems/test-unit-2.5.5/lib/test/unit/testcase.rb:439:in `run'
/Users/admin/.rvm/gems/ruby-2.2.1/gems/test-unit-2.5.5/lib/test/unit/testsuite.rb:121:in `run_test'
/Users/admin/.rvm/gems/ruby-2.2.1/gems/test-unit-2.5.5/lib/test/unit/testsuite.rb:53:in `run'
/Users/admin/.rvm/gems/ruby-2.2.1/gems/test-unit-2.5.5/lib/test/unit/testsuite.rb:121:in `run_test'
/Users/admin/.rvm/gems/ruby-2.2.1/gems/test-unit-2.5.5/lib/test/unit/testsuite.rb:53:in `run'
/Users/admin/.rvm/gems/ruby-2.2.1/gems/test-unit-2.5.5/lib/test/unit/testsuite.rb:121:in `run_test'
/Users/admin/.rvm/gems/ruby-2.2.1/gems/test-unit-2.5.5/lib/test/unit/testsuite.rb:53:in `run'
/Users/admin/.rvm/gems/ruby-2.2.1/gems/test-unit-2.5.5/lib/test/unit/ui/testrunnermediator.rb:65:in `run_suite'
/Users/admin/.rvm/gems/ruby-2.2.1/gems/test-unit-2.5.5/lib/test/unit/ui/testrunnermediator.rb:44:in `block in run'
/Users/admin/.rvm/gems/ruby-2.2.1/gems/test-unit-2.5.5/lib/test/unit/ui/testrunnermediator.rb:100:in `with_listener'
/Users/admin/.rvm/gems/ruby-2.2.1/gems/test-unit-2.5.5/lib/test/unit/ui/testrunnermediator.rb:40:in `run'
/Users/admin/.rvm/gems/ruby-2.2.1/gems/test-unit-2.5.5/lib/test/unit/ui/testrunner.rb:40:in `start_mediator'
/Users/admin/.rvm/gems/ruby-2.2.1/gems/test-unit-2.5.5/lib/test/unit/ui/testrunner.rb:25:in `start'
/Users/admin/.rvm/gems/ruby-2.2.1/gems/test-unit-2.5.5/lib/test/unit/ui/testrunnerutilities.rb:24:in `run'
/Users/admin/.rvm/gems/ruby-2.2.1/gems/test-unit-2.5.5/lib/test/unit/autorunner.rb:409:in `block in run'
/Users/admin/.rvm/gems/ruby-2.2.1/gems/test-unit-2.5.5/lib/test/unit/autorunner.rb:465:in `change_work_directory'
/Users/admin/.rvm/gems/ruby-2.2.1/gems/test-unit-2.5.5/lib/test/unit/autorunner.rb:408:in `run'
/Users/admin/.rvm/gems/ruby-2.2.1/gems/test-unit-2.5.5/lib/test/unit/autorunner.rb:59:in `run'
/Users/admin/.rvm/gems/ruby-2.2.1/gems/test-unit-2.5.5/lib/test/unit.rb:502:in `block (2 levels) in &lt;top (required)&gt;'    </error>
  </testcase>
  <system-out>

main

displayed
click
displayed
click
displayed
set_text
set_text
set_text
click
displayed

main

displayed

main

displayed
click
displayed
click
displayed
set_text
set_text
set_text
set_text
set_text
set_text
set_text
click
displayed

main

displayed
click
displayed
  </system-out>
</testsuite>
