<?xml version="1.0" encoding="UTF-8"?>
<testsuite name="TestResume" tests="1" time="50.23437" failures="0" errors="0" skipped="0" assertions="1" timestamp="2016-03-18T12:41:23-03:00">
  <testcase name="test_contactUpdateResumeValidation" time="50.234007" assertions="1">
  </testcase>
  <system-out>

main

displayed
click
displayed
click_and_load
displayed
click_and_load
displayed
click

main

displayed
click

main

displayed
click
set_text
click

main

displayed
click
displayed
click

main

displayed
upload
https://ts2.na17.visual.force.com/apex/ResumeAddUpdateBackend?scontrolCaching=1&amp;id=003o000000q4FKz
upload
click
  </system-out>
</testsuite>
