<?xml version="1.0" encoding="UTF-8"?>
<testsuite name="TestResume" tests="1" time="44.517837" failures="0" errors="0" skipped="0" assertions="1" timestamp="2016-03-17T17:19:30-03:00">
  <testcase name="test_UploadRederralResume" time="44.51749" assertions="1">
  </testcase>
  <system-out>

main

displayed
click
displayed
click
displayed
set_text
click
displayed
set_text
set_text
set_text
upload
http://js-recruiting-148857d918a-14910044900.force.com/internal/ts2__JobReferrals
upload
click
  </system-out>
</testsuite>
