<?xml version="1.0" encoding="UTF-8"?>
<testsuite name="TestJobTemplates" tests="1" time="33.816485" failures="0" errors="0" skipped="0" assertions="1" timestamp="2016-03-11T16:34:54-03:00">
  <testcase name="test_newJobTemplate" time="33.815944" assertions="1">
  </testcase>
  <system-out>

main

displayed
click_and_load
displayed
set_text
click_and_load

main

displayed
click_and_load
displayed
set_text
set_text
click_and_load
  </system-out>
</testsuite>
