<?xml version="1.0" encoding="UTF-8"?>
<testsuite name="TestBoardSetup" tests="8" time="895.373814" failures="0" errors="1" skipped="0" assertions="2" timestamp="2016-03-04T18:05:15-03:00">
  <testcase name="test_RSSFeddCustomizableFields" time="94.400643" assertions="1">
  </testcase>
  <testcase name="test_board_setup_tc1051" time="194.034166" assertions="0">
  </testcase>
  <testcase name="test_board_setup_tc1052" time="192.296018" assertions="0">
  </testcase>
  <testcase name="test_board_setup_tc1053" time="57.465536" assertions="1">
  </testcase>
  <testcase name="test_board_setup_tc1054" time="90.275738" assertions="0">
    <error type="Selenium::WebDriver::Error::TimeOutError" message="timed out after 30 seconds (Unable to locate element: {&quot;method&quot;:&quot;xpath&quot;,&quot;selector&quot;:&quot;.//*[@name='j_id0:j_id1:atsForm:j_id51']&quot;})">
timed out after 30 seconds (Unable to locate element: {"method":"xpath","selector":".//*[@name='j_id0:j_id1:atsForm:j_id51']"}) (Selenium::WebDriver::Error::TimeOutError)
/Library/Ruby/Gems/2.0.0/gems/selenium-webdriver-2.52.0/lib/selenium/webdriver/common/wait.rb:76:in `until'
/Users/admin/Desktop/automations_jobscience/jobscience/lib/New_Automation/tests/common.rb:87:in `displayed'
/Users/admin/Desktop/automations_jobscience/jobscience/lib/New_Automation/tests/common.rb:270:in `block in main'
/Users/admin/Desktop/automations_jobscience/jobscience/lib/New_Automation/tests/common.rb:263:in `each'
/Users/admin/Desktop/automations_jobscience/jobscience/lib/New_Automation/tests/common.rb:263:in `main'
/Users/admin/Desktop/automations_jobscience/jobscience/lib/New_Automation/tests/test_board_setup.rb:549:in `test_board_setup_tc1054'
/Library/Ruby/Gems/2.0.0/gems/test-unit-2.5.5/lib/test/unit/testcase.rb:691:in `run_test'
/Library/Ruby/Gems/2.0.0/gems/test-unit-2.5.5/lib/test/unit/testcase.rb:431:in `run'
/Library/Ruby/Gems/2.0.0/gems/test-unit-2.5.5/lib/test/unit/testsuite.rb:121:in `run_test'
/Library/Ruby/Gems/2.0.0/gems/test-unit-2.5.5/lib/test/unit/testsuite.rb:53:in `run'
/Library/Ruby/Gems/2.0.0/gems/test-unit-2.5.5/lib/test/unit/testsuite.rb:121:in `run_test'
/Library/Ruby/Gems/2.0.0/gems/test-unit-2.5.5/lib/test/unit/testsuite.rb:53:in `run'
/Library/Ruby/Gems/2.0.0/gems/test-unit-2.5.5/lib/test/unit/testsuite.rb:121:in `run_test'
/Library/Ruby/Gems/2.0.0/gems/test-unit-2.5.5/lib/test/unit/testsuite.rb:53:in `run'
/Library/Ruby/Gems/2.0.0/gems/test-unit-2.5.5/lib/test/unit/ui/testrunnermediator.rb:65:in `run_suite'
/Library/Ruby/Gems/2.0.0/gems/test-unit-2.5.5/lib/test/unit/ui/testrunnermediator.rb:44:in `block in run'
/Library/Ruby/Gems/2.0.0/gems/test-unit-2.5.5/lib/test/unit/ui/testrunnermediator.rb:100:in `with_listener'
/Library/Ruby/Gems/2.0.0/gems/test-unit-2.5.5/lib/test/unit/ui/testrunnermediator.rb:40:in `run'
/Library/Ruby/Gems/2.0.0/gems/test-unit-2.5.5/lib/test/unit/ui/testrunner.rb:40:in `start_mediator'
/Library/Ruby/Gems/2.0.0/gems/test-unit-2.5.5/lib/test/unit/ui/testrunner.rb:25:in `start'
/Library/Ruby/Gems/2.0.0/gems/test-unit-2.5.5/lib/test/unit/ui/testrunnerutilities.rb:24:in `run'
/Library/Ruby/Gems/2.0.0/gems/test-unit-2.5.5/lib/test/unit/autorunner.rb:409:in `block in run'
/Library/Ruby/Gems/2.0.0/gems/test-unit-2.5.5/lib/test/unit/autorunner.rb:465:in `change_work_directory'
/Library/Ruby/Gems/2.0.0/gems/test-unit-2.5.5/lib/test/unit/autorunner.rb:408:in `run'
/Library/Ruby/Gems/2.0.0/gems/test-unit-2.5.5/lib/test/unit/autorunner.rb:59:in `run'
/Library/Ruby/Gems/2.0.0/gems/test-unit-2.5.5/lib/test/unit.rb:502:in `block (2 levels) in &lt;top (required)&gt;'    </error>
  </testcase>
  <testcase name="test_board_setup_tc1055" time="116.962069" assertions="0">
  </testcase>
  <testcase name="test_board_setup_tc1056" time="75.571377" assertions="0">
  </testcase>
  <testcase name="test_board_setup_tc1057" time="74.366602" assertions="0">
  </testcase>
  <system-out>

main

displayed
.//*[@id='bodyCell']/div[3]/div[1]/div/div[2]/table/tbody/tr[2]/th/a
click
displayed
.//*[@id='topButtonRow']/input[4]
click
displayed
.//*[@id='j_id0:frm:j_id33:j_id34']/input[1]
click
displayed
.//*[@id='j_id0:frm:j_id33:j_id34']/input[1]
click
displayed
.//*[@id='j_id0:frm:j_id33:j_id34']/input[1]
click
displayed
.//*[@id='j_id0:frm:j_id33:j_id151']/div[2]/table/tbody/tr[3]/td/a
click
firefox

main

displayed
.//*[@id='bodyCell']/div[3]/div[1]/div/div[2]/table/tbody/tr[2]/th/a
click
displayed
.//*[@id='topButtonRow']/input[1]
click
unchecked
((.//*[@class='detailList'])[1])/tbody/tr[9]/td[2]//*[@type='checkbox'][not (@checked='checked')]
unchecked
((.//*[@class='detailList'])[1])/tbody/tr[10]/td[2]//*[@type='checkbox'][not (@checked='checked')]
unchecked
.//*[@id='j_id0:frm:PageBlock:j_id32:j_id54'][not (@checked='checked')]
unchecked
((.//*[@class='detailList'])[1])/tbody/tr[12]/td[2]//*[@type='checkbox'][not (@checked='checked')]
click
displayed
.//*[@id='topButtonRow']/input[1]

main

displayed
.//*[@id='js-menu-register']/a
click
displayed
.//*[@id='j_id0:j_id1:atsForm:email']
set_text
set_text
set_text
set_text
set_text_exist
click
displayed
.//*[@id='atsApplicationSubmittedMain'][text()[contains(.,'You have successfully registered')]]

main

displayed
.//*[@id='bodyCell']/div[3]/div[1]/div/div[2]/table/tbody/tr[2]/th/a
click
displayed
.//*[@id='topButtonRow']/input[1]
click
checked
((.//*[@class='detailList'])[1])/tbody/tr[9]/td[2]//*[@type='checkbox'][@checked='checked']
Error
checked
((.//*[@class='detailList'])[1])/tbody/tr[10]/td[2]//*[@type='checkbox'][@checked='checked']
Error
checked
.//*[@id='j_id0:frm:PageBlock:j_id32:j_id54'][@checked='checked']
Error
checked
((.//*[@class='detailList'])[1])/tbody/tr[12]/td[2]//*[@type='checkbox'][@checked='checked']
Error
click
displayed
.//*[@id='topButtonRow']/input[1]

main

displayed
.//*[@id='js-menu-register']/a
click
displayed
.//*[@id='j_id0:j_id1:atsForm:email']
set_text
set_text
set_text
set_text_exist
error in set_text_exist
click
displayed
.//*[@id='atsApplicationSubmittedMain'][text()[contains(.,'You have successfully registered')]]

main

displayed
.//*[@id='bodyCell']/div[3]/div[1]/div/div[2]/table/tbody/tr[3]/th/a
click
displayed
.//*[@id='topButtonRow']/input[1]
click
set_text
set_text
set_text
click

main

displayed
.//*[@id='bodyCell']/div[3]/div[1]/div/div[2]/table/tbody/tr[2]/th/a
click
displayed
.//*[@id='topButtonRow']/input[1]
click
checked
((.//*[@class='detailList'])[4])/tbody/tr[6]/td[1]/input[@checked='checked']
click
displayed
.//*[@id='topButtonRow']/input[1]

main

displayed
.//*[@name='j_id0:j_id1:atsForm:j_id51']

main

displayed
.//*[@id='bodyCell']/div[3]/div[1]/div/div[2]/table/tbody/tr[2]/th/a
click
displayed
.//*[@id='topButtonRow']/input[1]
click
unchecked
((.//*[@class='detailList'])[4])/tbody/tr[6]/td[1]/input[not (@checked='checked')]
click
displayed
.//*[@id='topButtonRow']/input[1]

main

not displayed

main

displayed
.//*[@id='bodyCell']/div[3]/div[1]/div/div[2]/table/tbody/tr[2]/th/a
click
displayed
.//*[@id='topButtonRow']/input[1]
click
set_text
click
displayed
.//*[@id='topButtonRow']/input[1]

main

displayed
.//*[@id='bodyCell']/div[3]/div[1]/div/div[2]/table/tbody/tr[2]/th/a
click
displayed
.//*[@id='topButtonRow']/input[1]
click
set_text
click
displayed
.//*[@id='topButtonRow']/input[1]

main

displayed
.//*[@id='j_id0:j_id1:atsForm:atsSearchResultsTable:0:j_id82:0:j_id83']/a
click
  </system-out>
</testsuite>
